<?xml version="1.0" encoding="UTF-8"?>
  <testsuite name="ClusterLoaderV2" tests="0" failures="6" errors="0" time="5749.082">
      <testcase name="load overall (/home/oliviavuong/clusterloader2/cl2_linux/perf-tests/clusterloader2/olivias_test_files/load/test/load-og/config.yaml)" classname="ClusterLoaderV2" time="5749.035974964">
          <failure type="Failure">:0&#xA;[measurement call SchedulingThroughput - SchedulingThroughput error: scheduler throughput: actual throughput 33.000000 lower than threshold 100.000000&#xA;measurement call PodStartupLatency - PodStartupLatency error: pod startup: too high latency 50th percentile: got 9.441979902s expected: 5s&#xA;namespace test-fo8yut-1 object daemonset-0 deletion error: etcdserver: leader changed&#xA;namespace test-fo8yut-5 object pv-medium-statefulset-0-5 deletion error: etcdserver: leader changed&#xA;namespace test-fo8yut-2 object small-deployment-8 deletion error: etcdserver: leader changed&#xA;measurement call WaitForBoundPVCs - WaitForPVCsToBeDeleted error: timeout while waiting for 0 PVCs to be running in namespace &#39;&#39; with labels &#39;group = load&#39; and fields &#39;&#39; - only 1 found bound&#xA;measurement call TestMetrics - TestMetrics error: [action gather failed for SystemPodMetrics measurement: restart counts violation: RestartCount(ama-logs-rs-7894cc86f5-hg77h, ama-logs)=2, want &lt;= 0&#xA;action gather failed for ClusterOOMsTracker measurement: OOMs recorded: [{Node:aks-nodepool1-27831970-vmss000002 Process:mdsd ProcessMemory:1662532kB ProcessID:47987 Time:2024-06-04 12:50:17 -0700 PDT} {Node:aks-nodepool1-27831970-vmss000002 Process:main.sh ProcessMemory:4740kB ProcessID:47748 Time:2024-06-04 12:50:17 -0700 PDT} {Node:aks-nodepool1-27831970-vmss000002 Process:inotifywait ProcessMemory:2828kB ProcessID:47876 Time:2024-06-04 12:50:17 -0700 PDT} {Node:aks-nodepool1-27831970-vmss000002 Process:crond ProcessMemory:4544kB ProcessID:47979 Time:2024-06-04 12:50:17 -0700 PDT} {Node:aks-nodepool1-27831970-vmss000002 Process:fluentd ProcessMemory:180728kB ProcessID:48500 Time:2024-06-04 12:50:17 -0700 PDT} {Node:aks-nodepool1-27831970-vmss000002 Process:fluent-bit ProcessMemory:853548kB ProcessID:48501 Time:2024-06-04 12:50:17 -0700 PDT} {Node:aks-nodepool1-27831970-vmss000002 Process:ruby ProcessMemory:825216kB ProcessID:48626 Time:2024-06-04 12:50:17 -0700 PDT} {Node:aks-nodepool1-27831970-vmss000002 Process:mdsd ProcessMemory:1662532kB ProcessID:48030 Time:2024-06-04 12:50:17 -0700 PDT} {Node:aks-nodepool1-27831970-vmss000002 Process:flb-pipeline ProcessMemory:853548kB ProcessID:48612 Time:2024-06-04 12:50:17 -0700 PDT} {Node:aks-nodepool1-27831970-vmss000002 Process:flush_thread_0 ProcessMemory:825216kB ProcessID:49143 Time:2024-06-04 12:50:17 -0700 PDT} {Node:aks-nodepool1-27831970-vmss000002 Process:mdsd ProcessMemory:1618132kB ProcessID:206006 Time:2024-06-04 13:02:14 -0700 PDT} {Node:aks-nodepool1-27831970-vmss000002 Process:main.sh ProcessMemory:4752kB ProcessID:205924 Time:2024-06-04 13:02:14 -0700 PDT} {Node:aks-nodepool1-27831970-vmss000002 Process:inotifywait ProcessMemory:2828kB ProcessID:205946 Time:2024-06-04 13:02:14 -0700 PDT} {Node:aks-nodepool1-27831970-vmss000002 Process:crond ProcessMemory:4544kB ProcessID:205998 Time:2024-06-04 13:02:14 -0700 PDT} {Node:aks-nodepool1-27831970-vmss000002 Process:ruby ProcessMemory:800520kB ProcessID:206321 Time:2024-06-04 13:02:14 -0700 PDT} {Node:aks-nodepool1-27831970-vmss000002 Process:fluent-bit ProcessMemory:857644kB ProcessID:206291 Time:2024-06-04 13:02:14 -0700 PDT} {Node:aks-nodepool1-27831970-vmss000002 Process:mdsd ProcessMemory:1618132kB ProcessID:206013 Time:2024-06-04 13:02:14 -0700 PDT}]]]&#xA;:0</failure>
      </testcase>
      <testcase name="load: [step: 01] starting measurements [00] - APIResponsivenessPrometheus" classname="ClusterLoaderV2" time="0.279939859"></testcase>
      <testcase name="load: [step: 01] starting measurements [01] - APIResponsivenessPrometheusSimple" classname="ClusterLoaderV2" time="0.279182333"></testcase>
      <testcase name="load: [step: 01] starting measurements [02] - CreatePhasePodStartupLatency" classname="ClusterLoaderV2" time="0.378763421"></testcase>
      <testcase name="load: [step: 01] starting measurements [03] - InClusterNetworkLatency" classname="ClusterLoaderV2" time="0.281366569"></testcase>
      <testcase name="load: [step: 01] starting measurements [04] - SLOMeasurement" classname="ClusterLoaderV2" time="0.27805609"></testcase>
      <testcase name="load: [step: 01] starting measurements [05] - NetworkProgrammingLatency" classname="ClusterLoaderV2" time="0.280011108"></testcase>
      <testcase name="load: [step: 01] starting measurements [06] - Kube-proxy partial iptables restore failures" classname="ClusterLoaderV2" time="0.352427442"></testcase>
      <testcase name="load: [step: 01] starting measurements [07] - TestMetrics" classname="ClusterLoaderV2" time="5.916738773"></testcase>
      <testcase name="load: [step: 02] Creating k8s services" classname="ClusterLoaderV2" time="93.546713849"></testcase>
      <testcase name="load: [step: 03] Creating PriorityClass for DaemonSets" classname="ClusterLoaderV2" time="0.096436572"></testcase>
      <testcase name="load: [step: 04] create objects configmaps and secrets" classname="ClusterLoaderV2" time="161.591439297"></testcase>
      <testcase name="load: [step: 05] Starting measurement for &#39;create objects&#39; [00] - " classname="ClusterLoaderV2" time="1.801693712"></testcase>
      <testcase name="load: [step: 06] create objects" classname="ClusterLoaderV2" time="1498.997403878"></testcase>
      <testcase name="load: [step: 07] Waiting for &#39;create objects&#39; to be completed [00] - " classname="ClusterLoaderV2" time="141.180155551"></testcase>
      <testcase name="load: [step: 08] Creating scheduler throughput measurements [00] - HighThroughputPodStartupLatency" classname="ClusterLoaderV2" time="1.444492677"></testcase>
      <testcase name="load: [step: 08] Creating scheduler throughput measurements [01] - WaitForSchedulerThroughputDeployments" classname="ClusterLoaderV2" time="2.490227173"></testcase>
      <testcase name="load: [step: 08] Creating scheduler throughput measurements [02] - SchedulingThroughput" classname="ClusterLoaderV2" time="3.286405401"></testcase>
      <testcase name="load: [step: 09] create scheduler throughput pods" classname="ClusterLoaderV2" time="0.241212036"></testcase>
      <testcase name="load: [step: 10] Waiting for scheduler throughput pods to be created [00] - WaitForSchedulerThroughputDeployments" classname="ClusterLoaderV2" time="71.333645147"></testcase>
      <testcase name="load: [step: 11] Collecting scheduler throughput measurements [00] - HighThroughputPodStartupLatency" classname="ClusterLoaderV2" time="3.31557117"></testcase>
      <testcase name="load: [step: 11] Collecting scheduler throughput measurements [01] - SchedulingThroughput" classname="ClusterLoaderV2" time="0.080251728">
          <failure type="Failure">:0&#xA;[measurement call SchedulingThroughput - SchedulingThroughput error: scheduler throughput: actual throughput 33.000000 lower than threshold 100.000000]&#xA;:0</failure>
      </testcase>
      <testcase name="load: [step: 12] delete scheduler throughput pods" classname="ClusterLoaderV2" time="0.087087843"></testcase>
      <testcase name="load: [step: 13] Waiting for scheduler throughput pods to be deleted [00] - WaitForSchedulerThroughputDeployments" classname="ClusterLoaderV2" time="70.095425363"></testcase>
      <testcase name="load: [step: 14] Starting latency pod measurements [00] - PodStartupLatency" classname="ClusterLoaderV2" time="0.322391839"></testcase>
      <testcase name="load: [step: 14] Starting latency pod measurements [01] - WaitForRunningLatencyDeployments" classname="ClusterLoaderV2" time="0.321555977"></testcase>
      <testcase name="load: [step: 15] Creating latency pods" classname="ClusterLoaderV2" time="101.07328147"></testcase>
      <testcase name="load: [step: 16] Waiting for latency pods to be running [00] - WaitForRunningLatencyDeployments" classname="ClusterLoaderV2" time="43.08417161"></testcase>
      <testcase name="load: [step: 17] Deleting latency pods" classname="ClusterLoaderV2" time="49.995660551"></testcase>
      <testcase name="load: [step: 18] Waiting for latency pods to be deleted [00] - WaitForRunningLatencyDeployments" classname="ClusterLoaderV2" time="14.599572355"></testcase>
      <testcase name="load: [step: 19] Collecting pod startup latency [00] - PodStartupLatency" classname="ClusterLoaderV2" time="4.190711433">
          <failure type="Failure">:0&#xA;[measurement call PodStartupLatency - PodStartupLatency error: pod startup: too high latency 50th percentile: got 9.441979902s expected: 5s]&#xA;:0</failure>
      </testcase>
      <testcase name="load: [step: 20] Starting measurement for &#39;scale and update objects&#39; [00] - " classname="ClusterLoaderV2" time="0.087116113"></testcase>
      <testcase name="load: [step: 21] scale and update objects" classname="ClusterLoaderV2" time="375.14825194"></testcase>
      <testcase name="load: [step: 22] Waiting for &#39;scale and update objects&#39; to be completed [00] - " classname="ClusterLoaderV2" time="370.48311014"></testcase>
      <testcase name="load: [step: 23] Starting measurement for &#39;delete objects&#39; [00] - " classname="ClusterLoaderV2" time="0.44125207"></testcase>
      <testcase name="load: [step: 24] delete objects" classname="ClusterLoaderV2" time="1498.972588251">
          <failure type="Failure">:0&#xA;[namespace test-fo8yut-1 object daemonset-0 deletion error: etcdserver: leader changed&#xA;namespace test-fo8yut-5 object pv-medium-statefulset-0-5 deletion error: etcdserver: leader changed&#xA;namespace test-fo8yut-2 object small-deployment-8 deletion error: etcdserver: leader changed]&#xA;:0</failure>
      </testcase>
      <testcase name="load: [step: 25] Waiting for &#39;delete objects&#39; to be completed [00] - " classname="ClusterLoaderV2" time="5.38397804"></testcase>
      <testcase name="load: [step: 25] Waiting for &#39;delete objects&#39; to be completed [01] - WaitForPVCsToBeDeleted" classname="ClusterLoaderV2" time="900.298438581">
          <failure type="Failure">:0&#xA;[measurement call WaitForBoundPVCs - WaitForPVCsToBeDeleted error: timeout while waiting for 0 PVCs to be running in namespace &#39;&#39; with labels &#39;group = load&#39; and fields &#39;&#39; - only 1 found bound]&#xA;:0</failure>
      </testcase>
      <testcase name="load: [step: 26] delete objects configmaps and secrets" classname="ClusterLoaderV2" time="161.587032919"></testcase>
      <testcase name="load: [step: 27] Deleting PriorityClass for DaemonSets" classname="ClusterLoaderV2" time="0.098302691"></testcase>
      <testcase name="load: [step: 28] Deleting k8s services" classname="ClusterLoaderV2" time="80.678543772"></testcase>
      <testcase name="load: [step: 29] gathering measurements [00] - APIResponsivenessPrometheus" classname="ClusterLoaderV2" time="0.420122069"></testcase>
      <testcase name="load: [step: 29] gathering measurements [01] - APIResponsivenessPrometheusSimple" classname="ClusterLoaderV2" time="0.345129865"></testcase>
      <testcase name="load: [step: 29] gathering measurements [02] - CreatePhasePodStartupLatency" classname="ClusterLoaderV2" time="3.083441912"></testcase>
      <testcase name="load: [step: 29] gathering measurements [03] - InClusterNetworkLatency" classname="ClusterLoaderV2" time="0.345580075"></testcase>
      <testcase name="load: [step: 29] gathering measurements [04] - SLOMeasurement" classname="ClusterLoaderV2" time="0.345864523"></testcase>
      <testcase name="load: [step: 29] gathering measurements [05] - NetworkProgrammingLatency" classname="ClusterLoaderV2" time="0.345294657"></testcase>
      <testcase name="load: [step: 29] gathering measurements [06] - Kube-proxy partial iptables restore failures" classname="ClusterLoaderV2" time="0.345153645"></testcase>
      <testcase name="load: [step: 29] gathering measurements [07] - TestMetrics" classname="ClusterLoaderV2" time="9.834553926">
          <failure type="Failure">:0&#xA;[measurement call TestMetrics - TestMetrics error: [action gather failed for SystemPodMetrics measurement: restart counts violation: RestartCount(ama-logs-rs-7894cc86f5-hg77h, ama-logs)=2, want &lt;= 0&#xA;action gather failed for ClusterOOMsTracker measurement: OOMs recorded: [{Node:aks-nodepool1-27831970-vmss000002 Process:mdsd ProcessMemory:1662532kB ProcessID:47987 Time:2024-06-04 12:50:17 -0700 PDT} {Node:aks-nodepool1-27831970-vmss000002 Process:main.sh ProcessMemory:4740kB ProcessID:47748 Time:2024-06-04 12:50:17 -0700 PDT} {Node:aks-nodepool1-27831970-vmss000002 Process:inotifywait ProcessMemory:2828kB ProcessID:47876 Time:2024-06-04 12:50:17 -0700 PDT} {Node:aks-nodepool1-27831970-vmss000002 Process:crond ProcessMemory:4544kB ProcessID:47979 Time:2024-06-04 12:50:17 -0700 PDT} {Node:aks-nodepool1-27831970-vmss000002 Process:fluentd ProcessMemory:180728kB ProcessID:48500 Time:2024-06-04 12:50:17 -0700 PDT} {Node:aks-nodepool1-27831970-vmss000002 Process:fluent-bit ProcessMemory:853548kB ProcessID:48501 Time:2024-06-04 12:50:17 -0700 PDT} {Node:aks-nodepool1-27831970-vmss000002 Process:ruby ProcessMemory:825216kB ProcessID:48626 Time:2024-06-04 12:50:17 -0700 PDT} {Node:aks-nodepool1-27831970-vmss000002 Process:mdsd ProcessMemory:1662532kB ProcessID:48030 Time:2024-06-04 12:50:17 -0700 PDT} {Node:aks-nodepool1-27831970-vmss000002 Process:flb-pipeline ProcessMemory:853548kB ProcessID:48612 Time:2024-06-04 12:50:17 -0700 PDT} {Node:aks-nodepool1-27831970-vmss000002 Process:flush_thread_0 ProcessMemory:825216kB ProcessID:49143 Time:2024-06-04 12:50:17 -0700 PDT} {Node:aks-nodepool1-27831970-vmss000002 Process:mdsd ProcessMemory:1618132kB ProcessID:206006 Time:2024-06-04 13:02:14 -0700 PDT} {Node:aks-nodepool1-27831970-vmss000002 Process:main.sh ProcessMemory:4752kB ProcessID:205924 Time:2024-06-04 13:02:14 -0700 PDT} {Node:aks-nodepool1-27831970-vmss000002 Process:inotifywait ProcessMemory:2828kB ProcessID:205946 Time:2024-06-04 13:02:14 -0700 PDT} {Node:aks-nodepool1-27831970-vmss000002 Process:crond ProcessMemory:4544kB ProcessID:205998 Time:2024-06-04 13:02:14 -0700 PDT} {Node:aks-nodepool1-27831970-vmss000002 Process:ruby ProcessMemory:800520kB ProcessID:206321 Time:2024-06-04 13:02:14 -0700 PDT} {Node:aks-nodepool1-27831970-vmss000002 Process:fluent-bit ProcessMemory:857644kB ProcessID:206291 Time:2024-06-04 13:02:14 -0700 PDT} {Node:aks-nodepool1-27831970-vmss000002 Process:mdsd ProcessMemory:1618132kB ProcessID:206013 Time:2024-06-04 13:02:14 -0700 PDT}]]]&#xA;:0</failure>
      </testcase>
  </testsuite>