<?xml version="1.0" encoding="UTF-8"?>
  <testsuite name="ClusterLoaderV2" tests="0" failures="4" errors="0" time="1863.119">
      <testcase name="load overall (/home/oliviavuong/clusterloader2/cl2_linux/perf-tests/clusterloader2/olivias_test_files/load/test/load-pause-windows/config.yaml)" classname="ClusterLoaderV2" time="1861.151611955">
          <failure type="Failure">:0&#xA;[measurement call SchedulingThroughput - SchedulingThroughput error: scheduler throughput: actual throughput 90.000000 lower than threshold 100.000000&#xA;measurement call PodStartupLatency - PodStartupLatency error: pod startup: too high latency 90th percentile: got 5.669176523s expected: 5s&#xA;namespace test-dc6wev-1 object small-deployment-92 deletion error: Delete &#34;https://cplataks-clusterloader2-854c9d-7joaeam3.hcp.eastus2.azmk8s.io:443/api/v1/namespaces/test-dc6wev-1/secrets/small-deployment-92&#34;: http2: client connection lost&#xA;namespace test-dc6wev-1 object small-deployment-62 deletion error: Delete &#34;https://cplataks-clusterloader2-854c9d-7joaeam3.hcp.eastus2.azmk8s.io:443/api/v1/namespaces/test-dc6wev-1/secrets/small-deployment-62&#34;: http2: client connection lost&#xA;namespace test-dc6wev-1 object small-deployment-106 deletion error: Delete &#34;https://cplataks-clusterloader2-854c9d-7joaeam3.hcp.eastus2.azmk8s.io:443/api/v1/namespaces/test-dc6wev-1/secrets/small-deployment-106&#34;: http2: client connection lost&#xA;namespace test-dc6wev-1 object small-deployment-124 deletion error: Delete &#34;https://cplataks-clusterloader2-854c9d-7joaeam3.hcp.eastus2.azmk8s.io:443/api/v1/namespaces/test-dc6wev-1/secrets/small-deployment-124&#34;: http2: client connection lost&#xA;namespace test-dc6wev-1 object small-deployment-108 deletion error: Delete &#34;https://cplataks-clusterloader2-854c9d-7joaeam3.hcp.eastus2.azmk8s.io:443/api/v1/namespaces/test-dc6wev-1/secrets/small-deployment-108&#34;: http2: client connection lost&#xA;namespace test-dc6wev-1 object small-deployment-53 deletion error: Delete &#34;https://cplataks-clusterloader2-854c9d-7joaeam3.hcp.eastus2.azmk8s.io:443/api/v1/namespaces/test-dc6wev-1/secrets/small-deployment-53&#34;: http2: client connection lost&#xA;namespace test-dc6wev-1 object small-deployment-96 deletion error: Delete &#34;https://cplataks-clusterloader2-854c9d-7joaeam3.hcp.eastus2.azmk8s.io:443/api/v1/namespaces/test-dc6wev-1/secrets/small-deployment-96&#34;: http2: client connection lost&#xA;namespace test-dc6wev-1 object small-deployment-38 deletion error: Delete &#34;https://cplataks-clusterloader2-854c9d-7joaeam3.hcp.eastus2.azmk8s.io:443/api/v1/namespaces/test-dc6wev-1/configmaps/small-deployment-38&#34;: http2: client connection lost&#xA;namespace test-dc6wev-1 object small-deployment-97 deletion error: Delete &#34;https://cplataks-clusterloader2-854c9d-7joaeam3.hcp.eastus2.azmk8s.io:443/api/v1/namespaces/test-dc6wev-1/secrets/small-deployment-97&#34;: http2: client connection lost&#xA;namespace test-dc6wev-1 object small-deployment-88 deletion error: Delete &#34;https://cplataks-clusterloader2-854c9d-7joaeam3.hcp.eastus2.azmk8s.io:443/api/v1/namespaces/test-dc6wev-1/secrets/small-deployment-88&#34;: http2: client connection lost&#xA;namespace test-dc6wev-1 object small-deployment-100 deletion error: Delete &#34;https://cplataks-clusterloader2-854c9d-7joaeam3.hcp.eastus2.azmk8s.io:443/api/v1/namespaces/test-dc6wev-1/secrets/small-deployment-100&#34;: http2: client connection lost&#xA;namespace test-dc6wev-1 object small-deployment-112 deletion error: Delete &#34;https://cplataks-clusterloader2-854c9d-7joaeam3.hcp.eastus2.azmk8s.io:443/api/v1/namespaces/test-dc6wev-1/secrets/small-deployment-112&#34;: http2: client connection lost&#xA;namespace test-dc6wev-1 object small-deployment-65 deletion error: Delete &#34;https://cplataks-clusterloader2-854c9d-7joaeam3.hcp.eastus2.azmk8s.io:443/api/v1/namespaces/test-dc6wev-1/secrets/small-deployment-65&#34;: http2: client connection lost&#xA;namespace test-dc6wev-1 object small-deployment-129 deletion error: Delete &#34;https://cplataks-clusterloader2-854c9d-7joaeam3.hcp.eastus2.azmk8s.io:443/api/v1/namespaces/test-dc6wev-1/secrets/small-deployment-129&#34;: http2: client connection lost&#xA;namespace test-dc6wev-1 object small-deployment-123 deletion error: Delete &#34;https://cplataks-clusterloader2-854c9d-7joaeam3.hcp.eastus2.azmk8s.io:443/api/v1/namespaces/test-dc6wev-1/secrets/small-deployment-123&#34;: http2: client connection lost&#xA;namespace test-dc6wev-1 object small-deployment-95 deletion error: Delete &#34;https://cplataks-clusterloader2-854c9d-7joaeam3.hcp.eastus2.azmk8s.io:443/api/v1/namespaces/test-dc6wev-1/secrets/small-deployment-95&#34;: http2: client connection lost&#xA;namespace test-dc6wev-1 object small-deployment-79 deletion error: Delete &#34;https://cplataks-clusterloader2-854c9d-7joaeam3.hcp.eastus2.azmk8s.io:443/api/v1/namespaces/test-dc6wev-1/secrets/small-deployment-79&#34;: http2: client connection lost&#xA;namespace test-dc6wev-1 object small-deployment-148 deletion error: Delete &#34;https://cplataks-clusterloader2-854c9d-7joaeam3.hcp.eastus2.azmk8s.io:443/api/v1/namespaces/test-dc6wev-1/secrets/small-deployment-148&#34;: http2: client connection lost&#xA;namespace test-dc6wev-1 object small-deployment-48 deletion error: Delete &#34;https://cplataks-clusterloader2-854c9d-7joaeam3.hcp.eastus2.azmk8s.io:443/api/v1/namespaces/test-dc6wev-1/secrets/small-deployment-48&#34;: http2: client connection lost&#xA;namespace test-dc6wev-1 object small-deployment-44 deletion error: unexpected error when reading response body. Please retry. Original error: http2: client connection lost&#xA;namespace test-dc6wev-1 object small-deployment-76 deletion error: Delete &#34;https://cplataks-clusterloader2-854c9d-7joaeam3.hcp.eastus2.azmk8s.io:443/api/v1/namespaces/test-dc6wev-1/secrets/small-deployment-76&#34;: http2: client connection lost&#xA;namespace test-dc6wev-1 object small-deployment-125 deletion error: Delete &#34;https://cplataks-clusterloader2-854c9d-7joaeam3.hcp.eastus2.azmk8s.io:443/api/v1/namespaces/test-dc6wev-1/secrets/small-deployment-125&#34;: http2: client connection lost&#xA;namespace test-dc6wev-1 object small-deployment-61 deletion error: Delete &#34;https://cplataks-clusterloader2-854c9d-7joaeam3.hcp.eastus2.azmk8s.io:443/api/v1/namespaces/test-dc6wev-1/secrets/small-deployment-61&#34;: http2: client connection lost&#xA;namespace test-dc6wev-1 object small-deployment-139 deletion error: Delete &#34;https://cplataks-clusterloader2-854c9d-7joaeam3.hcp.eastus2.azmk8s.io:443/api/v1/namespaces/test-dc6wev-1/secrets/small-deployment-139&#34;: http2: client connection lost&#xA;namespace test-dc6wev-1 object small-deployment-81 deletion error: Delete &#34;https://cplataks-clusterloader2-854c9d-7joaeam3.hcp.eastus2.azmk8s.io:443/api/v1/namespaces/test-dc6wev-1/secrets/small-deployment-81&#34;: http2: client connection lost&#xA;namespace test-dc6wev-1 object small-deployment-131 deletion error: Delete &#34;https://cplataks-clusterloader2-854c9d-7joaeam3.hcp.eastus2.azmk8s.io:443/api/v1/namespaces/test-dc6wev-1/secrets/small-deployment-131&#34;: http2: client connection lost&#xA;namespace test-dc6wev-1 object small-deployment-135 deletion error: Delete &#34;https://cplataks-clusterloader2-854c9d-7joaeam3.hcp.eastus2.azmk8s.io:443/api/v1/namespaces/test-dc6wev-1/secrets/small-deployment-135&#34;: http2: client connection lost&#xA;namespace test-dc6wev-1 object small-deployment-59 deletion error: Delete &#34;https://cplataks-clusterloader2-854c9d-7joaeam3.hcp.eastus2.azmk8s.io:443/api/v1/namespaces/test-dc6wev-1/secrets/small-deployment-59&#34;: http2: client connection lost&#xA;namespace test-dc6wev-1 object small-deployment-118 deletion error: Delete &#34;https://cplataks-clusterloader2-854c9d-7joaeam3.hcp.eastus2.azmk8s.io:443/api/v1/namespaces/test-dc6wev-1/secrets/small-deployment-118&#34;: http2: client connection lost&#xA;namespace test-dc6wev-1 object small-deployment-68 deletion error: Delete &#34;https://cplataks-clusterloader2-854c9d-7joaeam3.hcp.eastus2.azmk8s.io:443/api/v1/namespaces/test-dc6wev-1/secrets/small-deployment-68&#34;: http2: client connection lost&#xA;namespace test-dc6wev-1 object small-deployment-127 deletion error: Delete &#34;https://cplataks-clusterloader2-854c9d-7joaeam3.hcp.eastus2.azmk8s.io:443/api/v1/namespaces/test-dc6wev-1/secrets/small-deployment-127&#34;: http2: client connection lost&#xA;namespace test-dc6wev-1 object small-deployment-110 deletion error: Delete &#34;https://cplataks-clusterloader2-854c9d-7joaeam3.hcp.eastus2.azmk8s.io:443/api/v1/namespaces/test-dc6wev-1/secrets/small-deployment-110&#34;: http2: client connection lost&#xA;namespace test-dc6wev-1 object small-deployment-102 deletion error: Delete &#34;https://cplataks-clusterloader2-854c9d-7joaeam3.hcp.eastus2.azmk8s.io:443/api/v1/namespaces/test-dc6wev-1/secrets/small-deployment-102&#34;: http2: client connection lost&#xA;namespace test-dc6wev-1 object small-deployment-149 deletion error: Delete &#34;https://cplataks-clusterloader2-854c9d-7joaeam3.hcp.eastus2.azmk8s.io:443/api/v1/namespaces/test-dc6wev-1/secrets/small-deployment-149&#34;: http2: client connection lost&#xA;namespace test-dc6wev-1 object small-deployment-120 deletion error: Delete &#34;https://cplataks-clusterloader2-854c9d-7joaeam3.hcp.eastus2.azmk8s.io:443/api/v1/namespaces/test-dc6wev-1/secrets/small-deployment-120&#34;: http2: client connection lost&#xA;namespace test-dc6wev-1 object small-deployment-126 deletion error: Delete &#34;https://cplataks-clusterloader2-854c9d-7joaeam3.hcp.eastus2.azmk8s.io:443/api/v1/namespaces/test-dc6wev-1/secrets/small-deployment-126&#34;: http2: client connection lost&#xA;namespace test-dc6wev-1 object small-deployment-128 deletion error: Delete &#34;https://cplataks-clusterloader2-854c9d-7joaeam3.hcp.eastus2.azmk8s.io:443/api/v1/namespaces/test-dc6wev-1/secrets/small-deployment-128&#34;: http2: client connection lost&#xA;namespace test-dc6wev-1 object small-deployment-138 deletion error: Delete &#34;https://cplataks-clusterloader2-854c9d-7joaeam3.hcp.eastus2.azmk8s.io:443/api/v1/namespaces/test-dc6wev-1/secrets/small-deployment-138&#34;: http2: client connection lost&#xA;namespace test-dc6wev-1 object small-deployment-141 deletion error: Delete &#34;https://cplataks-clusterloader2-854c9d-7joaeam3.hcp.eastus2.azmk8s.io:443/api/v1/namespaces/test-dc6wev-1/secrets/small-deployment-141&#34;: http2: client connection lost&#xA;namespace test-dc6wev-1 object small-deployment-85 deletion error: Delete &#34;https://cplataks-clusterloader2-854c9d-7joaeam3.hcp.eastus2.azmk8s.io:443/api/v1/namespaces/test-dc6wev-1/secrets/small-deployment-85&#34;: http2: client connection lost&#xA;namespace test-dc6wev-1 object small-deployment-136 deletion error: Delete &#34;https://cplataks-clusterloader2-854c9d-7joaeam3.hcp.eastus2.azmk8s.io:443/api/v1/namespaces/test-dc6wev-1/secrets/small-deployment-136&#34;: http2: client connection lost&#xA;namespace test-dc6wev-1 object small-deployment-83 deletion error: Delete &#34;https://cplataks-clusterloader2-854c9d-7joaeam3.hcp.eastus2.azmk8s.io:443/api/v1/namespaces/test-dc6wev-1/secrets/small-deployment-83&#34;: http2: client connection lost&#xA;namespace test-dc6wev-1 object small-deployment-147 deletion error: Delete &#34;https://cplataks-clusterloader2-854c9d-7joaeam3.hcp.eastus2.azmk8s.io:443/api/v1/namespaces/test-dc6wev-1/secrets/small-deployment-147&#34;: http2: client connection lost&#xA;namespace test-dc6wev-1 object small-deployment-145 deletion error: Delete &#34;https://cplataks-clusterloader2-854c9d-7joaeam3.hcp.eastus2.azmk8s.io:443/api/v1/namespaces/test-dc6wev-1/secrets/small-deployment-145&#34;: http2: client connection lost&#xA;namespace test-dc6wev-1 object small-deployment-122 deletion error: Delete &#34;https://cplataks-clusterloader2-854c9d-7joaeam3.hcp.eastus2.azmk8s.io:443/api/v1/namespaces/test-dc6wev-1/secrets/small-deployment-122&#34;: http2: client connection lost&#xA;namespace test-dc6wev-1 object small-deployment-69 deletion error: Delete &#34;https://cplataks-clusterloader2-854c9d-7joaeam3.hcp.eastus2.azmk8s.io:443/api/v1/namespaces/test-dc6wev-1/secrets/small-deployment-69&#34;: http2: client connection lost&#xA;namespace test-dc6wev-1 object small-deployment-80 deletion error: Delete &#34;https://cplataks-clusterloader2-854c9d-7joaeam3.hcp.eastus2.azmk8s.io:443/api/v1/namespaces/test-dc6wev-1/secrets/small-deployment-80&#34;: http2: client connection lost&#xA;namespace test-dc6wev-1 object small-deployment-71 deletion error: Delete &#34;https://cplataks-clusterloader2-854c9d-7joaeam3.hcp.eastus2.azmk8s.io:443/api/v1/namespaces/test-dc6wev-1/secrets/small-deployment-71&#34;: http2: client connection lost&#xA;namespace test-dc6wev-1 object small-deployment-105 deletion error: Delete &#34;https://cplataks-clusterloader2-854c9d-7joaeam3.hcp.eastus2.azmk8s.io:443/api/v1/namespaces/test-dc6wev-1/secrets/small-deployment-105&#34;: http2: client connection lost&#xA;namespace test-dc6wev-1 object small-deployment-77 deletion error: Delete &#34;https://cplataks-clusterloader2-854c9d-7joaeam3.hcp.eastus2.azmk8s.io:443/api/v1/namespaces/test-dc6wev-1/secrets/small-deployment-77&#34;: http2: client connection lost&#xA;namespace test-dc6wev-1 object small-deployment-93 deletion error: Delete &#34;https://cplataks-clusterloader2-854c9d-7joaeam3.hcp.eastus2.azmk8s.io:443/api/v1/namespaces/test-dc6wev-1/secrets/small-deployment-93&#34;: http2: client connection lost&#xA;namespace test-dc6wev-1 object small-deployment-55 deletion error: Delete &#34;https://cplataks-clusterloader2-854c9d-7joaeam3.hcp.eastus2.azmk8s.io:443/api/v1/namespaces/test-dc6wev-1/secrets/small-deployment-55&#34;: http2: client connection lost&#xA;namespace test-dc6wev-1 object small-deployment-66 deletion error: Delete &#34;https://cplataks-clusterloader2-854c9d-7joaeam3.hcp.eastus2.azmk8s.io:443/api/v1/namespaces/test-dc6wev-1/secrets/small-deployment-66&#34;: http2: client connection lost&#xA;namespace test-dc6wev-1 object small-deployment-143 deletion error: Delete &#34;https://cplataks-clusterloader2-854c9d-7joaeam3.hcp.eastus2.azmk8s.io:443/api/v1/namespaces/test-dc6wev-1/secrets/small-deployment-143&#34;: http2: client connection lost&#xA;namespace test-dc6wev-1 object small-deployment-103 deletion error: Delete &#34;https://cplataks-clusterloader2-854c9d-7joaeam3.hcp.eastus2.azmk8s.io:443/api/v1/namespaces/test-dc6wev-1/secrets/small-deployment-103&#34;: http2: client connection lost&#xA;namespace test-dc6wev-1 object small-deployment-98 deletion error: Delete &#34;https://cplataks-clusterloader2-854c9d-7joaeam3.hcp.eastus2.azmk8s.io:443/api/v1/namespaces/test-dc6wev-1/secrets/small-deployment-98&#34;: http2: client connection lost&#xA;namespace test-dc6wev-1 object small-deployment-63 deletion error: Delete &#34;https://cplataks-clusterloader2-854c9d-7joaeam3.hcp.eastus2.azmk8s.io:443/api/v1/namespaces/test-dc6wev-1/secrets/small-deployment-63&#34;: http2: client connection lost&#xA;namespace test-dc6wev-1 object small-deployment-146 deletion error: Delete &#34;https://cplataks-clusterloader2-854c9d-7joaeam3.hcp.eastus2.azmk8s.io:443/api/v1/namespaces/test-dc6wev-1/secrets/small-deployment-146&#34;: http2: client connection lost&#xA;namespace test-dc6wev-1 object small-deployment-121 deletion error: Delete &#34;https://cplataks-clusterloader2-854c9d-7joaeam3.hcp.eastus2.azmk8s.io:443/api/v1/namespaces/test-dc6wev-1/secrets/small-deployment-121&#34;: http2: client connection lost&#xA;namespace test-dc6wev-1 object small-deployment-47 deletion error: Delete &#34;https://cplataks-clusterloader2-854c9d-7joaeam3.hcp.eastus2.azmk8s.io:443/api/v1/namespaces/test-dc6wev-1/secrets/small-deployment-47&#34;: http2: client connection lost&#xA;namespace test-dc6wev-1 object small-deployment-45 deletion error: Delete &#34;https://cplataks-clusterloader2-854c9d-7joaeam3.hcp.eastus2.azmk8s.io:443/api/v1/namespaces/test-dc6wev-1/configmaps/small-deployment-45&#34;: http2: client connection lost&#xA;namespace test-dc6wev-1 object small-deployment-67 deletion error: Delete &#34;https://cplataks-clusterloader2-854c9d-7joaeam3.hcp.eastus2.azmk8s.io:443/api/v1/namespaces/test-dc6wev-1/secrets/small-deployment-67&#34;: http2: client connection lost&#xA;namespace test-dc6wev-1 object small-deployment-72 deletion error: Delete &#34;https://cplataks-clusterloader2-854c9d-7joaeam3.hcp.eastus2.azmk8s.io:443/api/v1/namespaces/test-dc6wev-1/secrets/small-deployment-72&#34;: http2: client connection lost&#xA;namespace test-dc6wev-1 object small-deployment-134 deletion error: Delete &#34;https://cplataks-clusterloader2-854c9d-7joaeam3.hcp.eastus2.azmk8s.io:443/api/v1/namespaces/test-dc6wev-1/secrets/small-deployment-134&#34;: http2: client connection lost&#xA;namespace test-dc6wev-1 object small-deployment-87 deletion error: Delete &#34;https://cplataks-clusterloader2-854c9d-7joaeam3.hcp.eastus2.azmk8s.io:443/api/v1/namespaces/test-dc6wev-1/secrets/small-deployment-87&#34;: http2: client connection lost&#xA;namespace test-dc6wev-1 object small-deployment-51 deletion error: Delete &#34;https://cplataks-clusterloader2-854c9d-7joaeam3.hcp.eastus2.azmk8s.io:443/api/v1/namespaces/test-dc6wev-1/secrets/small-deployment-51&#34;: http2: client connection lost&#xA;namespace test-dc6wev-1 object small-deployment-78 deletion error: Delete &#34;https://cplataks-clusterloader2-854c9d-7joaeam3.hcp.eastus2.azmk8s.io:443/api/v1/namespaces/test-dc6wev-1/secrets/small-deployment-78&#34;: http2: client connection lost&#xA;namespace test-dc6wev-1 object small-deployment-142 deletion error: Delete &#34;https://cplataks-clusterloader2-854c9d-7joaeam3.hcp.eastus2.azmk8s.io:443/api/v1/namespaces/test-dc6wev-1/secrets/small-deployment-142&#34;: http2: client connection lost&#xA;namespace test-dc6wev-1 object small-deployment-99 deletion error: Delete &#34;https://cplataks-clusterloader2-854c9d-7joaeam3.hcp.eastus2.azmk8s.io:443/api/v1/namespaces/test-dc6wev-1/secrets/small-deployment-99&#34;: http2: client connection lost&#xA;namespace test-dc6wev-1 object small-deployment-37 deletion error: Delete &#34;https://cplataks-clusterloader2-854c9d-7joaeam3.hcp.eastus2.azmk8s.io:443/api/v1/namespaces/test-dc6wev-1/configmaps/small-deployment-37&#34;: http2: client connection lost&#xA;namespace test-dc6wev-1 object small-deployment-115 deletion error: Delete &#34;https://cplataks-clusterloader2-854c9d-7joaeam3.hcp.eastus2.azmk8s.io:443/api/v1/namespaces/test-dc6wev-1/secrets/small-deployment-115&#34;: http2: client connection lost&#xA;namespace test-dc6wev-1 object small-deployment-117 deletion error: Delete &#34;https://cplataks-clusterloader2-854c9d-7joaeam3.hcp.eastus2.azmk8s.io:443/api/v1/namespaces/test-dc6wev-1/secrets/small-deployment-117&#34;: http2: client connection lost&#xA;namespace test-dc6wev-1 object small-deployment-140 deletion error: Delete &#34;https://cplataks-clusterloader2-854c9d-7joaeam3.hcp.eastus2.azmk8s.io:443/api/v1/namespaces/test-dc6wev-1/secrets/small-deployment-140&#34;: http2: client connection lost&#xA;namespace test-dc6wev-1 object small-deployment-73 deletion error: Delete &#34;https://cplataks-clusterloader2-854c9d-7joaeam3.hcp.eastus2.azmk8s.io:443/api/v1/namespaces/test-dc6wev-1/secrets/small-deployment-73&#34;: http2: client connection lost&#xA;namespace test-dc6wev-1 object small-deployment-58 deletion error: Delete &#34;https://cplataks-clusterloader2-854c9d-7joaeam3.hcp.eastus2.azmk8s.io:443/api/v1/namespaces/test-dc6wev-1/secrets/small-deployment-58&#34;: http2: client connection lost&#xA;namespace test-dc6wev-1 object small-deployment-111 deletion error: Delete &#34;https://cplataks-clusterloader2-854c9d-7joaeam3.hcp.eastus2.azmk8s.io:443/api/v1/namespaces/test-dc6wev-1/secrets/small-deployment-111&#34;: http2: client connection lost&#xA;namespace test-dc6wev-1 object small-deployment-116 deletion error: Delete &#34;https://cplataks-clusterloader2-854c9d-7joaeam3.hcp.eastus2.azmk8s.io:443/api/v1/namespaces/test-dc6wev-1/secrets/small-deployment-116&#34;: http2: client connection lost&#xA;namespace test-dc6wev-1 object small-deployment-119 deletion error: Delete &#34;https://cplataks-clusterloader2-854c9d-7joaeam3.hcp.eastus2.azmk8s.io:443/api/v1/namespaces/test-dc6wev-1/secrets/small-deployment-119&#34;: http2: client connection lost&#xA;namespace test-dc6wev-1 object small-deployment-70 deletion error: Delete &#34;https://cplataks-clusterloader2-854c9d-7joaeam3.hcp.eastus2.azmk8s.io:443/api/v1/namespaces/test-dc6wev-1/secrets/small-deployment-70&#34;: http2: client connection lost&#xA;namespace test-dc6wev-1 object small-deployment-150 deletion error: Delete &#34;https://cplataks-clusterloader2-854c9d-7joaeam3.hcp.eastus2.azmk8s.io:443/api/v1/namespaces/test-dc6wev-1/secrets/small-deployment-150&#34;: http2: client connection lost&#xA;namespace test-dc6wev-1 object small-deployment-133 deletion error: Delete &#34;https://cplataks-clusterloader2-854c9d-7joaeam3.hcp.eastus2.azmk8s.io:443/api/v1/namespaces/test-dc6wev-1/secrets/small-deployment-133&#34;: http2: client connection lost&#xA;namespace test-dc6wev-1 object small-deployment-101 deletion error: Delete &#34;https://cplataks-clusterloader2-854c9d-7joaeam3.hcp.eastus2.azmk8s.io:443/api/v1/namespaces/test-dc6wev-1/secrets/small-deployment-101&#34;: http2: client connection lost&#xA;namespace test-dc6wev-1 object small-deployment-144 deletion error: Delete &#34;https://cplataks-clusterloader2-854c9d-7joaeam3.hcp.eastus2.azmk8s.io:443/api/v1/namespaces/test-dc6wev-1/secrets/small-deployment-144&#34;: http2: client connection lost&#xA;namespace test-dc6wev-1 object small-deployment-94 deletion error: Delete &#34;https://cplataks-clusterloader2-854c9d-7joaeam3.hcp.eastus2.azmk8s.io:443/api/v1/namespaces/test-dc6wev-1/secrets/small-deployment-94&#34;: http2: client connection lost&#xA;namespace test-dc6wev-1 object small-deployment-41 deletion error: Delete &#34;https://cplataks-clusterloader2-854c9d-7joaeam3.hcp.eastus2.azmk8s.io:443/api/v1/namespaces/test-dc6wev-1/configmaps/small-deployment-41&#34;: http2: client connection lost&#xA;namespace test-dc6wev-1 object small-deployment-113 deletion error: Delete &#34;https://cplataks-clusterloader2-854c9d-7joaeam3.hcp.eastus2.azmk8s.io:443/api/v1/namespaces/test-dc6wev-1/secrets/small-deployment-113&#34;: http2: client connection lost&#xA;namespace test-dc6wev-1 object small-deployment-57 deletion error: Delete &#34;https://cplataks-clusterloader2-854c9d-7joaeam3.hcp.eastus2.azmk8s.io:443/api/v1/namespaces/test-dc6wev-1/secrets/small-deployment-57&#34;: http2: client connection lost&#xA;namespace test-dc6wev-1 object small-deployment-137 deletion error: Delete &#34;https://cplataks-clusterloader2-854c9d-7joaeam3.hcp.eastus2.azmk8s.io:443/api/v1/namespaces/test-dc6wev-1/secrets/small-deployment-137&#34;: http2: client connection lost]&#xA;:0</failure>
      </testcase>
      <testcase name="load: [step: 01] starting measurements [00] - APIResponsivenessPrometheus" classname="ClusterLoaderV2" time="0.346553569"></testcase>
      <testcase name="load: [step: 01] starting measurements [01] - APIResponsivenessPrometheusSimple" classname="ClusterLoaderV2" time="0.346803493"></testcase>
      <testcase name="load: [step: 01] starting measurements [02] - CreatePhasePodStartupLatency" classname="ClusterLoaderV2" time="0.447315023"></testcase>
      <testcase name="load: [step: 01] starting measurements [03] - InClusterNetworkLatency" classname="ClusterLoaderV2" time="0.346543714"></testcase>
      <testcase name="load: [step: 01] starting measurements [04] - SLOMeasurement" classname="ClusterLoaderV2" time="0.346603447"></testcase>
      <testcase name="load: [step: 01] starting measurements [05] - NetworkProgrammingLatency" classname="ClusterLoaderV2" time="0.346843965"></testcase>
      <testcase name="load: [step: 01] starting measurements [06] - Kube-proxy partial iptables restore failures" classname="ClusterLoaderV2" time="0.346519765"></testcase>
      <testcase name="load: [step: 01] starting measurements [07] - TestMetrics" classname="ClusterLoaderV2" time="2.638915861"></testcase>
      <testcase name="load: [step: 02] Creating k8s services" classname="ClusterLoaderV2" time="14.755492769"></testcase>
      <testcase name="load: [step: 03] Creating PriorityClass for DaemonSets" classname="ClusterLoaderV2" time="0.085931828"></testcase>
      <testcase name="load: [step: 04] create objects configmaps and secrets" classname="ClusterLoaderV2" time="54.778364843"></testcase>
      <testcase name="load: [step: 05] Starting measurement for &#39;create objects&#39; [00] - " classname="ClusterLoaderV2" time="11.109441966"></testcase>
      <testcase name="load: [step: 06] create objects" classname="ClusterLoaderV2" time="298.683995085"></testcase>
      <testcase name="load: [step: 07] Waiting for &#39;create objects&#39; to be completed [00] - " classname="ClusterLoaderV2" time="153.064948903"></testcase>
      <testcase name="load: [step: 08] Creating scheduler throughput measurements [00] - HighThroughputPodStartupLatency" classname="ClusterLoaderV2" time="0.474910711"></testcase>
      <testcase name="load: [step: 08] Creating scheduler throughput measurements [01] - WaitForSchedulerThroughputDeployments" classname="ClusterLoaderV2" time="0.462211409"></testcase>
      <testcase name="load: [step: 08] Creating scheduler throughput measurements [02] - SchedulingThroughput" classname="ClusterLoaderV2" time="0.47481839"></testcase>
      <testcase name="load: [step: 09] create scheduler throughput pods" classname="ClusterLoaderV2" time="0.143964237"></testcase>
      <testcase name="load: [step: 10] Waiting for scheduler throughput pods to be created [00] - WaitForSchedulerThroughputDeployments" classname="ClusterLoaderV2" time="62.223606924"></testcase>
      <testcase name="load: [step: 11] Collecting scheduler throughput measurements [00] - HighThroughputPodStartupLatency" classname="ClusterLoaderV2" time="0.650947132"></testcase>
      <testcase name="load: [step: 11] Collecting scheduler throughput measurements [01] - SchedulingThroughput" classname="ClusterLoaderV2" time="0.088908866">
          <failure type="Failure">:0&#xA;[measurement call SchedulingThroughput - SchedulingThroughput error: scheduler throughput: actual throughput 90.000000 lower than threshold 100.000000]&#xA;:0</failure>
      </testcase>
      <testcase name="load: [step: 12] delete scheduler throughput pods" classname="ClusterLoaderV2" time="0.091311971"></testcase>
      <testcase name="load: [step: 13] Waiting for scheduler throughput pods to be deleted [00] - WaitForSchedulerThroughputDeployments" classname="ClusterLoaderV2" time="56.074399328"></testcase>
      <testcase name="load: [step: 14] Starting latency pod measurements [00] - PodStartupLatency" classname="ClusterLoaderV2" time="0.369586099"></testcase>
      <testcase name="load: [step: 14] Starting latency pod measurements [01] - WaitForRunningLatencyDeployments" classname="ClusterLoaderV2" time="0.303198455"></testcase>
      <testcase name="load: [step: 15] Creating latency pods" classname="ClusterLoaderV2" time="109.504987354"></testcase>
      <testcase name="load: [step: 16] Waiting for latency pods to be running [00] - WaitForRunningLatencyDeployments" classname="ClusterLoaderV2" time="19.9019878"></testcase>
      <testcase name="load: [step: 17] Deleting latency pods" classname="ClusterLoaderV2" time="50.045781511"></testcase>
      <testcase name="load: [step: 18] Waiting for latency pods to be deleted [00] - WaitForRunningLatencyDeployments" classname="ClusterLoaderV2" time="5.225092614"></testcase>
      <testcase name="load: [step: 19] Collecting pod startup latency [00] - PodStartupLatency" classname="ClusterLoaderV2" time="2.809147042">
          <failure type="Failure">:0&#xA;[measurement call PodStartupLatency - PodStartupLatency error: pod startup: too high latency 90th percentile: got 5.669176523s expected: 5s]&#xA;:0</failure>
      </testcase>
      <testcase name="load: [step: 20] Starting measurement for &#39;scale and update objects&#39; [00] - " classname="ClusterLoaderV2" time="0.31200717"></testcase>
      <testcase name="load: [step: 21] scale and update objects" classname="ClusterLoaderV2" time="75.136670418"></testcase>
      <testcase name="load: [step: 22] Waiting for &#39;scale and update objects&#39; to be completed [00] - " classname="ClusterLoaderV2" time="276.904591556"></testcase>
      <testcase name="load: [step: 23] Starting measurement for &#39;delete objects&#39; [00] - " classname="ClusterLoaderV2" time="0.320483146"></testcase>
      <testcase name="load: [step: 24] delete objects" classname="ClusterLoaderV2" time="318.098808809"></testcase>
      <testcase name="load: [step: 25] Waiting for &#39;delete objects&#39; to be completed [00] - " classname="ClusterLoaderV2" time="15.253147864"></testcase>
      <testcase name="load: [step: 25] Waiting for &#39;delete objects&#39; to be completed [01] - WaitForPVCsToBeDeleted" classname="ClusterLoaderV2" time="15.395558836"></testcase>
      <testcase name="load: [step: 26] delete objects configmaps and secrets" classname="ClusterLoaderV2" time="97.44295548">
          <failure type="Failure">:0&#xA;[namespace test-dc6wev-1 object small-deployment-92 deletion error: Delete &#34;https://cplataks-clusterloader2-854c9d-7joaeam3.hcp.eastus2.azmk8s.io:443/api/v1/namespaces/test-dc6wev-1/secrets/small-deployment-92&#34;: http2: client connection lost&#xA;namespace test-dc6wev-1 object small-deployment-62 deletion error: Delete &#34;https://cplataks-clusterloader2-854c9d-7joaeam3.hcp.eastus2.azmk8s.io:443/api/v1/namespaces/test-dc6wev-1/secrets/small-deployment-62&#34;: http2: client connection lost&#xA;namespace test-dc6wev-1 object small-deployment-106 deletion error: Delete &#34;https://cplataks-clusterloader2-854c9d-7joaeam3.hcp.eastus2.azmk8s.io:443/api/v1/namespaces/test-dc6wev-1/secrets/small-deployment-106&#34;: http2: client connection lost&#xA;namespace test-dc6wev-1 object small-deployment-124 deletion error: Delete &#34;https://cplataks-clusterloader2-854c9d-7joaeam3.hcp.eastus2.azmk8s.io:443/api/v1/namespaces/test-dc6wev-1/secrets/small-deployment-124&#34;: http2: client connection lost&#xA;namespace test-dc6wev-1 object small-deployment-108 deletion error: Delete &#34;https://cplataks-clusterloader2-854c9d-7joaeam3.hcp.eastus2.azmk8s.io:443/api/v1/namespaces/test-dc6wev-1/secrets/small-deployment-108&#34;: http2: client connection lost&#xA;namespace test-dc6wev-1 object small-deployment-53 deletion error: Delete &#34;https://cplataks-clusterloader2-854c9d-7joaeam3.hcp.eastus2.azmk8s.io:443/api/v1/namespaces/test-dc6wev-1/secrets/small-deployment-53&#34;: http2: client connection lost&#xA;namespace test-dc6wev-1 object small-deployment-96 deletion error: Delete &#34;https://cplataks-clusterloader2-854c9d-7joaeam3.hcp.eastus2.azmk8s.io:443/api/v1/namespaces/test-dc6wev-1/secrets/small-deployment-96&#34;: http2: client connection lost&#xA;namespace test-dc6wev-1 object small-deployment-38 deletion error: Delete &#34;https://cplataks-clusterloader2-854c9d-7joaeam3.hcp.eastus2.azmk8s.io:443/api/v1/namespaces/test-dc6wev-1/configmaps/small-deployment-38&#34;: http2: client connection lost&#xA;namespace test-dc6wev-1 object small-deployment-97 deletion error: Delete &#34;https://cplataks-clusterloader2-854c9d-7joaeam3.hcp.eastus2.azmk8s.io:443/api/v1/namespaces/test-dc6wev-1/secrets/small-deployment-97&#34;: http2: client connection lost&#xA;namespace test-dc6wev-1 object small-deployment-88 deletion error: Delete &#34;https://cplataks-clusterloader2-854c9d-7joaeam3.hcp.eastus2.azmk8s.io:443/api/v1/namespaces/test-dc6wev-1/secrets/small-deployment-88&#34;: http2: client connection lost&#xA;namespace test-dc6wev-1 object small-deployment-100 deletion error: Delete &#34;https://cplataks-clusterloader2-854c9d-7joaeam3.hcp.eastus2.azmk8s.io:443/api/v1/namespaces/test-dc6wev-1/secrets/small-deployment-100&#34;: http2: client connection lost&#xA;namespace test-dc6wev-1 object small-deployment-112 deletion error: Delete &#34;https://cplataks-clusterloader2-854c9d-7joaeam3.hcp.eastus2.azmk8s.io:443/api/v1/namespaces/test-dc6wev-1/secrets/small-deployment-112&#34;: http2: client connection lost&#xA;namespace test-dc6wev-1 object small-deployment-65 deletion error: Delete &#34;https://cplataks-clusterloader2-854c9d-7joaeam3.hcp.eastus2.azmk8s.io:443/api/v1/namespaces/test-dc6wev-1/secrets/small-deployment-65&#34;: http2: client connection lost&#xA;namespace test-dc6wev-1 object small-deployment-129 deletion error: Delete &#34;https://cplataks-clusterloader2-854c9d-7joaeam3.hcp.eastus2.azmk8s.io:443/api/v1/namespaces/test-dc6wev-1/secrets/small-deployment-129&#34;: http2: client connection lost&#xA;namespace test-dc6wev-1 object small-deployment-123 deletion error: Delete &#34;https://cplataks-clusterloader2-854c9d-7joaeam3.hcp.eastus2.azmk8s.io:443/api/v1/namespaces/test-dc6wev-1/secrets/small-deployment-123&#34;: http2: client connection lost&#xA;namespace test-dc6wev-1 object small-deployment-95 deletion error: Delete &#34;https://cplataks-clusterloader2-854c9d-7joaeam3.hcp.eastus2.azmk8s.io:443/api/v1/namespaces/test-dc6wev-1/secrets/small-deployment-95&#34;: http2: client connection lost&#xA;namespace test-dc6wev-1 object small-deployment-79 deletion error: Delete &#34;https://cplataks-clusterloader2-854c9d-7joaeam3.hcp.eastus2.azmk8s.io:443/api/v1/namespaces/test-dc6wev-1/secrets/small-deployment-79&#34;: http2: client connection lost&#xA;namespace test-dc6wev-1 object small-deployment-148 deletion error: Delete &#34;https://cplataks-clusterloader2-854c9d-7joaeam3.hcp.eastus2.azmk8s.io:443/api/v1/namespaces/test-dc6wev-1/secrets/small-deployment-148&#34;: http2: client connection lost&#xA;namespace test-dc6wev-1 object small-deployment-48 deletion error: Delete &#34;https://cplataks-clusterloader2-854c9d-7joaeam3.hcp.eastus2.azmk8s.io:443/api/v1/namespaces/test-dc6wev-1/secrets/small-deployment-48&#34;: http2: client connection lost&#xA;namespace test-dc6wev-1 object small-deployment-44 deletion error: unexpected error when reading response body. Please retry. Original error: http2: client connection lost&#xA;namespace test-dc6wev-1 object small-deployment-76 deletion error: Delete &#34;https://cplataks-clusterloader2-854c9d-7joaeam3.hcp.eastus2.azmk8s.io:443/api/v1/namespaces/test-dc6wev-1/secrets/small-deployment-76&#34;: http2: client connection lost&#xA;namespace test-dc6wev-1 object small-deployment-125 deletion error: Delete &#34;https://cplataks-clusterloader2-854c9d-7joaeam3.hcp.eastus2.azmk8s.io:443/api/v1/namespaces/test-dc6wev-1/secrets/small-deployment-125&#34;: http2: client connection lost&#xA;namespace test-dc6wev-1 object small-deployment-61 deletion error: Delete &#34;https://cplataks-clusterloader2-854c9d-7joaeam3.hcp.eastus2.azmk8s.io:443/api/v1/namespaces/test-dc6wev-1/secrets/small-deployment-61&#34;: http2: client connection lost&#xA;namespace test-dc6wev-1 object small-deployment-139 deletion error: Delete &#34;https://cplataks-clusterloader2-854c9d-7joaeam3.hcp.eastus2.azmk8s.io:443/api/v1/namespaces/test-dc6wev-1/secrets/small-deployment-139&#34;: http2: client connection lost&#xA;namespace test-dc6wev-1 object small-deployment-81 deletion error: Delete &#34;https://cplataks-clusterloader2-854c9d-7joaeam3.hcp.eastus2.azmk8s.io:443/api/v1/namespaces/test-dc6wev-1/secrets/small-deployment-81&#34;: http2: client connection lost&#xA;namespace test-dc6wev-1 object small-deployment-131 deletion error: Delete &#34;https://cplataks-clusterloader2-854c9d-7joaeam3.hcp.eastus2.azmk8s.io:443/api/v1/namespaces/test-dc6wev-1/secrets/small-deployment-131&#34;: http2: client connection lost&#xA;namespace test-dc6wev-1 object small-deployment-135 deletion error: Delete &#34;https://cplataks-clusterloader2-854c9d-7joaeam3.hcp.eastus2.azmk8s.io:443/api/v1/namespaces/test-dc6wev-1/secrets/small-deployment-135&#34;: http2: client connection lost&#xA;namespace test-dc6wev-1 object small-deployment-59 deletion error: Delete &#34;https://cplataks-clusterloader2-854c9d-7joaeam3.hcp.eastus2.azmk8s.io:443/api/v1/namespaces/test-dc6wev-1/secrets/small-deployment-59&#34;: http2: client connection lost&#xA;namespace test-dc6wev-1 object small-deployment-118 deletion error: Delete &#34;https://cplataks-clusterloader2-854c9d-7joaeam3.hcp.eastus2.azmk8s.io:443/api/v1/namespaces/test-dc6wev-1/secrets/small-deployment-118&#34;: http2: client connection lost&#xA;namespace test-dc6wev-1 object small-deployment-68 deletion error: Delete &#34;https://cplataks-clusterloader2-854c9d-7joaeam3.hcp.eastus2.azmk8s.io:443/api/v1/namespaces/test-dc6wev-1/secrets/small-deployment-68&#34;: http2: client connection lost&#xA;namespace test-dc6wev-1 object small-deployment-127 deletion error: Delete &#34;https://cplataks-clusterloader2-854c9d-7joaeam3.hcp.eastus2.azmk8s.io:443/api/v1/namespaces/test-dc6wev-1/secrets/small-deployment-127&#34;: http2: client connection lost&#xA;namespace test-dc6wev-1 object small-deployment-110 deletion error: Delete &#34;https://cplataks-clusterloader2-854c9d-7joaeam3.hcp.eastus2.azmk8s.io:443/api/v1/namespaces/test-dc6wev-1/secrets/small-deployment-110&#34;: http2: client connection lost&#xA;namespace test-dc6wev-1 object small-deployment-102 deletion error: Delete &#34;https://cplataks-clusterloader2-854c9d-7joaeam3.hcp.eastus2.azmk8s.io:443/api/v1/namespaces/test-dc6wev-1/secrets/small-deployment-102&#34;: http2: client connection lost&#xA;namespace test-dc6wev-1 object small-deployment-149 deletion error: Delete &#34;https://cplataks-clusterloader2-854c9d-7joaeam3.hcp.eastus2.azmk8s.io:443/api/v1/namespaces/test-dc6wev-1/secrets/small-deployment-149&#34;: http2: client connection lost&#xA;namespace test-dc6wev-1 object small-deployment-120 deletion error: Delete &#34;https://cplataks-clusterloader2-854c9d-7joaeam3.hcp.eastus2.azmk8s.io:443/api/v1/namespaces/test-dc6wev-1/secrets/small-deployment-120&#34;: http2: client connection lost&#xA;namespace test-dc6wev-1 object small-deployment-126 deletion error: Delete &#34;https://cplataks-clusterloader2-854c9d-7joaeam3.hcp.eastus2.azmk8s.io:443/api/v1/namespaces/test-dc6wev-1/secrets/small-deployment-126&#34;: http2: client connection lost&#xA;namespace test-dc6wev-1 object small-deployment-128 deletion error: Delete &#34;https://cplataks-clusterloader2-854c9d-7joaeam3.hcp.eastus2.azmk8s.io:443/api/v1/namespaces/test-dc6wev-1/secrets/small-deployment-128&#34;: http2: client connection lost&#xA;namespace test-dc6wev-1 object small-deployment-138 deletion error: Delete &#34;https://cplataks-clusterloader2-854c9d-7joaeam3.hcp.eastus2.azmk8s.io:443/api/v1/namespaces/test-dc6wev-1/secrets/small-deployment-138&#34;: http2: client connection lost&#xA;namespace test-dc6wev-1 object small-deployment-141 deletion error: Delete &#34;https://cplataks-clusterloader2-854c9d-7joaeam3.hcp.eastus2.azmk8s.io:443/api/v1/namespaces/test-dc6wev-1/secrets/small-deployment-141&#34;: http2: client connection lost&#xA;namespace test-dc6wev-1 object small-deployment-85 deletion error: Delete &#34;https://cplataks-clusterloader2-854c9d-7joaeam3.hcp.eastus2.azmk8s.io:443/api/v1/namespaces/test-dc6wev-1/secrets/small-deployment-85&#34;: http2: client connection lost&#xA;namespace test-dc6wev-1 object small-deployment-136 deletion error: Delete &#34;https://cplataks-clusterloader2-854c9d-7joaeam3.hcp.eastus2.azmk8s.io:443/api/v1/namespaces/test-dc6wev-1/secrets/small-deployment-136&#34;: http2: client connection lost&#xA;namespace test-dc6wev-1 object small-deployment-83 deletion error: Delete &#34;https://cplataks-clusterloader2-854c9d-7joaeam3.hcp.eastus2.azmk8s.io:443/api/v1/namespaces/test-dc6wev-1/secrets/small-deployment-83&#34;: http2: client connection lost&#xA;namespace test-dc6wev-1 object small-deployment-147 deletion error: Delete &#34;https://cplataks-clusterloader2-854c9d-7joaeam3.hcp.eastus2.azmk8s.io:443/api/v1/namespaces/test-dc6wev-1/secrets/small-deployment-147&#34;: http2: client connection lost&#xA;namespace test-dc6wev-1 object small-deployment-145 deletion error: Delete &#34;https://cplataks-clusterloader2-854c9d-7joaeam3.hcp.eastus2.azmk8s.io:443/api/v1/namespaces/test-dc6wev-1/secrets/small-deployment-145&#34;: http2: client connection lost&#xA;namespace test-dc6wev-1 object small-deployment-122 deletion error: Delete &#34;https://cplataks-clusterloader2-854c9d-7joaeam3.hcp.eastus2.azmk8s.io:443/api/v1/namespaces/test-dc6wev-1/secrets/small-deployment-122&#34;: http2: client connection lost&#xA;namespace test-dc6wev-1 object small-deployment-69 deletion error: Delete &#34;https://cplataks-clusterloader2-854c9d-7joaeam3.hcp.eastus2.azmk8s.io:443/api/v1/namespaces/test-dc6wev-1/secrets/small-deployment-69&#34;: http2: client connection lost&#xA;namespace test-dc6wev-1 object small-deployment-80 deletion error: Delete &#34;https://cplataks-clusterloader2-854c9d-7joaeam3.hcp.eastus2.azmk8s.io:443/api/v1/namespaces/test-dc6wev-1/secrets/small-deployment-80&#34;: http2: client connection lost&#xA;namespace test-dc6wev-1 object small-deployment-71 deletion error: Delete &#34;https://cplataks-clusterloader2-854c9d-7joaeam3.hcp.eastus2.azmk8s.io:443/api/v1/namespaces/test-dc6wev-1/secrets/small-deployment-71&#34;: http2: client connection lost&#xA;namespace test-dc6wev-1 object small-deployment-105 deletion error: Delete &#34;https://cplataks-clusterloader2-854c9d-7joaeam3.hcp.eastus2.azmk8s.io:443/api/v1/namespaces/test-dc6wev-1/secrets/small-deployment-105&#34;: http2: client connection lost&#xA;namespace test-dc6wev-1 object small-deployment-77 deletion error: Delete &#34;https://cplataks-clusterloader2-854c9d-7joaeam3.hcp.eastus2.azmk8s.io:443/api/v1/namespaces/test-dc6wev-1/secrets/small-deployment-77&#34;: http2: client connection lost&#xA;namespace test-dc6wev-1 object small-deployment-93 deletion error: Delete &#34;https://cplataks-clusterloader2-854c9d-7joaeam3.hcp.eastus2.azmk8s.io:443/api/v1/namespaces/test-dc6wev-1/secrets/small-deployment-93&#34;: http2: client connection lost&#xA;namespace test-dc6wev-1 object small-deployment-55 deletion error: Delete &#34;https://cplataks-clusterloader2-854c9d-7joaeam3.hcp.eastus2.azmk8s.io:443/api/v1/namespaces/test-dc6wev-1/secrets/small-deployment-55&#34;: http2: client connection lost&#xA;namespace test-dc6wev-1 object small-deployment-66 deletion error: Delete &#34;https://cplataks-clusterloader2-854c9d-7joaeam3.hcp.eastus2.azmk8s.io:443/api/v1/namespaces/test-dc6wev-1/secrets/small-deployment-66&#34;: http2: client connection lost&#xA;namespace test-dc6wev-1 object small-deployment-143 deletion error: Delete &#34;https://cplataks-clusterloader2-854c9d-7joaeam3.hcp.eastus2.azmk8s.io:443/api/v1/namespaces/test-dc6wev-1/secrets/small-deployment-143&#34;: http2: client connection lost&#xA;namespace test-dc6wev-1 object small-deployment-103 deletion error: Delete &#34;https://cplataks-clusterloader2-854c9d-7joaeam3.hcp.eastus2.azmk8s.io:443/api/v1/namespaces/test-dc6wev-1/secrets/small-deployment-103&#34;: http2: client connection lost&#xA;namespace test-dc6wev-1 object small-deployment-98 deletion error: Delete &#34;https://cplataks-clusterloader2-854c9d-7joaeam3.hcp.eastus2.azmk8s.io:443/api/v1/namespaces/test-dc6wev-1/secrets/small-deployment-98&#34;: http2: client connection lost&#xA;namespace test-dc6wev-1 object small-deployment-63 deletion error: Delete &#34;https://cplataks-clusterloader2-854c9d-7joaeam3.hcp.eastus2.azmk8s.io:443/api/v1/namespaces/test-dc6wev-1/secrets/small-deployment-63&#34;: http2: client connection lost&#xA;namespace test-dc6wev-1 object small-deployment-146 deletion error: Delete &#34;https://cplataks-clusterloader2-854c9d-7joaeam3.hcp.eastus2.azmk8s.io:443/api/v1/namespaces/test-dc6wev-1/secrets/small-deployment-146&#34;: http2: client connection lost&#xA;namespace test-dc6wev-1 object small-deployment-121 deletion error: Delete &#34;https://cplataks-clusterloader2-854c9d-7joaeam3.hcp.eastus2.azmk8s.io:443/api/v1/namespaces/test-dc6wev-1/secrets/small-deployment-121&#34;: http2: client connection lost&#xA;namespace test-dc6wev-1 object small-deployment-47 deletion error: Delete &#34;https://cplataks-clusterloader2-854c9d-7joaeam3.hcp.eastus2.azmk8s.io:443/api/v1/namespaces/test-dc6wev-1/secrets/small-deployment-47&#34;: http2: client connection lost&#xA;namespace test-dc6wev-1 object small-deployment-45 deletion error: Delete &#34;https://cplataks-clusterloader2-854c9d-7joaeam3.hcp.eastus2.azmk8s.io:443/api/v1/namespaces/test-dc6wev-1/configmaps/small-deployment-45&#34;: http2: client connection lost&#xA;namespace test-dc6wev-1 object small-deployment-67 deletion error: Delete &#34;https://cplataks-clusterloader2-854c9d-7joaeam3.hcp.eastus2.azmk8s.io:443/api/v1/namespaces/test-dc6wev-1/secrets/small-deployment-67&#34;: http2: client connection lost&#xA;namespace test-dc6wev-1 object small-deployment-72 deletion error: Delete &#34;https://cplataks-clusterloader2-854c9d-7joaeam3.hcp.eastus2.azmk8s.io:443/api/v1/namespaces/test-dc6wev-1/secrets/small-deployment-72&#34;: http2: client connection lost&#xA;namespace test-dc6wev-1 object small-deployment-134 deletion error: Delete &#34;https://cplataks-clusterloader2-854c9d-7joaeam3.hcp.eastus2.azmk8s.io:443/api/v1/namespaces/test-dc6wev-1/secrets/small-deployment-134&#34;: http2: client connection lost&#xA;namespace test-dc6wev-1 object small-deployment-87 deletion error: Delete &#34;https://cplataks-clusterloader2-854c9d-7joaeam3.hcp.eastus2.azmk8s.io:443/api/v1/namespaces/test-dc6wev-1/secrets/small-deployment-87&#34;: http2: client connection lost&#xA;namespace test-dc6wev-1 object small-deployment-51 deletion error: Delete &#34;https://cplataks-clusterloader2-854c9d-7joaeam3.hcp.eastus2.azmk8s.io:443/api/v1/namespaces/test-dc6wev-1/secrets/small-deployment-51&#34;: http2: client connection lost&#xA;namespace test-dc6wev-1 object small-deployment-78 deletion error: Delete &#34;https://cplataks-clusterloader2-854c9d-7joaeam3.hcp.eastus2.azmk8s.io:443/api/v1/namespaces/test-dc6wev-1/secrets/small-deployment-78&#34;: http2: client connection lost&#xA;namespace test-dc6wev-1 object small-deployment-142 deletion error: Delete &#34;https://cplataks-clusterloader2-854c9d-7joaeam3.hcp.eastus2.azmk8s.io:443/api/v1/namespaces/test-dc6wev-1/secrets/small-deployment-142&#34;: http2: client connection lost&#xA;namespace test-dc6wev-1 object small-deployment-99 deletion error: Delete &#34;https://cplataks-clusterloader2-854c9d-7joaeam3.hcp.eastus2.azmk8s.io:443/api/v1/namespaces/test-dc6wev-1/secrets/small-deployment-99&#34;: http2: client connection lost&#xA;namespace test-dc6wev-1 object small-deployment-37 deletion error: Delete &#34;https://cplataks-clusterloader2-854c9d-7joaeam3.hcp.eastus2.azmk8s.io:443/api/v1/namespaces/test-dc6wev-1/configmaps/small-deployment-37&#34;: http2: client connection lost&#xA;namespace test-dc6wev-1 object small-deployment-115 deletion error: Delete &#34;https://cplataks-clusterloader2-854c9d-7joaeam3.hcp.eastus2.azmk8s.io:443/api/v1/namespaces/test-dc6wev-1/secrets/small-deployment-115&#34;: http2: client connection lost&#xA;namespace test-dc6wev-1 object small-deployment-117 deletion error: Delete &#34;https://cplataks-clusterloader2-854c9d-7joaeam3.hcp.eastus2.azmk8s.io:443/api/v1/namespaces/test-dc6wev-1/secrets/small-deployment-117&#34;: http2: client connection lost&#xA;namespace test-dc6wev-1 object small-deployment-140 deletion error: Delete &#34;https://cplataks-clusterloader2-854c9d-7joaeam3.hcp.eastus2.azmk8s.io:443/api/v1/namespaces/test-dc6wev-1/secrets/small-deployment-140&#34;: http2: client connection lost&#xA;namespace test-dc6wev-1 object small-deployment-73 deletion error: Delete &#34;https://cplataks-clusterloader2-854c9d-7joaeam3.hcp.eastus2.azmk8s.io:443/api/v1/namespaces/test-dc6wev-1/secrets/small-deployment-73&#34;: http2: client connection lost&#xA;namespace test-dc6wev-1 object small-deployment-58 deletion error: Delete &#34;https://cplataks-clusterloader2-854c9d-7joaeam3.hcp.eastus2.azmk8s.io:443/api/v1/namespaces/test-dc6wev-1/secrets/small-deployment-58&#34;: http2: client connection lost&#xA;namespace test-dc6wev-1 object small-deployment-111 deletion error: Delete &#34;https://cplataks-clusterloader2-854c9d-7joaeam3.hcp.eastus2.azmk8s.io:443/api/v1/namespaces/test-dc6wev-1/secrets/small-deployment-111&#34;: http2: client connection lost&#xA;namespace test-dc6wev-1 object small-deployment-116 deletion error: Delete &#34;https://cplataks-clusterloader2-854c9d-7joaeam3.hcp.eastus2.azmk8s.io:443/api/v1/namespaces/test-dc6wev-1/secrets/small-deployment-116&#34;: http2: client connection lost&#xA;namespace test-dc6wev-1 object small-deployment-119 deletion error: Delete &#34;https://cplataks-clusterloader2-854c9d-7joaeam3.hcp.eastus2.azmk8s.io:443/api/v1/namespaces/test-dc6wev-1/secrets/small-deployment-119&#34;: http2: client connection lost&#xA;namespace test-dc6wev-1 object small-deployment-70 deletion error: Delete &#34;https://cplataks-clusterloader2-854c9d-7joaeam3.hcp.eastus2.azmk8s.io:443/api/v1/namespaces/test-dc6wev-1/secrets/small-deployment-70&#34;: http2: client connection lost&#xA;namespace test-dc6wev-1 object small-deployment-150 deletion error: Delete &#34;https://cplataks-clusterloader2-854c9d-7joaeam3.hcp.eastus2.azmk8s.io:443/api/v1/namespaces/test-dc6wev-1/secrets/small-deployment-150&#34;: http2: client connection lost&#xA;namespace test-dc6wev-1 object small-deployment-133 deletion error: Delete &#34;https://cplataks-clusterloader2-854c9d-7joaeam3.hcp.eastus2.azmk8s.io:443/api/v1/namespaces/test-dc6wev-1/secrets/small-deployment-133&#34;: http2: client connection lost&#xA;namespace test-dc6wev-1 object small-deployment-101 deletion error: Delete &#34;https://cplataks-clusterloader2-854c9d-7joaeam3.hcp.eastus2.azmk8s.io:443/api/v1/namespaces/test-dc6wev-1/secrets/small-deployment-101&#34;: http2: client connection lost&#xA;namespace test-dc6wev-1 object small-deployment-144 deletion error: Delete &#34;https://cplataks-clusterloader2-854c9d-7joaeam3.hcp.eastus2.azmk8s.io:443/api/v1/namespaces/test-dc6wev-1/secrets/small-deployment-144&#34;: http2: client connection lost&#xA;namespace test-dc6wev-1 object small-deployment-94 deletion error: Delete &#34;https://cplataks-clusterloader2-854c9d-7joaeam3.hcp.eastus2.azmk8s.io:443/api/v1/namespaces/test-dc6wev-1/secrets/small-deployment-94&#34;: http2: client connection lost&#xA;namespace test-dc6wev-1 object small-deployment-41 deletion error: Delete &#34;https://cplataks-clusterloader2-854c9d-7joaeam3.hcp.eastus2.azmk8s.io:443/api/v1/namespaces/test-dc6wev-1/configmaps/small-deployment-41&#34;: http2: client connection lost&#xA;namespace test-dc6wev-1 object small-deployment-113 deletion error: Delete &#34;https://cplataks-clusterloader2-854c9d-7joaeam3.hcp.eastus2.azmk8s.io:443/api/v1/namespaces/test-dc6wev-1/secrets/small-deployment-113&#34;: http2: client connection lost&#xA;namespace test-dc6wev-1 object small-deployment-57 deletion error: Delete &#34;https://cplataks-clusterloader2-854c9d-7joaeam3.hcp.eastus2.azmk8s.io:443/api/v1/namespaces/test-dc6wev-1/secrets/small-deployment-57&#34;: http2: client connection lost&#xA;namespace test-dc6wev-1 object small-deployment-137 deletion error: Delete &#34;https://cplataks-clusterloader2-854c9d-7joaeam3.hcp.eastus2.azmk8s.io:443/api/v1/namespaces/test-dc6wev-1/secrets/small-deployment-137&#34;: http2: client connection lost]&#xA;:0</failure>
      </testcase>
      <testcase name="load: [step: 27] Deleting PriorityClass for DaemonSets" classname="ClusterLoaderV2" time="0.113222846"></testcase>
      <testcase name="load: [step: 28] Deleting k8s services" classname="ClusterLoaderV2" time="16.210236908"></testcase>
      <testcase name="load: [step: 29] gathering measurements [00] - APIResponsivenessPrometheus" classname="ClusterLoaderV2" time="0.32176507"></testcase>
      <testcase name="load: [step: 29] gathering measurements [01] - APIResponsivenessPrometheusSimple" classname="ClusterLoaderV2" time="0.321746758"></testcase>
      <testcase name="load: [step: 29] gathering measurements [02] - CreatePhasePodStartupLatency" classname="ClusterLoaderV2" time="1.560608678"></testcase>
      <testcase name="load: [step: 29] gathering measurements [03] - InClusterNetworkLatency" classname="ClusterLoaderV2" time="0.322581802"></testcase>
      <testcase name="load: [step: 29] gathering measurements [04] - SLOMeasurement" classname="ClusterLoaderV2" time="0.323657547"></testcase>
      <testcase name="load: [step: 29] gathering measurements [05] - NetworkProgrammingLatency" classname="ClusterLoaderV2" time="0.321703197"></testcase>
      <testcase name="load: [step: 29] gathering measurements [06] - Kube-proxy partial iptables restore failures" classname="ClusterLoaderV2" time="0.321719018"></testcase>
      <testcase name="load: [step: 29] gathering measurements [07] - TestMetrics" classname="ClusterLoaderV2" time="6.221400971"></testcase>
  </testsuite>