<?xml version="1.0" encoding="UTF-8"?>
  <testsuite name="ClusterLoaderV2" tests="0" failures="5" errors="0" time="5360.812">
      <testcase name="load overall (/home/oliviavuong/clusterloader2/cl2_linux/perf-tests/clusterloader2/olivias_test_files/load/test/load-og/config.yaml)" classname="ClusterLoaderV2" time="5360.74429542">
          <failure type="Failure">:0&#xA;[measurement call SchedulingThroughput - SchedulingThroughput error: scheduler throughput: actual throughput 30.000000 lower than threshold 100.000000&#xA;measurement call PodStartupLatency - PodStartupLatency error: pod startup: too high latency 50th percentile: got 5.546202104s expected: 5s&#xA;measurement call WaitForControlledPodsRunning - WaitForRunningDaemonSets error: 1 objects timed out: DaemonSets: test-d1cn1e-1/daemonset-0&#xA;measurement call TestMetrics - TestMetrics error: [action gather failed for SystemPodMetrics measurement: restart counts violation: RestartCount(ama-logs-rs-646684b546-zrp2b, ama-logs)=3, want &lt;= 0&#xA;action gather failed for ClusterOOMsTracker measurement: OOMs recorded: [{Node:aks-nodepool1-28855832-vmss000000 Process:mdsd ProcessMemory:1565500kB ProcessID:1628999 Time:2024-05-30 11:33:04 -0700 PDT} {Node:aks-nodepool1-28855832-vmss000000 Process:main.sh ProcessMemory:4740kB ProcessID:1628892 Time:2024-05-30 11:33:04 -0700 PDT} {Node:aks-nodepool1-28855832-vmss000000 Process:inotifywait ProcessMemory:2828kB ProcessID:1628913 Time:2024-05-30 11:33:04 -0700 PDT} {Node:aks-nodepool1-28855832-vmss000000 Process:fluentd ProcessMemory:178856kB ProcessID:1629243 Time:2024-05-30 11:33:04 -0700 PDT} {Node:aks-nodepool1-28855832-vmss000000 Process:ruby ProcessMemory:915692kB ProcessID:1629794 Time:2024-05-30 11:33:04 -0700 PDT} {Node:aks-nodepool1-28855832-vmss000000 Process:fluent-bit ProcessMemory:857644kB ProcessID:1629256 Time:2024-05-30 11:33:04 -0700 PDT} {Node:aks-nodepool1-28855832-vmss000000 Process:mdsd ProcessMemory:1565500kB ProcessID:1629042 Time:2024-05-30 11:33:04 -0700 PDT} {Node:aks-nodepool1-28855832-vmss000000 Process:mdsd ProcessMemory:1628592kB ProcessID:1746367 Time:2024-05-30 12:05:17 -0700 PDT} {Node:aks-nodepool1-28855832-vmss000000 Process:main.sh ProcessMemory:4764kB ProcessID:1746266 Time:2024-05-30 12:05:17 -0700 PDT} {Node:aks-nodepool1-28855832-vmss000000 Process:inotifywait ProcessMemory:2828kB ProcessID:1746287 Time:2024-05-30 12:05:17 -0700 PDT} {Node:aks-nodepool1-28855832-vmss000000 Process:crond ProcessMemory:4548kB ProcessID:1746359 Time:2024-05-30 12:05:17 -0700 PDT} {Node:aks-nodepool1-28855832-vmss000000 Process:mdsd ProcessMemory:1628592kB ProcessID:1746373 Time:2024-05-30 12:05:17 -0700 PDT} {Node:aks-nodepool1-28855832-vmss000000 Process:fluentd ProcessMemory:178860kB ProcessID:1746600 Time:2024-05-30 12:05:17 -0700 PDT} {Node:aks-nodepool1-28855832-vmss000000 Process:fluent-bit ProcessMemory:853548kB ProcessID:1746601 Time:2024-05-30 12:05:17 -0700 PDT} {Node:aks-nodepool1-28855832-vmss000000 Process:enqueue_thread ProcessMemory:800664kB ProcessID:1747734 Time:2024-05-30 12:05:17 -0700 PDT} {Node:aks-nodepool1-28855832-vmss000000 Process:mdsd ProcessMemory:1775180kB ProcessID:1789709 Time:2024-05-30 12:18:58 -0700 PDT} {Node:aks-nodepool1-28855832-vmss000000 Process:main.sh ProcessMemory:4764kB ProcessID:1789601 Time:2024-05-30 12:18:58 -0700 PDT} {Node:aks-nodepool1-28855832-vmss000000 Process:inotifywait ProcessMemory:2828kB ProcessID:1789622 Time:2024-05-30 12:18:58 -0700 PDT} {Node:aks-nodepool1-28855832-vmss000000 Process:crond ProcessMemory:4540kB ProcessID:1789701 Time:2024-05-30 12:18:58 -0700 PDT} {Node:aks-nodepool1-28855832-vmss000000 Process:fluentd ProcessMemory:180540kB ProcessID:1790102 Time:2024-05-30 12:18:58 -0700 PDT} {Node:aks-nodepool1-28855832-vmss000000 Process:fluent-bit ProcessMemory:853292kB ProcessID:1790103 Time:2024-05-30 12:18:58 -0700 PDT} {Node:aks-nodepool1-28855832-vmss000000 Process:ruby ProcessMemory:669516kB ProcessID:1790132 Time:2024-05-30 12:18:58 -0700 PDT} {Node:aks-nodepool1-28855832-vmss000000 Process:mdsd ProcessMemory:1775180kB ProcessID:1789715 Time:2024-05-30 12:18:58 -0700 PDT} {Node:aks-nodepool1-28855832-vmss000000 Process:signal_thread.* ProcessMemory:180540kB ProcessID:1790129 Time:2024-05-30 12:18:58 -0700 PDT}]]]&#xA;:0</failure>
      </testcase>
      <testcase name="load: [step: 01] starting measurements [00] - APIResponsivenessPrometheus" classname="ClusterLoaderV2" time="0.351849125"></testcase>
      <testcase name="load: [step: 01] starting measurements [01] - APIResponsivenessPrometheusSimple" classname="ClusterLoaderV2" time="0.351824607"></testcase>
      <testcase name="load: [step: 01] starting measurements [02] - CreatePhasePodStartupLatency" classname="ClusterLoaderV2" time="0.452598393"></testcase>
      <testcase name="load: [step: 01] starting measurements [03] - InClusterNetworkLatency" classname="ClusterLoaderV2" time="0.351869435"></testcase>
      <testcase name="load: [step: 01] starting measurements [04] - SLOMeasurement" classname="ClusterLoaderV2" time="0.351859365"></testcase>
      <testcase name="load: [step: 01] starting measurements [05] - NetworkProgrammingLatency" classname="ClusterLoaderV2" time="0.337636465"></testcase>
      <testcase name="load: [step: 01] starting measurements [06] - Kube-proxy partial iptables restore failures" classname="ClusterLoaderV2" time="0.337672966"></testcase>
      <testcase name="load: [step: 01] starting measurements [07] - TestMetrics" classname="ClusterLoaderV2" time="2.948988083"></testcase>
      <testcase name="load: [step: 02] Creating k8s services" classname="ClusterLoaderV2" time="67.709300412"></testcase>
      <testcase name="load: [step: 03] Creating PriorityClass for DaemonSets" classname="ClusterLoaderV2" time="0.081990667"></testcase>
      <testcase name="load: [step: 04] create objects configmaps and secrets" classname="ClusterLoaderV2" time="161.571462307"></testcase>
      <testcase name="load: [step: 05] Starting measurement for &#39;create objects&#39; [00] - " classname="ClusterLoaderV2" time="1.210238392"></testcase>
      <testcase name="load: [step: 06] create objects" classname="ClusterLoaderV2" time="1499.669086142"></testcase>
      <testcase name="load: [step: 07] Waiting for &#39;create objects&#39; to be completed [00] - " classname="ClusterLoaderV2" time="131.140574953"></testcase>
      <testcase name="load: [step: 08] Creating scheduler throughput measurements [00] - HighThroughputPodStartupLatency" classname="ClusterLoaderV2" time="0.69768685"></testcase>
      <testcase name="load: [step: 08] Creating scheduler throughput measurements [01] - WaitForSchedulerThroughputDeployments" classname="ClusterLoaderV2" time="0.597304581"></testcase>
      <testcase name="load: [step: 08] Creating scheduler throughput measurements [02] - SchedulingThroughput" classname="ClusterLoaderV2" time="0.397548775"></testcase>
      <testcase name="load: [step: 09] create scheduler throughput pods" classname="ClusterLoaderV2" time="0.104536"></testcase>
      <testcase name="load: [step: 10] Waiting for scheduler throughput pods to be created [00] - WaitForSchedulerThroughputDeployments" classname="ClusterLoaderV2" time="115.481875"></testcase>
      <testcase name="load: [step: 11] Collecting scheduler throughput measurements [00] - HighThroughputPodStartupLatency" classname="ClusterLoaderV2" time="2.920275953"></testcase>
      <testcase name="load: [step: 11] Collecting scheduler throughput measurements [01] - SchedulingThroughput" classname="ClusterLoaderV2" time="0.290791641">
          <failure type="Failure">:0&#xA;[measurement call SchedulingThroughput - SchedulingThroughput error: scheduler throughput: actual throughput 30.000000 lower than threshold 100.000000]&#xA;:0</failure>
      </testcase>
      <testcase name="load: [step: 12] delete scheduler throughput pods" classname="ClusterLoaderV2" time="0.090604089"></testcase>
      <testcase name="load: [step: 13] Waiting for scheduler throughput pods to be deleted [00] - WaitForSchedulerThroughputDeployments" classname="ClusterLoaderV2" time="75.090140893"></testcase>
      <testcase name="load: [step: 14] Starting latency pod measurements [00] - PodStartupLatency" classname="ClusterLoaderV2" time="0.281217919"></testcase>
      <testcase name="load: [step: 14] Starting latency pod measurements [01] - WaitForRunningLatencyDeployments" classname="ClusterLoaderV2" time="0.181433308"></testcase>
      <testcase name="load: [step: 15] Creating latency pods" classname="ClusterLoaderV2" time="100.345984084"></testcase>
      <testcase name="load: [step: 16] Waiting for latency pods to be running [00] - WaitForRunningLatencyDeployments" classname="ClusterLoaderV2" time="34.48810847"></testcase>
      <testcase name="load: [step: 17] Deleting latency pods" classname="ClusterLoaderV2" time="49.991881742"></testcase>
      <testcase name="load: [step: 18] Waiting for latency pods to be deleted [00] - WaitForRunningLatencyDeployments" classname="ClusterLoaderV2" time="8.303503218"></testcase>
      <testcase name="load: [step: 19] Collecting pod startup latency [00] - PodStartupLatency" classname="ClusterLoaderV2" time="2.303568269">
          <failure type="Failure">:0&#xA;[measurement call PodStartupLatency - PodStartupLatency error: pod startup: too high latency 50th percentile: got 5.546202104s expected: 5s]&#xA;:0</failure>
      </testcase>
      <testcase name="load: [step: 20] Starting measurement for &#39;scale and update objects&#39; [00] - " classname="ClusterLoaderV2" time="0.080759936"></testcase>
      <testcase name="load: [step: 21] scale and update objects" classname="ClusterLoaderV2" time="375.062116673"></testcase>
      <testcase name="load: [step: 22] Waiting for &#39;scale and update objects&#39; to be completed [00] - " classname="ClusterLoaderV2" time="849.090255174">
          <failure type="Failure">:0&#xA;[measurement call WaitForControlledPodsRunning - WaitForRunningDaemonSets error: 1 objects timed out: DaemonSets: test-d1cn1e-1/daemonset-0]&#xA;:0</failure>
      </testcase>
      <testcase name="load: [step: 23] Starting measurement for &#39;delete objects&#39; [00] - " classname="ClusterLoaderV2" time="0.297700137"></testcase>
      <testcase name="load: [step: 24] delete objects" classname="ClusterLoaderV2" time="1499.008127544"></testcase>
      <testcase name="load: [step: 25] Waiting for &#39;delete objects&#39; to be completed [00] - " classname="ClusterLoaderV2" time="40.654003761"></testcase>
      <testcase name="load: [step: 25] Waiting for &#39;delete objects&#39; to be completed [01] - WaitForPVCsToBeDeleted" classname="ClusterLoaderV2" time="5.693063254"></testcase>
      <testcase name="load: [step: 26] delete objects configmaps and secrets" classname="ClusterLoaderV2" time="161.578680568"></testcase>
      <testcase name="load: [step: 27] Deleting PriorityClass for DaemonSets" classname="ClusterLoaderV2" time="0.088016297"></testcase>
      <testcase name="load: [step: 28] Deleting k8s services" classname="ClusterLoaderV2" time="82.03406692"></testcase>
      <testcase name="load: [step: 29] gathering measurements [00] - APIResponsivenessPrometheus" classname="ClusterLoaderV2" time="0.338519707"></testcase>
      <testcase name="load: [step: 29] gathering measurements [01] - APIResponsivenessPrometheusSimple" classname="ClusterLoaderV2" time="0.338981376"></testcase>
      <testcase name="load: [step: 29] gathering measurements [02] - CreatePhasePodStartupLatency" classname="ClusterLoaderV2" time="3.176009043"></testcase>
      <testcase name="load: [step: 29] gathering measurements [03] - InClusterNetworkLatency" classname="ClusterLoaderV2" time="0.378100728"></testcase>
      <testcase name="load: [step: 29] gathering measurements [04] - SLOMeasurement" classname="ClusterLoaderV2" time="0.404295095"></testcase>
      <testcase name="load: [step: 29] gathering measurements [05] - NetworkProgrammingLatency" classname="ClusterLoaderV2" time="0.338896996"></testcase>
      <testcase name="load: [step: 29] gathering measurements [06] - Kube-proxy partial iptables restore failures" classname="ClusterLoaderV2" time="0.338735787"></testcase>
      <testcase name="load: [step: 29] gathering measurements [07] - TestMetrics" classname="ClusterLoaderV2" time="11.668913742">
          <failure type="Failure">:0&#xA;[measurement call TestMetrics - TestMetrics error: [action gather failed for SystemPodMetrics measurement: restart counts violation: RestartCount(ama-logs-rs-646684b546-zrp2b, ama-logs)=3, want &lt;= 0&#xA;action gather failed for ClusterOOMsTracker measurement: OOMs recorded: [{Node:aks-nodepool1-28855832-vmss000000 Process:mdsd ProcessMemory:1565500kB ProcessID:1628999 Time:2024-05-30 11:33:04 -0700 PDT} {Node:aks-nodepool1-28855832-vmss000000 Process:main.sh ProcessMemory:4740kB ProcessID:1628892 Time:2024-05-30 11:33:04 -0700 PDT} {Node:aks-nodepool1-28855832-vmss000000 Process:inotifywait ProcessMemory:2828kB ProcessID:1628913 Time:2024-05-30 11:33:04 -0700 PDT} {Node:aks-nodepool1-28855832-vmss000000 Process:fluentd ProcessMemory:178856kB ProcessID:1629243 Time:2024-05-30 11:33:04 -0700 PDT} {Node:aks-nodepool1-28855832-vmss000000 Process:ruby ProcessMemory:915692kB ProcessID:1629794 Time:2024-05-30 11:33:04 -0700 PDT} {Node:aks-nodepool1-28855832-vmss000000 Process:fluent-bit ProcessMemory:857644kB ProcessID:1629256 Time:2024-05-30 11:33:04 -0700 PDT} {Node:aks-nodepool1-28855832-vmss000000 Process:mdsd ProcessMemory:1565500kB ProcessID:1629042 Time:2024-05-30 11:33:04 -0700 PDT} {Node:aks-nodepool1-28855832-vmss000000 Process:mdsd ProcessMemory:1628592kB ProcessID:1746367 Time:2024-05-30 12:05:17 -0700 PDT} {Node:aks-nodepool1-28855832-vmss000000 Process:main.sh ProcessMemory:4764kB ProcessID:1746266 Time:2024-05-30 12:05:17 -0700 PDT} {Node:aks-nodepool1-28855832-vmss000000 Process:inotifywait ProcessMemory:2828kB ProcessID:1746287 Time:2024-05-30 12:05:17 -0700 PDT} {Node:aks-nodepool1-28855832-vmss000000 Process:crond ProcessMemory:4548kB ProcessID:1746359 Time:2024-05-30 12:05:17 -0700 PDT} {Node:aks-nodepool1-28855832-vmss000000 Process:mdsd ProcessMemory:1628592kB ProcessID:1746373 Time:2024-05-30 12:05:17 -0700 PDT} {Node:aks-nodepool1-28855832-vmss000000 Process:fluentd ProcessMemory:178860kB ProcessID:1746600 Time:2024-05-30 12:05:17 -0700 PDT} {Node:aks-nodepool1-28855832-vmss000000 Process:fluent-bit ProcessMemory:853548kB ProcessID:1746601 Time:2024-05-30 12:05:17 -0700 PDT} {Node:aks-nodepool1-28855832-vmss000000 Process:enqueue_thread ProcessMemory:800664kB ProcessID:1747734 Time:2024-05-30 12:05:17 -0700 PDT} {Node:aks-nodepool1-28855832-vmss000000 Process:mdsd ProcessMemory:1775180kB ProcessID:1789709 Time:2024-05-30 12:18:58 -0700 PDT} {Node:aks-nodepool1-28855832-vmss000000 Process:main.sh ProcessMemory:4764kB ProcessID:1789601 Time:2024-05-30 12:18:58 -0700 PDT} {Node:aks-nodepool1-28855832-vmss000000 Process:inotifywait ProcessMemory:2828kB ProcessID:1789622 Time:2024-05-30 12:18:58 -0700 PDT} {Node:aks-nodepool1-28855832-vmss000000 Process:crond ProcessMemory:4540kB ProcessID:1789701 Time:2024-05-30 12:18:58 -0700 PDT} {Node:aks-nodepool1-28855832-vmss000000 Process:fluentd ProcessMemory:180540kB ProcessID:1790102 Time:2024-05-30 12:18:58 -0700 PDT} {Node:aks-nodepool1-28855832-vmss000000 Process:fluent-bit ProcessMemory:853292kB ProcessID:1790103 Time:2024-05-30 12:18:58 -0700 PDT} {Node:aks-nodepool1-28855832-vmss000000 Process:ruby ProcessMemory:669516kB ProcessID:1790132 Time:2024-05-30 12:18:58 -0700 PDT} {Node:aks-nodepool1-28855832-vmss000000 Process:mdsd ProcessMemory:1775180kB ProcessID:1789715 Time:2024-05-30 12:18:58 -0700 PDT} {Node:aks-nodepool1-28855832-vmss000000 Process:signal_thread.* ProcessMemory:180540kB ProcessID:1790129 Time:2024-05-30 12:18:58 -0700 PDT}]]]&#xA;:0</failure>
      </testcase>
  </testsuite>