<?xml version="1.0" encoding="UTF-8"?>
  <testsuite name="ClusterLoaderV2" tests="0" failures="2" errors="0" time="1204.327">
      <testcase name="density overall (/home/oliviavuong/clusterloader2/cl2_linux/perf-tests/clusterloader2/olivias_test_files/density/simple-density/config.yaml)" classname="ClusterLoaderV2" time="1204.297060466">
          <failure type="Failure">:0&#xA;[measurement call PodStartupLatency - PodStartupLatency error: pod startup: too high latency 90th percentile: got 6.266888154s expected: 5s]&#xA;:0</failure>
      </testcase>
      <testcase name="density: [step: 01] Starting saturation pod measurements [00] - SaturationPodStartupLatency" classname="ClusterLoaderV2" time="0.465300938"></testcase>
      <testcase name="density: [step: 01] Starting saturation pod measurements [01] - WaitForRunningSaturationDeployments" classname="ClusterLoaderV2" time="1.069593029"></testcase>
      <testcase name="density: [step: 01] Starting saturation pod measurements [02] - SchedulingThroughput" classname="ClusterLoaderV2" time="0.465335472"></testcase>
      <testcase name="density: [step: 02] Creating saturation pods" classname="ClusterLoaderV2" time="1.009612655"></testcase>
      <testcase name="density: [step: 03] Waiting for saturation pods to be running [00] - WaitForRunningSaturationDeployments" classname="ClusterLoaderV2" time="59.639826837"></testcase>
      <testcase name="density: [step: 04] Collecting saturation pod measurements [00] - SaturationPodStartupLatency" classname="ClusterLoaderV2" time="0.610115166"></testcase>
      <testcase name="density: [step: 04] Collecting saturation pod measurements [01] - SchedulingThroughput" classname="ClusterLoaderV2" time="0.160616587"></testcase>
      <testcase name="density: [step: 05] Starting latency pod measurements [00] - PodStartupLatency" classname="ClusterLoaderV2" time="0.19546046"></testcase>
      <testcase name="density: [step: 05] Starting latency pod measurements [01] - WaitForRunningLatencyDeployments" classname="ClusterLoaderV2" time="0.196686109"></testcase>
      <testcase name="density: [step: 06] Creating latency pods" classname="ClusterLoaderV2" time="500.539910497"></testcase>
      <testcase name="density: [step: 07] Waiting for latency pods to be running [00] - WaitForRunningLatencyDeployments" classname="ClusterLoaderV2" time="9.080835615"></testcase>
      <testcase name="density: [step: 08] Deleting latency pods" classname="ClusterLoaderV2" time="500.390918173"></testcase>
      <testcase name="density: [step: 09] Waiting for latency pods to be deleted [00] - WaitForRunningLatencyDeployments" classname="ClusterLoaderV2" time="5.436774894"></testcase>
      <testcase name="density: [step: 10] Collecting pod startup latency [00] - PodStartupLatency" classname="ClusterLoaderV2" time="0.516123458">
          <failure type="Failure">:0&#xA;[measurement call PodStartupLatency - PodStartupLatency error: pod startup: too high latency 90th percentile: got 6.266888154s expected: 5s]&#xA;:0</failure>
      </testcase>
      <testcase name="density: [step: 11] Deleting saturation pods" classname="ClusterLoaderV2" time="1.002028198"></testcase>
      <testcase name="density: [step: 12] Waiting for saturation pods to be deleted [00] - WaitForRunningSaturationDeployments" classname="ClusterLoaderV2" time="54.251241264"></testcase>
  </testsuite>