<?xml version="1.0" encoding="UTF-8"?>
  <testsuite name="ClusterLoaderV2" tests="0" failures="2" errors="0" time="136.981">
      <testcase name="test overall (/home/oliviavuong/clusterloader2/cl2_linux/perf-tests/clusterloader2/olivias_test_files/getting_started/config.yaml)" classname="ClusterLoaderV2" time="136.97631021">
          <failure type="Failure">:0&#xA;[measurement call WaitForControlledPodsRunning - WaitForControlledPodsRunning error: 1 objects timed out: Deployments: test-cdoklb-1/test-deployment-0]&#xA;:0</failure>
      </testcase>
      <testcase name="test: [step: 01] Start measurements [00] - PodStartupLatency" classname="ClusterLoaderV2" time="0.398720393"></testcase>
      <testcase name="test: [step: 01] Start measurements [01] - WaitForControlledPodsRunning" classname="ClusterLoaderV2" time="0.999262446"></testcase>
      <testcase name="test: [step: 02] Create deployment" classname="ClusterLoaderV2" time="1.003597263"></testcase>
      <testcase name="test: [step: 03] Wait for pods to be running [00] - WaitForControlledPodsRunning" classname="ClusterLoaderV2" time="119.10081709">
          <failure type="Failure">:0&#xA;[measurement call WaitForControlledPodsRunning - WaitForControlledPodsRunning error: 1 objects timed out: Deployments: test-cdoklb-1/test-deployment-0]&#xA;:0</failure>
      </testcase>
      <testcase name="test: [step: 04] Measure pod startup latency [00] - PodStartupLatency" classname="ClusterLoaderV2" time="0.369480393"></testcase>
  </testsuite>