<?xml version="1.0" encoding="UTF-8"?>
  <testsuite name="ClusterLoaderV2" tests="0" failures="0" errors="0" time="415.311">
      <testcase name="density overall (//home/oliviavuong/clusterloader2/cl2_linux/perf-tests/clusterloader2/olivias_test_files/density/config.yaml)" classname="ClusterLoaderV2" time="415.307251939"></testcase>
      <testcase name="density: [step: 01] Starting saturation pod measurements [00] - SaturationPodStartupLatency" classname="ClusterLoaderV2" time="0.625799564"></testcase>
      <testcase name="density: [step: 01] Starting saturation pod measurements [01] - WaitForRunningSaturationDeployments" classname="ClusterLoaderV2" time="1.027305202"></testcase>
      <testcase name="density: [step: 01] Starting saturation pod measurements [02] - SchedulingThroughput" classname="ClusterLoaderV2" time="0.575702608"></testcase>
      <testcase name="density: [step: 02] Creating saturation pods" classname="ClusterLoaderV2" time="0.200929491"></testcase>
      <testcase name="density: [step: 03] Waiting for saturation pods to be running [00] - WaitForRunningSaturationDeployments" classname="ClusterLoaderV2" time="166.285565233"></testcase>
      <testcase name="density: [step: 04] Collecting saturation pod measurements [00] - SaturationPodStartupLatency" classname="ClusterLoaderV2" time="1.034659009"></testcase>
      <testcase name="density: [step: 04] Collecting saturation pod measurements [01] - SchedulingThroughput" classname="ClusterLoaderV2" time="0.291878231"></testcase>
      <testcase name="density: [step: 05] Deleting saturation pods" classname="ClusterLoaderV2" time="0.202255453"></testcase>
      <testcase name="density: [step: 06] Waiting for saturation pods to be deleted [00] - WaitForRunningSaturationDeployments" classname="ClusterLoaderV2" time="156.024199675"></testcase>
  </testsuite>