<?xml version="1.0" encoding="UTF-8"?>
  <testsuite name="ClusterLoaderV2" tests="0" failures="4" errors="0" time="4032.483">
      <testcase name="load overall (/home/oliviavuong/clusterloader2/cl2_linux/perf-tests/clusterloader2/olivias_test_files/load/test/load-og/config.yaml)" classname="ClusterLoaderV2" time="4032.455891326">
          <failure type="Failure">:0&#xA;[measurement call SchedulingThroughput - SchedulingThroughput error: scheduler throughput: actual throughput 31.000000 lower than threshold 100.000000&#xA;measurement call PodStartupLatency - PodStartupLatency error: pod startup: too high latency 50th percentile: got 8.897795755s expected: 5s&#xA;measurement call TestMetrics - TestMetrics error: [action gather failed for SystemPodMetrics measurement: restart counts violation: RestartCount(ama-logs-rs-646684b546-zrp2b, ama-logs)=1, want &lt;= 0&#xA;action gather failed for ClusterOOMsTracker measurement: OOMs recorded: [{Node:aks-nodepool1-28855832-vmss000000 Process:mdsd ProcessMemory:1670692kB ProcessID:2095777 Time:2024-05-30 17:52:50 -0700 PDT} {Node:aks-nodepool1-28855832-vmss000000 Process:main.sh ProcessMemory:4648kB ProcessID:2095680 Time:2024-05-30 17:52:50 -0700 PDT} {Node:aks-nodepool1-28855832-vmss000000 Process:inotifywait ProcessMemory:2828kB ProcessID:2095701 Time:2024-05-30 17:52:50 -0700 PDT} {Node:aks-nodepool1-28855832-vmss000000 Process:crond ProcessMemory:4548kB ProcessID:2095769 Time:2024-05-30 17:52:50 -0700 PDT} {Node:aks-nodepool1-28855832-vmss000000 Process:mdsd ProcessMemory:1670692kB ProcessID:2095783 Time:2024-05-30 17:52:50 -0700 PDT} {Node:aks-nodepool1-28855832-vmss000000 Process:fluent-bit ProcessMemory:857644kB ProcessID:2096153 Time:2024-05-30 17:52:50 -0700 PDT} {Node:aks-nodepool1-28855832-vmss000000 Process:flush_thread_3 ProcessMemory:807836kB ProcessID:2096709 Time:2024-05-30 17:52:50 -0700 PDT} {Node:aks-nodepool1-28855832-vmss000000 Process:mdsd ProcessMemory:1670692kB ProcessID:2095783 Time:2024-05-30 17:52:50 -0700 PDT}]]]&#xA;:0</failure>
      </testcase>
      <testcase name="load: [step: 01] starting measurements [00] - APIResponsivenessPrometheus" classname="ClusterLoaderV2" time="0.249788735"></testcase>
      <testcase name="load: [step: 01] starting measurements [01] - APIResponsivenessPrometheusSimple" classname="ClusterLoaderV2" time="0.249632433"></testcase>
      <testcase name="load: [step: 01] starting measurements [02] - CreatePhasePodStartupLatency" classname="ClusterLoaderV2" time="0.350234364"></testcase>
      <testcase name="load: [step: 01] starting measurements [03] - InClusterNetworkLatency" classname="ClusterLoaderV2" time="0.24981566"></testcase>
      <testcase name="load: [step: 01] starting measurements [04] - SLOMeasurement" classname="ClusterLoaderV2" time="0.249784623"></testcase>
      <testcase name="load: [step: 01] starting measurements [05] - NetworkProgrammingLatency" classname="ClusterLoaderV2" time="0.249934979"></testcase>
      <testcase name="load: [step: 01] starting measurements [06] - Kube-proxy partial iptables restore failures" classname="ClusterLoaderV2" time="0.249665189"></testcase>
      <testcase name="load: [step: 01] starting measurements [07] - TestMetrics" classname="ClusterLoaderV2" time="2.445982302"></testcase>
      <testcase name="load: [step: 02] Creating k8s services" classname="ClusterLoaderV2" time="56.729406589"></testcase>
      <testcase name="load: [step: 03] Creating PriorityClass for DaemonSets" classname="ClusterLoaderV2" time="0.104113036"></testcase>
      <testcase name="load: [step: 04] create objects configmaps and secrets" classname="ClusterLoaderV2" time="129.269495463"></testcase>
      <testcase name="load: [step: 05] Starting measurement for &#39;create objects&#39; [00] - " classname="ClusterLoaderV2" time="1.281109044"></testcase>
      <testcase name="load: [step: 06] create objects" classname="ClusterLoaderV2" time="1199.975941582"></testcase>
      <testcase name="load: [step: 07] Waiting for &#39;create objects&#39; to be completed [00] - " classname="ClusterLoaderV2" time="156.608661821"></testcase>
      <testcase name="load: [step: 08] Creating scheduler throughput measurements [00] - HighThroughputPodStartupLatency" classname="ClusterLoaderV2" time="2.021016602"></testcase>
      <testcase name="load: [step: 08] Creating scheduler throughput measurements [01] - WaitForSchedulerThroughputDeployments" classname="ClusterLoaderV2" time="1.7057575219999999"></testcase>
      <testcase name="load: [step: 08] Creating scheduler throughput measurements [02] - SchedulingThroughput" classname="ClusterLoaderV2" time="1.797482254"></testcase>
      <testcase name="load: [step: 09] create scheduler throughput pods" classname="ClusterLoaderV2" time="0.313479816"></testcase>
      <testcase name="load: [step: 10] Waiting for scheduler throughput pods to be created [00] - WaitForSchedulerThroughputDeployments" classname="ClusterLoaderV2" time="80.49685563"></testcase>
      <testcase name="load: [step: 11] Collecting scheduler throughput measurements [00] - HighThroughputPodStartupLatency" classname="ClusterLoaderV2" time="4.49194955"></testcase>
      <testcase name="load: [step: 11] Collecting scheduler throughput measurements [01] - SchedulingThroughput" classname="ClusterLoaderV2" time="0.087809839">
          <failure type="Failure">:0&#xA;[measurement call SchedulingThroughput - SchedulingThroughput error: scheduler throughput: actual throughput 31.000000 lower than threshold 100.000000]&#xA;:0</failure>
      </testcase>
      <testcase name="load: [step: 12] delete scheduler throughput pods" classname="ClusterLoaderV2" time="0.096941256"></testcase>
      <testcase name="load: [step: 13] Waiting for scheduler throughput pods to be deleted [00] - WaitForSchedulerThroughputDeployments" classname="ClusterLoaderV2" time="70.177226685"></testcase>
      <testcase name="load: [step: 14] Starting latency pod measurements [00] - PodStartupLatency" classname="ClusterLoaderV2" time="0.183831304"></testcase>
      <testcase name="load: [step: 14] Starting latency pod measurements [01] - WaitForRunningLatencyDeployments" classname="ClusterLoaderV2" time="0.185063111"></testcase>
      <testcase name="load: [step: 15] Creating latency pods" classname="ClusterLoaderV2" time="100.349932447"></testcase>
      <testcase name="load: [step: 16] Waiting for latency pods to be running [00] - WaitForRunningLatencyDeployments" classname="ClusterLoaderV2" time="43.688090196"></testcase>
      <testcase name="load: [step: 17] Deleting latency pods" classname="ClusterLoaderV2" time="49.994127916"></testcase>
      <testcase name="load: [step: 18] Waiting for latency pods to be deleted [00] - WaitForRunningLatencyDeployments" classname="ClusterLoaderV2" time="19.700367414"></testcase>
      <testcase name="load: [step: 19] Collecting pod startup latency [00] - PodStartupLatency" classname="ClusterLoaderV2" time="5.61109704">
          <failure type="Failure">:0&#xA;[measurement call PodStartupLatency - PodStartupLatency error: pod startup: too high latency 50th percentile: got 8.897795755s expected: 5s]&#xA;:0</failure>
      </testcase>
      <testcase name="load: [step: 20] Starting measurement for &#39;scale and update objects&#39; [00] - " classname="ClusterLoaderV2" time="0.083603171"></testcase>
      <testcase name="load: [step: 21] scale and update objects" classname="ClusterLoaderV2" time="300.127993844"></testcase>
      <testcase name="load: [step: 22] Waiting for &#39;scale and update objects&#39; to be completed [00] - " classname="ClusterLoaderV2" time="203.869775671"></testcase>
      <testcase name="load: [step: 23] Starting measurement for &#39;delete objects&#39; [00] - " classname="ClusterLoaderV2" time="0.554603407"></testcase>
      <testcase name="load: [step: 24] delete objects" classname="ClusterLoaderV2" time="1199.750657634"></testcase>
      <testcase name="load: [step: 25] Waiting for &#39;delete objects&#39; to be completed [00] - " classname="ClusterLoaderV2" time="7.844778852"></testcase>
      <testcase name="load: [step: 25] Waiting for &#39;delete objects&#39; to be completed [01] - WaitForPVCsToBeDeleted" classname="ClusterLoaderV2" time="5.40916676"></testcase>
      <testcase name="load: [step: 26] delete objects configmaps and secrets" classname="ClusterLoaderV2" time="129.266066312"></testcase>
      <testcase name="load: [step: 27] Deleting PriorityClass for DaemonSets" classname="ClusterLoaderV2" time="0.087374077"></testcase>
      <testcase name="load: [step: 28] Deleting k8s services" classname="ClusterLoaderV2" time="64.744788993"></testcase>
      <testcase name="load: [step: 29] gathering measurements [00] - APIResponsivenessPrometheus" classname="ClusterLoaderV2" time="0.29576477"></testcase>
      <testcase name="load: [step: 29] gathering measurements [01] - APIResponsivenessPrometheusSimple" classname="ClusterLoaderV2" time="0.295794369"></testcase>
      <testcase name="load: [step: 29] gathering measurements [02] - CreatePhasePodStartupLatency" classname="ClusterLoaderV2" time="2.943077331"></testcase>
      <testcase name="load: [step: 29] gathering measurements [03] - InClusterNetworkLatency" classname="ClusterLoaderV2" time="0.296867843"></testcase>
      <testcase name="load: [step: 29] gathering measurements [04] - SLOMeasurement" classname="ClusterLoaderV2" time="0.296850676"></testcase>
      <testcase name="load: [step: 29] gathering measurements [05] - NetworkProgrammingLatency" classname="ClusterLoaderV2" time="0.295789365"></testcase>
      <testcase name="load: [step: 29] gathering measurements [06] - Kube-proxy partial iptables restore failures" classname="ClusterLoaderV2" time="0.295818406"></testcase>
      <testcase name="load: [step: 29] gathering measurements [07] - TestMetrics" classname="ClusterLoaderV2" time="21.222785975">
          <failure type="Failure">:0&#xA;[measurement call TestMetrics - TestMetrics error: [action gather failed for SystemPodMetrics measurement: restart counts violation: RestartCount(ama-logs-rs-646684b546-zrp2b, ama-logs)=1, want &lt;= 0&#xA;action gather failed for ClusterOOMsTracker measurement: OOMs recorded: [{Node:aks-nodepool1-28855832-vmss000000 Process:mdsd ProcessMemory:1670692kB ProcessID:2095777 Time:2024-05-30 17:52:50 -0700 PDT} {Node:aks-nodepool1-28855832-vmss000000 Process:main.sh ProcessMemory:4648kB ProcessID:2095680 Time:2024-05-30 17:52:50 -0700 PDT} {Node:aks-nodepool1-28855832-vmss000000 Process:inotifywait ProcessMemory:2828kB ProcessID:2095701 Time:2024-05-30 17:52:50 -0700 PDT} {Node:aks-nodepool1-28855832-vmss000000 Process:crond ProcessMemory:4548kB ProcessID:2095769 Time:2024-05-30 17:52:50 -0700 PDT} {Node:aks-nodepool1-28855832-vmss000000 Process:mdsd ProcessMemory:1670692kB ProcessID:2095783 Time:2024-05-30 17:52:50 -0700 PDT} {Node:aks-nodepool1-28855832-vmss000000 Process:fluent-bit ProcessMemory:857644kB ProcessID:2096153 Time:2024-05-30 17:52:50 -0700 PDT} {Node:aks-nodepool1-28855832-vmss000000 Process:flush_thread_3 ProcessMemory:807836kB ProcessID:2096709 Time:2024-05-30 17:52:50 -0700 PDT} {Node:aks-nodepool1-28855832-vmss000000 Process:mdsd ProcessMemory:1670692kB ProcessID:2095783 Time:2024-05-30 17:52:50 -0700 PDT}]]]&#xA;:0</failure>
      </testcase>
  </testsuite>