<?xml version="1.0" encoding="UTF-8"?>
  <testsuite name="ClusterLoaderV2" tests="0" failures="4" errors="0" time="4876.53">
      <testcase name="load overall (/home/oliviavuong/clusterloader2/cl2_linux/perf-tests/clusterloader2/olivias_test_files/load/test/load-og/config.yaml)" classname="ClusterLoaderV2" time="4876.50514197">
          <failure type="Failure">:0&#xA;[measurement call SchedulingThroughput - SchedulingThroughput error: scheduler throughput: actual throughput 35.000000 lower than threshold 100.000000&#xA;measurement call PodStartupLatency - PodStartupLatency error: pod startup: too high latency 50th percentile: got 10.392340245s expected: 5s&#xA;measurement call TestMetrics - TestMetrics error: [action gather failed for ClusterOOMsTracker measurement: OOMs recorded: [{Node:aks-nodepool1-27831970-vmss000002 Process:mdsd ProcessMemory:1591116kB ProcessID:222105 Time:2024-06-04 14:43:35 -0700 PDT} {Node:aks-nodepool1-27831970-vmss000002 Process:main.sh ProcessMemory:4764kB ProcessID:222007 Time:2024-06-04 14:43:35 -0700 PDT} {Node:aks-nodepool1-27831970-vmss000002 Process:inotifywait ProcessMemory:2828kB ProcessID:222028 Time:2024-06-04 14:43:35 -0700 PDT} {Node:aks-nodepool1-27831970-vmss000002 Process:crond ProcessMemory:4540kB ProcessID:222097 Time:2024-06-04 14:43:35 -0700 PDT} {Node:aks-nodepool1-27831970-vmss000002 Process:mdsd ProcessMemory:1591116kB ProcessID:222111 Time:2024-06-04 14:43:35 -0700 PDT} {Node:aks-nodepool1-27831970-vmss000002 Process:fluentd ProcessMemory:180384kB ProcessID:222364 Time:2024-06-04 14:43:35 -0700 PDT} {Node:aks-nodepool1-27831970-vmss000002 Process:fluent-bit ProcessMemory:853548kB ProcessID:222365 Time:2024-06-04 14:43:35 -0700 PDT} {Node:aks-nodepool1-27831970-vmss000002 Process:sleep ProcessMemory:3624kB ProcessID:222445 Time:2024-06-04 14:43:35 -0700 PDT} {Node:aks-nodepool1-27831970-vmss000002 Process:ruby ProcessMemory:844352kB ProcessID:222451 Time:2024-06-04 14:43:35 -0700 PDT}]]]&#xA;:0</failure>
      </testcase>
      <testcase name="load: [step: 01] starting measurements [00] - APIResponsivenessPrometheus" classname="ClusterLoaderV2" time="0.303076139"></testcase>
      <testcase name="load: [step: 01] starting measurements [01] - APIResponsivenessPrometheusSimple" classname="ClusterLoaderV2" time="0.368672358"></testcase>
      <testcase name="load: [step: 01] starting measurements [02] - CreatePhasePodStartupLatency" classname="ClusterLoaderV2" time="0.418782432"></testcase>
      <testcase name="load: [step: 01] starting measurements [03] - InClusterNetworkLatency" classname="ClusterLoaderV2" time="0.303725295"></testcase>
      <testcase name="load: [step: 01] starting measurements [04] - SLOMeasurement" classname="ClusterLoaderV2" time="0.304871339"></testcase>
      <testcase name="load: [step: 01] starting measurements [05] - NetworkProgrammingLatency" classname="ClusterLoaderV2" time="0.368652391"></testcase>
      <testcase name="load: [step: 01] starting measurements [06] - Kube-proxy partial iptables restore failures" classname="ClusterLoaderV2" time="0.368610098"></testcase>
      <testcase name="load: [step: 01] starting measurements [07] - TestMetrics" classname="ClusterLoaderV2" time="3.839833651"></testcase>
      <testcase name="load: [step: 02] Creating k8s services" classname="ClusterLoaderV2" time="123.538976007"></testcase>
      <testcase name="load: [step: 03] Creating PriorityClass for DaemonSets" classname="ClusterLoaderV2" time="0.161140513"></testcase>
      <testcase name="load: [step: 04] create objects configmaps and secrets" classname="ClusterLoaderV2" time="196.638569424"></testcase>
      <testcase name="load: [step: 05] Starting measurement for &#39;create objects&#39; [00] - " classname="ClusterLoaderV2" time="1.2845375909999999"></testcase>
      <testcase name="load: [step: 06] create objects" classname="ClusterLoaderV2" time="1499.537446529"></testcase>
      <testcase name="load: [step: 07] Waiting for &#39;create objects&#39; to be completed [00] - " classname="ClusterLoaderV2" time="67.005727749"></testcase>
      <testcase name="load: [step: 08] Creating scheduler throughput measurements [00] - HighThroughputPodStartupLatency" classname="ClusterLoaderV2" time="0.290781011"></testcase>
      <testcase name="load: [step: 08] Creating scheduler throughput measurements [01] - WaitForSchedulerThroughputDeployments" classname="ClusterLoaderV2" time="0.190105866"></testcase>
      <testcase name="load: [step: 08] Creating scheduler throughput measurements [02] - SchedulingThroughput" classname="ClusterLoaderV2" time="0.491036731"></testcase>
      <testcase name="load: [step: 09] create scheduler throughput pods" classname="ClusterLoaderV2" time="0.104190944"></testcase>
      <testcase name="load: [step: 10] Waiting for scheduler throughput pods to be created [00] - WaitForSchedulerThroughputDeployments" classname="ClusterLoaderV2" time="70.551908439"></testcase>
      <testcase name="load: [step: 11] Collecting scheduler throughput measurements [00] - HighThroughputPodStartupLatency" classname="ClusterLoaderV2" time="5.682043747"></testcase>
      <testcase name="load: [step: 11] Collecting scheduler throughput measurements [01] - SchedulingThroughput" classname="ClusterLoaderV2" time="0.08720199">
          <failure type="Failure">:0&#xA;[measurement call SchedulingThroughput - SchedulingThroughput error: scheduler throughput: actual throughput 35.000000 lower than threshold 100.000000]&#xA;:0</failure>
      </testcase>
      <testcase name="load: [step: 12] delete scheduler throughput pods" classname="ClusterLoaderV2" time="0.10997934"></testcase>
      <testcase name="load: [step: 13] Waiting for scheduler throughput pods to be deleted [00] - WaitForSchedulerThroughputDeployments" classname="ClusterLoaderV2" time="70.409926188"></testcase>
      <testcase name="load: [step: 14] Starting latency pod measurements [00] - PodStartupLatency" classname="ClusterLoaderV2" time="0.29429734"></testcase>
      <testcase name="load: [step: 14] Starting latency pod measurements [01] - WaitForRunningLatencyDeployments" classname="ClusterLoaderV2" time="0.194026645"></testcase>
      <testcase name="load: [step: 15] Creating latency pods" classname="ClusterLoaderV2" time="104.621272805"></testcase>
      <testcase name="load: [step: 16] Waiting for latency pods to be running [00] - WaitForRunningLatencyDeployments" classname="ClusterLoaderV2" time="40.414243589"></testcase>
      <testcase name="load: [step: 17] Deleting latency pods" classname="ClusterLoaderV2" time="50.022051479"></testcase>
      <testcase name="load: [step: 18] Waiting for latency pods to be deleted [00] - WaitForRunningLatencyDeployments" classname="ClusterLoaderV2" time="19.987183093"></testcase>
      <testcase name="load: [step: 19] Collecting pod startup latency [00] - PodStartupLatency" classname="ClusterLoaderV2" time="5.6956488709999995">
          <failure type="Failure">:0&#xA;[measurement call PodStartupLatency - PodStartupLatency error: pod startup: too high latency 50th percentile: got 10.392340245s expected: 5s]&#xA;:0</failure>
      </testcase>
      <testcase name="load: [step: 20] Starting measurement for &#39;scale and update objects&#39; [00] - " classname="ClusterLoaderV2" time="0.085280056"></testcase>
      <testcase name="load: [step: 21] scale and update objects" classname="ClusterLoaderV2" time="374.92247755"></testcase>
      <testcase name="load: [step: 22] Waiting for &#39;scale and update objects&#39; to be completed [00] - " classname="ClusterLoaderV2" time="368.668879857"></testcase>
      <testcase name="load: [step: 23] Starting measurement for &#39;delete objects&#39; [00] - " classname="ClusterLoaderV2" time="0.567390722"></testcase>
      <testcase name="load: [step: 24] delete objects" classname="ClusterLoaderV2" time="1497.861742456"></testcase>
      <testcase name="load: [step: 25] Waiting for &#39;delete objects&#39; to be completed [00] - " classname="ClusterLoaderV2" time="5.395853279"></testcase>
      <testcase name="load: [step: 25] Waiting for &#39;delete objects&#39; to be completed [01] - WaitForPVCsToBeDeleted" classname="ClusterLoaderV2" time="5.65209626"></testcase>
      <testcase name="load: [step: 26] delete objects configmaps and secrets" classname="ClusterLoaderV2" time="161.58468519"></testcase>
      <testcase name="load: [step: 27] Deleting PriorityClass for DaemonSets" classname="ClusterLoaderV2" time="0.087880455"></testcase>
      <testcase name="load: [step: 28] Deleting k8s services" classname="ClusterLoaderV2" time="84.72629652"></testcase>
      <testcase name="load: [step: 29] gathering measurements [00] - APIResponsivenessPrometheus" classname="ClusterLoaderV2" time="0.309942646"></testcase>
      <testcase name="load: [step: 29] gathering measurements [01] - APIResponsivenessPrometheusSimple" classname="ClusterLoaderV2" time="0.309188771"></testcase>
      <testcase name="load: [step: 29] gathering measurements [02] - CreatePhasePodStartupLatency" classname="ClusterLoaderV2" time="3.00095615"></testcase>
      <testcase name="load: [step: 29] gathering measurements [03] - InClusterNetworkLatency" classname="ClusterLoaderV2" time="0.310186026"></testcase>
      <testcase name="load: [step: 29] gathering measurements [04] - SLOMeasurement" classname="ClusterLoaderV2" time="0.310160382"></testcase>
      <testcase name="load: [step: 29] gathering measurements [05] - NetworkProgrammingLatency" classname="ClusterLoaderV2" time="0.309179646"></testcase>
      <testcase name="load: [step: 29] gathering measurements [06] - Kube-proxy partial iptables restore failures" classname="ClusterLoaderV2" time="0.3092768"></testcase>
      <testcase name="load: [step: 29] gathering measurements [07] - TestMetrics" classname="ClusterLoaderV2" time="10.35148395">
          <failure type="Failure">:0&#xA;[measurement call TestMetrics - TestMetrics error: [action gather failed for ClusterOOMsTracker measurement: OOMs recorded: [{Node:aks-nodepool1-27831970-vmss000002 Process:mdsd ProcessMemory:1591116kB ProcessID:222105 Time:2024-06-04 14:43:35 -0700 PDT} {Node:aks-nodepool1-27831970-vmss000002 Process:main.sh ProcessMemory:4764kB ProcessID:222007 Time:2024-06-04 14:43:35 -0700 PDT} {Node:aks-nodepool1-27831970-vmss000002 Process:inotifywait ProcessMemory:2828kB ProcessID:222028 Time:2024-06-04 14:43:35 -0700 PDT} {Node:aks-nodepool1-27831970-vmss000002 Process:crond ProcessMemory:4540kB ProcessID:222097 Time:2024-06-04 14:43:35 -0700 PDT} {Node:aks-nodepool1-27831970-vmss000002 Process:mdsd ProcessMemory:1591116kB ProcessID:222111 Time:2024-06-04 14:43:35 -0700 PDT} {Node:aks-nodepool1-27831970-vmss000002 Process:fluentd ProcessMemory:180384kB ProcessID:222364 Time:2024-06-04 14:43:35 -0700 PDT} {Node:aks-nodepool1-27831970-vmss000002 Process:fluent-bit ProcessMemory:853548kB ProcessID:222365 Time:2024-06-04 14:43:35 -0700 PDT} {Node:aks-nodepool1-27831970-vmss000002 Process:sleep ProcessMemory:3624kB ProcessID:222445 Time:2024-06-04 14:43:35 -0700 PDT} {Node:aks-nodepool1-27831970-vmss000002 Process:ruby ProcessMemory:844352kB ProcessID:222451 Time:2024-06-04 14:43:35 -0700 PDT}]]]&#xA;:0</failure>
      </testcase>
  </testsuite>