<?xml version="1.0" encoding="UTF-8"?>
  <testsuite name="ClusterLoaderV2" tests="0" failures="2" errors="0" time="1341.952">
      <testcase name="density overall (/home/oliviavuong/clusterloader2/cl2_linux/perf-tests/clusterloader2/olivias_test_files/density/simple-density/config.yaml)" classname="ClusterLoaderV2" time="1341.918403263">
          <failure type="Failure">:0&#xA;[measurement call PodStartupLatency - PodStartupLatency error: pod startup: too high latency 90th percentile: got 5.541691597s expected: 5s&#xA;writing to file /home/oliviavuong/clusterloader2/cl2_linux/perf-tests/clusterloader2/olivias_test_files/density/density_simple_output240514-2/SchedulingThroughput_density_2024-05-14T16:42:34-07:00.json error: open /home/oliviavuong/clusterloader2/cl2_linux/perf-tests/clusterloader2/olivias_test_files/density/density_simple_output240514-2/SchedulingThroughput_density_2024-05-14T16:42:34-07:00.json: no such file or directory&#xA;writing to file /home/oliviavuong/clusterloader2/cl2_linux/perf-tests/clusterloader2/olivias_test_files/density/density_simple_output240514-2/PodStartupLatency_SaturationPodStartupLatency_density_2024-05-14T16:42:34-07:00.json error: open /home/oliviavuong/clusterloader2/cl2_linux/perf-tests/clusterloader2/olivias_test_files/density/density_simple_output240514-2/PodStartupLatency_SaturationPodStartupLatency_density_2024-05-14T16:42:34-07:00.json: no such file or directory&#xA;writing to file /home/oliviavuong/clusterloader2/cl2_linux/perf-tests/clusterloader2/olivias_test_files/density/density_simple_output240514-2/StatelessPodStartupLatency_SaturationPodStartupLatency_density_2024-05-14T16:42:34-07:00.json error: open /home/oliviavuong/clusterloader2/cl2_linux/perf-tests/clusterloader2/olivias_test_files/density/density_simple_output240514-2/StatelessPodStartupLatency_SaturationPodStartupLatency_density_2024-05-14T16:42:34-07:00.json: no such file or directory&#xA;writing to file /home/oliviavuong/clusterloader2/cl2_linux/perf-tests/clusterloader2/olivias_test_files/density/density_simple_output240514-2/StatefulPodStartupLatency_SaturationPodStartupLatency_density_2024-05-14T16:42:34-07:00.json error: open /home/oliviavuong/clusterloader2/cl2_linux/perf-tests/clusterloader2/olivias_test_files/density/density_simple_output240514-2/StatefulPodStartupLatency_SaturationPodStartupLatency_density_2024-05-14T16:42:34-07:00.json: no such file or directory&#xA;writing to file /home/oliviavuong/clusterloader2/cl2_linux/perf-tests/clusterloader2/olivias_test_files/density/density_simple_output240514-2/PodStartupLatency_PodStartupLatency_density_2024-05-14T16:59:34-07:00.json error: open /home/oliviavuong/clusterloader2/cl2_linux/perf-tests/clusterloader2/olivias_test_files/density/density_simple_output240514-2/PodStartupLatency_PodStartupLatency_density_2024-05-14T16:59:34-07:00.json: no such file or directory&#xA;writing to file /home/oliviavuong/clusterloader2/cl2_linux/perf-tests/clusterloader2/olivias_test_files/density/density_simple_output240514-2/StatelessPodStartupLatency_PodStartupLatency_density_2024-05-14T16:59:34-07:00.json error: open /home/oliviavuong/clusterloader2/cl2_linux/perf-tests/clusterloader2/olivias_test_files/density/density_simple_output240514-2/StatelessPodStartupLatency_PodStartupLatency_density_2024-05-14T16:59:34-07:00.json: no such file or directory&#xA;writing to file /home/oliviavuong/clusterloader2/cl2_linux/perf-tests/clusterloader2/olivias_test_files/density/density_simple_output240514-2/StatefulPodStartupLatency_PodStartupLatency_density_2024-05-14T16:59:34-07:00.json error: open /home/oliviavuong/clusterloader2/cl2_linux/perf-tests/clusterloader2/olivias_test_files/density/density_simple_output240514-2/StatefulPodStartupLatency_PodStartupLatency_density_2024-05-14T16:59:34-07:00.json: no such file or directory]&#xA;:0</failure>
      </testcase>
      <testcase name="density: [step: 01] Starting saturation pod measurements [00] - SaturationPodStartupLatency" classname="ClusterLoaderV2" time="0.365392936"></testcase>
      <testcase name="density: [step: 01] Starting saturation pod measurements [01] - WaitForRunningSaturationDeployments" classname="ClusterLoaderV2" time="0.966553394"></testcase>
      <testcase name="density: [step: 01] Starting saturation pod measurements [02] - SchedulingThroughput" classname="ClusterLoaderV2" time="0.365304602"></testcase>
      <testcase name="density: [step: 02] Creating saturation pods" classname="ClusterLoaderV2" time="1.003728502"></testcase>
      <testcase name="density: [step: 03] Waiting for saturation pods to be running [00] - WaitForRunningSaturationDeployments" classname="ClusterLoaderV2" time="114.816168036"></testcase>
      <testcase name="density: [step: 04] Collecting saturation pod measurements [00] - SaturationPodStartupLatency" classname="ClusterLoaderV2" time="0.982792577"></testcase>
      <testcase name="density: [step: 04] Collecting saturation pod measurements [01] - SchedulingThroughput" classname="ClusterLoaderV2" time="0.30314745"></testcase>
      <testcase name="density: [step: 05] Starting latency pod measurements [00] - PodStartupLatency" classname="ClusterLoaderV2" time="0.176841429"></testcase>
      <testcase name="density: [step: 05] Starting latency pod measurements [01] - WaitForRunningLatencyDeployments" classname="ClusterLoaderV2" time="0.176948365"></testcase>
      <testcase name="density: [step: 06] Creating latency pods" classname="ClusterLoaderV2" time="501.094710854"></testcase>
      <testcase name="density: [step: 07] Waiting for latency pods to be running [00] - WaitForRunningLatencyDeployments" classname="ClusterLoaderV2" time="8.086404215"></testcase>
      <testcase name="density: [step: 08] Deleting latency pods" classname="ClusterLoaderV2" time="502.941706016"></testcase>
      <testcase name="density: [step: 09] Waiting for latency pods to be deleted [00] - WaitForRunningLatencyDeployments" classname="ClusterLoaderV2" time="6.176340533"></testcase>
      <testcase name="density: [step: 10] Collecting pod startup latency [00] - PodStartupLatency" classname="ClusterLoaderV2" time="1.719107144">
          <failure type="Failure">:0&#xA;[measurement call PodStartupLatency - PodStartupLatency error: pod startup: too high latency 90th percentile: got 5.541691597s expected: 5s]&#xA;:0</failure>
      </testcase>
      <testcase name="density: [step: 11] Deleting saturation pods" classname="ClusterLoaderV2" time="1.020270471"></testcase>
      <testcase name="density: [step: 12] Waiting for saturation pods to be deleted [00] - WaitForRunningSaturationDeployments" classname="ClusterLoaderV2" time="106.502818574"></testcase>
  </testsuite>