<?xml version="1.0" encoding="UTF-8"?>
  <testsuite name="ClusterLoaderV2" tests="0" failures="6" errors="0" time="5135.684">
      <testcase name="load overall (/home/oliviavuong/clusterloader2/cl2_linux/perf-tests/clusterloader2/olivias_test_files/load/test/load-og/config.yaml)" classname="ClusterLoaderV2" time="5135.626249173">
          <failure type="Failure">:0&#xA;[measurement call SchedulingThroughput - SchedulingThroughput error: scheduler throughput: actual throughput 35.000000 lower than threshold 100.000000&#xA;measurement call PodStartupLatency - PodStartupLatency error: pod startup: too high latency 50th percentile: got 9.824878675s expected: 5s&#xA;namespace test-whrlgq-2 object small-statefulset-0 deletion error: Delete &#34;https://cplataks-cplatstudiowindo-854c9d-8uz6fs11.hcp.eastus2.azmk8s.io:443/apis/apps/v1/namespaces/test-whrlgq-2/statefulsets/small-statefulset-0&#34;: http2: client connection lost&#xA;namespace test-whrlgq-2 object small-statefulset-0 deletion error: Delete &#34;https://cplataks-cplatstudiowindo-854c9d-8uz6fs11.hcp.eastus2.azmk8s.io:443/api/v1/namespaces/test-whrlgq-2/services/small-statefulset-0&#34;: http2: client connection lost&#xA;namespace test-whrlgq-4 object small-statefulset-0 deletion error: Delete &#34;https://cplataks-cplatstudiowindo-854c9d-8uz6fs11.hcp.eastus2.azmk8s.io:443/apis/apps/v1/namespaces/test-whrlgq-4/statefulsets/small-statefulset-0&#34;: http2: client connection lost&#xA;namespace test-whrlgq-4 object small-statefulset-0 deletion error: timed out waiting for the condition&#xA;namespace test-whrlgq-1 object pv-small-statefulset-0-3 deletion error: Delete &#34;https://cplataks-cplatstudiowindo-854c9d-8uz6fs11.hcp.eastus2.azmk8s.io:443/api/v1/namespaces/test-whrlgq-1/persistentvolumeclaims/pv-small-statefulset-0-3&#34;: http2: client connection lost&#xA;namespace test-whrlgq-1 object medium-statefulset-0 deletion error: Delete &#34;https://cplataks-cplatstudiowindo-854c9d-8uz6fs11.hcp.eastus2.azmk8s.io:443/apis/apps/v1/namespaces/test-whrlgq-1/statefulsets/medium-statefulset-0&#34;: http2: client connection lost&#xA;namespace test-whrlgq-1 object medium-statefulset-0 deletion error: Delete &#34;https://cplataks-cplatstudiowindo-854c9d-8uz6fs11.hcp.eastus2.azmk8s.io:443/api/v1/namespaces/test-whrlgq-1/services/medium-statefulset-0&#34;: http2: client connection lost&#xA;namespace test-whrlgq-3 object medium-job-0 deletion error: timed out waiting for the condition&#xA;namespace test-whrlgq-2 object medium-deployment-21 deletion error: Delete &#34;https://cplataks-cplatstudiowindo-854c9d-8uz6fs11.hcp.eastus2.azmk8s.io:443/apis/apps/v1/namespaces/test-whrlgq-2/deployments/medium-deployment-21&#34;: http2: client connection lost&#xA;namespace test-whrlgq-3 object medium-deployment-14 deletion error: Delete &#34;https://cplataks-cplatstudiowindo-854c9d-8uz6fs11.hcp.eastus2.azmk8s.io:443/apis/apps/v1/namespaces/test-whrlgq-3/deployments/medium-deployment-14&#34;: http2: client connection lost&#xA;namespace test-whrlgq-2 object medium-deployment-15 deletion error: Delete &#34;https://cplataks-cplatstudiowindo-854c9d-8uz6fs11.hcp.eastus2.azmk8s.io:443/apis/apps/v1/namespaces/test-whrlgq-2/deployments/medium-deployment-15&#34;: http2: client connection lost&#xA;namespace test-whrlgq-4 object medium-deployment-0 deletion error: Delete &#34;https://cplataks-cplatstudiowindo-854c9d-8uz6fs11.hcp.eastus2.azmk8s.io:443/apis/apps/v1/namespaces/test-whrlgq-4/deployments/medium-deployment-0&#34;: http2: client connection lost&#xA;namespace test-whrlgq-3 object medium-deployment-4 deletion error: Delete &#34;https://cplataks-cplatstudiowindo-854c9d-8uz6fs11.hcp.eastus2.azmk8s.io:443/apis/apps/v1/namespaces/test-whrlgq-3/deployments/medium-deployment-4&#34;: http2: client connection lost&#xA;namespace test-whrlgq-1 object medium-deployment-2 deletion error: timed out waiting for the condition&#xA;namespace test-whrlgq-4 object medium-deployment-10 deletion error: timed out waiting for the condition&#xA;namespace test-whrlgq-2 object pv-medium-statefulset-0-18 deletion error: Delete &#34;https://cplataks-cplatstudiowindo-854c9d-8uz6fs11.hcp.eastus2.azmk8s.io:443/api/v1/namespaces/test-whrlgq-2/persistentvolumeclaims/pv-medium-statefulset-0-18&#34;: http2: client connection lost&#xA;namespace test-whrlgq-4 object pv-medium-statefulset-0-33 deletion error: Delete &#34;https://cplataks-cplatstudiowindo-854c9d-8uz6fs11.hcp.eastus2.azmk8s.io:443/api/v1/namespaces/test-whrlgq-4/persistentvolumeclaims/pv-medium-statefulset-0-33&#34;: http2: client connection lost&#xA;namespace test-whrlgq-2 object pv-medium-statefulset-0-23 deletion error: Delete &#34;https://cplataks-cplatstudiowindo-854c9d-8uz6fs11.hcp.eastus2.azmk8s.io:443/api/v1/namespaces/test-whrlgq-2/persistentvolumeclaims/pv-medium-statefulset-0-23&#34;: http2: client connection lost&#xA;namespace test-whrlgq-2 object pv-medium-statefulset-0-19 deletion error: Delete &#34;https://cplataks-cplatstudiowindo-854c9d-8uz6fs11.hcp.eastus2.azmk8s.io:443/api/v1/namespaces/test-whrlgq-2/persistentvolumeclaims/pv-medium-statefulset-0-19&#34;: http2: client connection lost&#xA;namespace test-whrlgq-3 object pv-medium-statefulset-0-9 deletion error: Delete &#34;https://cplataks-cplatstudiowindo-854c9d-8uz6fs11.hcp.eastus2.azmk8s.io:443/api/v1/namespaces/test-whrlgq-3/persistentvolumeclaims/pv-medium-statefulset-0-9&#34;: http2: client connection lost&#xA;namespace test-whrlgq-3 object pv-medium-statefulset-0-31 deletion error: Delete &#34;https://cplataks-cplatstudiowindo-854c9d-8uz6fs11.hcp.eastus2.azmk8s.io:443/api/v1/namespaces/test-whrlgq-3/persistentvolumeclaims/pv-medium-statefulset-0-31&#34;: http2: client connection lost&#xA;namespace test-whrlgq-1 object pv-medium-statefulset-0-4 deletion error: Delete &#34;https://cplataks-cplatstudiowindo-854c9d-8uz6fs11.hcp.eastus2.azmk8s.io:443/api/v1/namespaces/test-whrlgq-1/persistentvolumeclaims/pv-medium-statefulset-0-4&#34;: http2: client connection lost&#xA;namespace test-whrlgq-2 object pv-medium-statefulset-0-8 deletion error: Delete &#34;https://cplataks-cplatstudiowindo-854c9d-8uz6fs11.hcp.eastus2.azmk8s.io:443/api/v1/namespaces/test-whrlgq-2/persistentvolumeclaims/pv-medium-statefulset-0-8&#34;: http2: client connection lost&#xA;namespace test-whrlgq-3 object pv-medium-statefulset-0-16 deletion error: Delete &#34;https://cplataks-cplatstudiowindo-854c9d-8uz6fs11.hcp.eastus2.azmk8s.io:443/api/v1/namespaces/test-whrlgq-3/persistentvolumeclaims/pv-medium-statefulset-0-16&#34;: http2: client connection lost&#xA;namespace test-whrlgq-3 object pv-medium-statefulset-0-26 deletion error: timed out waiting for the condition&#xA;namespace test-whrlgq-2 object pv-medium-statefulset-0-28 deletion error: timed out waiting for the condition&#xA;namespace test-whrlgq-1 object pv-medium-statefulset-0-18 deletion error: timed out waiting for the condition&#xA;namespace test-whrlgq-1 object pv-medium-statefulset-0-7 deletion error: timed out waiting for the condition&#xA;namespace test-whrlgq-1 object pv-medium-statefulset-0-25 deletion error: timed out waiting for the condition&#xA;namespace test-whrlgq-3 object pv-medium-statefulset-0-5 deletion error: timed out waiting for the condition&#xA;namespace test-whrlgq-3 object pv-medium-statefulset-0-14 deletion error: timed out waiting for the condition&#xA;namespace test-whrlgq-1 object pv-medium-statefulset-0-9 deletion error: timed out waiting for the condition&#xA;namespace test-whrlgq-3 object pv-medium-statefulset-0-37 deletion error: timed out waiting for the condition&#xA;namespace test-whrlgq-1 object pv-medium-statefulset-0-21 deletion error: timed out waiting for the condition&#xA;namespace test-whrlgq-2 object small-deployment-60 deletion error: Delete &#34;https://cplataks-cplatstudiowindo-854c9d-8uz6fs11.hcp.eastus2.azmk8s.io:443/apis/apps/v1/namespaces/test-whrlgq-2/deployments/small-deployment-60&#34;: http2: client connection lost&#xA;namespace test-whrlgq-4 object small-deployment-3 deletion error: Delete &#34;https://cplataks-cplatstudiowindo-854c9d-8uz6fs11.hcp.eastus2.azmk8s.io:443/apis/apps/v1/namespaces/test-whrlgq-4/deployments/small-deployment-3&#34;: http2: client connection lost&#xA;namespace test-whrlgq-3 object small-deployment-129 deletion error: Delete &#34;https://cplataks-cplatstudiowindo-854c9d-8uz6fs11.hcp.eastus2.azmk8s.io:443/apis/apps/v1/namespaces/test-whrlgq-3/deployments/small-deployment-129&#34;: http2: client connection lost&#xA;namespace test-whrlgq-1 object small-deployment-220 deletion error: Delete &#34;https://cplataks-cplatstudiowindo-854c9d-8uz6fs11.hcp.eastus2.azmk8s.io:443/apis/apps/v1/namespaces/test-whrlgq-1/deployments/small-deployment-220&#34;: http2: client connection lost&#xA;namespace test-whrlgq-2 object small-deployment-196 deletion error: Delete &#34;https://cplataks-cplatstudiowindo-854c9d-8uz6fs11.hcp.eastus2.azmk8s.io:443/apis/apps/v1/namespaces/test-whrlgq-2/deployments/small-deployment-196&#34;: http2: client connection lost&#xA;namespace test-whrlgq-1 object small-deployment-256 deletion error: Delete &#34;https://cplataks-cplatstudiowindo-854c9d-8uz6fs11.hcp.eastus2.azmk8s.io:443/apis/apps/v1/namespaces/test-whrlgq-1/deployments/small-deployment-256&#34;: http2: client connection lost&#xA;namespace test-whrlgq-2 object small-deployment-74 deletion error: Delete &#34;https://cplataks-cplatstudiowindo-854c9d-8uz6fs11.hcp.eastus2.azmk8s.io:443/apis/apps/v1/namespaces/test-whrlgq-2/deployments/small-deployment-74&#34;: http2: client connection lost&#xA;namespace test-whrlgq-3 object small-deployment-156 deletion error: Delete &#34;https://cplataks-cplatstudiowindo-854c9d-8uz6fs11.hcp.eastus2.azmk8s.io:443/apis/apps/v1/namespaces/test-whrlgq-3/deployments/small-deployment-156&#34;: http2: client connection lost&#xA;namespace test-whrlgq-1 object small-deployment-109 deletion error: Delete &#34;https://cplataks-cplatstudiowindo-854c9d-8uz6fs11.hcp.eastus2.azmk8s.io:443/apis/apps/v1/namespaces/test-whrlgq-1/deployments/small-deployment-109&#34;: http2: client connection lost&#xA;namespace test-whrlgq-4 object small-deployment-74 deletion error: Delete &#34;https://cplataks-cplatstudiowindo-854c9d-8uz6fs11.hcp.eastus2.azmk8s.io:443/apis/apps/v1/namespaces/test-whrlgq-4/deployments/small-deployment-74&#34;: http2: client connection lost&#xA;namespace test-whrlgq-4 object small-deployment-222 deletion error: Delete &#34;https://cplataks-cplatstudiowindo-854c9d-8uz6fs11.hcp.eastus2.azmk8s.io:443/apis/apps/v1/namespaces/test-whrlgq-4/deployments/small-deployment-222&#34;: http2: client connection lost&#xA;namespace test-whrlgq-1 object small-deployment-129 deletion error: Delete &#34;https://cplataks-cplatstudiowindo-854c9d-8uz6fs11.hcp.eastus2.azmk8s.io:443/apis/apps/v1/namespaces/test-whrlgq-1/deployments/small-deployment-129&#34;: http2: client connection lost&#xA;namespace test-whrlgq-1 object small-deployment-249 deletion error: Delete &#34;https://cplataks-cplatstudiowindo-854c9d-8uz6fs11.hcp.eastus2.azmk8s.io:443/apis/apps/v1/namespaces/test-whrlgq-1/deployments/small-deployment-249&#34;: http2: client connection lost&#xA;namespace test-whrlgq-4 object small-deployment-101 deletion error: Delete &#34;https://cplataks-cplatstudiowindo-854c9d-8uz6fs11.hcp.eastus2.azmk8s.io:443/apis/apps/v1/namespaces/test-whrlgq-4/deployments/small-deployment-101&#34;: http2: client connection lost&#xA;namespace test-whrlgq-1 object small-deployment-276 deletion error: Delete &#34;https://cplataks-cplatstudiowindo-854c9d-8uz6fs11.hcp.eastus2.azmk8s.io:443/apis/apps/v1/namespaces/test-whrlgq-1/deployments/small-deployment-276&#34;: http2: client connection lost&#xA;namespace test-whrlgq-4 object small-deployment-216 deletion error: Delete &#34;https://cplataks-cplatstudiowindo-854c9d-8uz6fs11.hcp.eastus2.azmk8s.io:443/apis/apps/v1/namespaces/test-whrlgq-4/deployments/small-deployment-216&#34;: http2: client connection lost&#xA;namespace test-whrlgq-3 object small-deployment-282 deletion error: Delete &#34;https://cplataks-cplatstudiowindo-854c9d-8uz6fs11.hcp.eastus2.azmk8s.io:443/apis/apps/v1/namespaces/test-whrlgq-3/deployments/small-deployment-282&#34;: http2: client connection lost&#xA;namespace test-whrlgq-3 object small-deployment-15 deletion error: Delete &#34;https://cplataks-cplatstudiowindo-854c9d-8uz6fs11.hcp.eastus2.azmk8s.io:443/apis/apps/v1/namespaces/test-whrlgq-3/deployments/small-deployment-15&#34;: http2: client connection lost&#xA;namespace test-whrlgq-1 object small-deployment-215 deletion error: Delete &#34;https://cplataks-cplatstudiowindo-854c9d-8uz6fs11.hcp.eastus2.azmk8s.io:443/apis/apps/v1/namespaces/test-whrlgq-1/deployments/small-deployment-215&#34;: http2: client connection lost&#xA;namespace test-whrlgq-3 object small-deployment-1 deletion error: Delete &#34;https://cplataks-cplatstudiowindo-854c9d-8uz6fs11.hcp.eastus2.azmk8s.io:443/apis/apps/v1/namespaces/test-whrlgq-3/deployments/small-deployment-1&#34;: http2: client connection lost&#xA;namespace test-whrlgq-1 object small-deployment-4 deletion error: Delete &#34;https://cplataks-cplatstudiowindo-854c9d-8uz6fs11.hcp.eastus2.azmk8s.io:443/apis/apps/v1/namespaces/test-whrlgq-1/deployments/small-deployment-4&#34;: http2: client connection lost&#xA;namespace test-whrlgq-2 object small-deployment-170 deletion error: Delete &#34;https://cplataks-cplatstudiowindo-854c9d-8uz6fs11.hcp.eastus2.azmk8s.io:443/apis/apps/v1/namespaces/test-whrlgq-2/deployments/small-deployment-170&#34;: http2: client connection lost&#xA;namespace test-whrlgq-3 object small-deployment-46 deletion error: Delete &#34;https://cplataks-cplatstudiowindo-854c9d-8uz6fs11.hcp.eastus2.azmk8s.io:443/apis/apps/v1/namespaces/test-whrlgq-3/deployments/small-deployment-46&#34;: http2: client connection lost&#xA;namespace test-whrlgq-2 object small-deployment-41 deletion error: Delete &#34;https://cplataks-cplatstudiowindo-854c9d-8uz6fs11.hcp.eastus2.azmk8s.io:443/apis/apps/v1/namespaces/test-whrlgq-2/deployments/small-deployment-41&#34;: http2: client connection lost&#xA;namespace test-whrlgq-3 object small-deployment-44 deletion error: Delete &#34;https://cplataks-cplatstudiowindo-854c9d-8uz6fs11.hcp.eastus2.azmk8s.io:443/apis/apps/v1/namespaces/test-whrlgq-3/deployments/small-deployment-44&#34;: http2: client connection lost&#xA;namespace test-whrlgq-4 object small-deployment-87 deletion error: Delete &#34;https://cplataks-cplatstudiowindo-854c9d-8uz6fs11.hcp.eastus2.azmk8s.io:443/apis/apps/v1/namespaces/test-whrlgq-4/deployments/small-deployment-87&#34;: http2: client connection lost&#xA;namespace test-whrlgq-2 object small-deployment-0 deletion error: Delete &#34;https://cplataks-cplatstudiowindo-854c9d-8uz6fs11.hcp.eastus2.azmk8s.io:443/apis/apps/v1/namespaces/test-whrlgq-2/deployments/small-deployment-0&#34;: http2: client connection lost&#xA;namespace test-whrlgq-1 object small-deployment-268 deletion error: Delete &#34;https://cplataks-cplatstudiowindo-854c9d-8uz6fs11.hcp.eastus2.azmk8s.io:443/apis/apps/v1/namespaces/test-whrlgq-1/deployments/small-deployment-268&#34;: http2: client connection lost&#xA;namespace test-whrlgq-2 object small-deployment-214 deletion error: Delete &#34;https://cplataks-cplatstudiowindo-854c9d-8uz6fs11.hcp.eastus2.azmk8s.io:443/apis/apps/v1/namespaces/test-whrlgq-2/deployments/small-deployment-214&#34;: http2: client connection lost&#xA;namespace test-whrlgq-1 object small-deployment-267 deletion error: Delete &#34;https://cplataks-cplatstudiowindo-854c9d-8uz6fs11.hcp.eastus2.azmk8s.io:443/apis/apps/v1/namespaces/test-whrlgq-1/deployments/small-deployment-267&#34;: http2: client connection lost&#xA;namespace test-whrlgq-4 object small-deployment-275 deletion error: Delete &#34;https://cplataks-cplatstudiowindo-854c9d-8uz6fs11.hcp.eastus2.azmk8s.io:443/apis/apps/v1/namespaces/test-whrlgq-4/deployments/small-deployment-275&#34;: http2: client connection lost&#xA;namespace test-whrlgq-4 object small-deployment-97 deletion error: Delete &#34;https://cplataks-cplatstudiowindo-854c9d-8uz6fs11.hcp.eastus2.azmk8s.io:443/apis/apps/v1/namespaces/test-whrlgq-4/deployments/small-deployment-97&#34;: http2: client connection lost&#xA;namespace test-whrlgq-4 object small-deployment-46 deletion error: Delete &#34;https://cplataks-cplatstudiowindo-854c9d-8uz6fs11.hcp.eastus2.azmk8s.io:443/apis/apps/v1/namespaces/test-whrlgq-4/deployments/small-deployment-46&#34;: http2: client connection lost&#xA;namespace test-whrlgq-2 object small-deployment-7 deletion error: Delete &#34;https://cplataks-cplatstudiowindo-854c9d-8uz6fs11.hcp.eastus2.azmk8s.io:443/apis/apps/v1/namespaces/test-whrlgq-2/deployments/small-deployment-7&#34;: http2: client connection lost&#xA;namespace test-whrlgq-1 object small-deployment-59 deletion error: Delete &#34;https://cplataks-cplatstudiowindo-854c9d-8uz6fs11.hcp.eastus2.azmk8s.io:443/apis/apps/v1/namespaces/test-whrlgq-1/deployments/small-deployment-59&#34;: http2: client connection lost&#xA;namespace test-whrlgq-4 object small-deployment-219 deletion error: Delete &#34;https://cplataks-cplatstudiowindo-854c9d-8uz6fs11.hcp.eastus2.azmk8s.io:443/apis/apps/v1/namespaces/test-whrlgq-4/deployments/small-deployment-219&#34;: http2: client connection lost&#xA;namespace test-whrlgq-4 object small-deployment-19 deletion error: Delete &#34;https://cplataks-cplatstudiowindo-854c9d-8uz6fs11.hcp.eastus2.azmk8s.io:443/apis/apps/v1/namespaces/test-whrlgq-4/deployments/small-deployment-19&#34;: http2: client connection lost&#xA;namespace test-whrlgq-1 object small-deployment-112 deletion error: Delete &#34;https://cplataks-cplatstudiowindo-854c9d-8uz6fs11.hcp.eastus2.azmk8s.io:443/apis/apps/v1/namespaces/test-whrlgq-1/deployments/small-deployment-112&#34;: http2: client connection lost&#xA;namespace test-whrlgq-1 object small-deployment-254 deletion error: Delete &#34;https://cplataks-cplatstudiowindo-854c9d-8uz6fs11.hcp.eastus2.azmk8s.io:443/apis/apps/v1/namespaces/test-whrlgq-1/deployments/small-deployment-254&#34;: http2: client connection lost&#xA;namespace test-whrlgq-2 object small-deployment-1 deletion error: timed out waiting for the condition&#xA;namespace test-whrlgq-4 object small-deployment-94 deletion error: timed out waiting for the condition&#xA;namespace test-whrlgq-4 object small-deployment-18 deletion error: timed out waiting for the condition&#xA;namespace test-whrlgq-3 object small-deployment-182 deletion error: timed out waiting for the condition&#xA;namespace test-whrlgq-3 object small-deployment-65 deletion error: timed out waiting for the condition&#xA;namespace test-whrlgq-1 object small-deployment-29 deletion error: timed out waiting for the condition&#xA;namespace test-whrlgq-2 object small-deployment-11 deletion error: timed out waiting for the condition&#xA;namespace test-whrlgq-2 object small-deployment-198 deletion error: timed out waiting for the condition&#xA;namespace test-whrlgq-4 object small-deployment-68 deletion error: timed out waiting for the condition&#xA;namespace test-whrlgq-2 object small-deployment-172 deletion error: timed out waiting for the condition&#xA;namespace test-whrlgq-4 object small-deployment-214 deletion error: timed out waiting for the condition&#xA;namespace test-whrlgq-4 object small-deployment-5 deletion error: timed out waiting for the condition&#xA;namespace test-whrlgq-4 object small-deployment-34 deletion error: timed out waiting for the condition&#xA;namespace test-whrlgq-1 object small-deployment-11 deletion error: timed out waiting for the condition&#xA;namespace test-whrlgq-1 object small-deployment-126 deletion error: timed out waiting for the condition&#xA;namespace test-whrlgq-4 object small-deployment-53 deletion error: timed out waiting for the condition&#xA;namespace test-whrlgq-4 object small-deployment-228 deletion error: timed out waiting for the condition&#xA;namespace test-whrlgq-3 object small-deployment-239 deletion error: timed out waiting for the condition&#xA;namespace test-whrlgq-1 object small-deployment-271 deletion error: timed out waiting for the condition&#xA;namespace test-whrlgq-1 object small-deployment-19 deletion error: timed out waiting for the condition&#xA;namespace test-whrlgq-3 object small-deployment-6 deletion error: timed out waiting for the condition&#xA;namespace test-whrlgq-3 object small-deployment-50 deletion error: timed out waiting for the condition&#xA;namespace test-whrlgq-4 object small-deployment-77 deletion error: timed out waiting for the condition&#xA;namespace test-whrlgq-1 object small-deployment-165 deletion error: timed out waiting for the condition&#xA;namespace test-whrlgq-2 object small-deployment-155 deletion error: timed out waiting for the condition&#xA;namespace test-whrlgq-1 object small-deployment-232 deletion error: timed out waiting for the condition&#xA;namespace test-whrlgq-2 object small-deployment-158 deletion error: timed out waiting for the condition&#xA;namespace test-whrlgq-4 object small-deployment-258 deletion error: timed out waiting for the condition&#xA;namespace test-whrlgq-3 object small-deployment-90 deletion error: timed out waiting for the condition&#xA;namespace test-whrlgq-2 object small-deployment-56 deletion error: timed out waiting for the condition&#xA;namespace test-whrlgq-2 object small-deployment-120 deletion error: timed out waiting for the condition&#xA;namespace test-whrlgq-1 object small-deployment-234 deletion error: timed out waiting for the condition&#xA;namespace test-whrlgq-4 object small-deployment-111 deletion error: timed out waiting for the condition&#xA;namespace test-whrlgq-2 object small-deployment-106 deletion error: timed out waiting for the condition&#xA;namespace test-whrlgq-4 object small-deployment-229 deletion error: timed out waiting for the condition&#xA;namespace test-whrlgq-2 object small-deployment-240 deletion error: timed out waiting for the condition&#xA;namespace test-whrlgq-1 object small-deployment-251 deletion error: timed out waiting for the condition&#xA;namespace test-whrlgq-1 object small-deployment-142 deletion error: timed out waiting for the condition&#xA;namespace test-whrlgq-4 object small-deployment-31 deletion error: timed out waiting for the condition&#xA;namespace test-whrlgq-3 object small-deployment-165 deletion error: timed out waiting for the condition&#xA;namespace test-whrlgq-4 object small-deployment-260 deletion error: timed out waiting for the condition&#xA;namespace test-whrlgq-2 object small-deployment-21 deletion error: timed out waiting for the condition&#xA;namespace test-whrlgq-1 object small-deployment-172 deletion error: timed out waiting for the condition&#xA;namespace test-whrlgq-2 object small-deployment-259 deletion error: timed out waiting for the condition&#xA;namespace test-whrlgq-2 object small-deployment-247 deletion error: timed out waiting for the condition&#xA;namespace test-whrlgq-2 object small-deployment-290 deletion error: timed out waiting for the condition&#xA;measurement call WaitForBoundPVCs - WaitForPVCsToBeDeleted error: timeout while waiting for 0 PVCs to be running in namespace &#39;&#39; with labels &#39;group = load&#39; and fields &#39;&#39; - only 48 found bound&#xA;measurement call TestMetrics - TestMetrics error: [action gather failed for SystemPodMetrics measurement: restart counts violation: RestartCount(ama-logs-rs-646684b546-zrp2b, ama-logs)=1, want &lt;= 0&#xA;action gather failed for ClusterOOMsTracker measurement: OOMs recorded: [{Node:aks-nodepool1-28855832-vmss000000 Process:mdsd ProcessMemory:1689720kB ProcessID:2253747 Time:2024-05-30 19:04:28 -0700 PDT} {Node:aks-nodepool1-28855832-vmss000000 Process:main.sh ProcessMemory:4748kB ProcessID:2253666 Time:2024-05-30 19:04:28 -0700 PDT} {Node:aks-nodepool1-28855832-vmss000000 Process:inotifywait ProcessMemory:2828kB ProcessID:2253687 Time:2024-05-30 19:04:28 -0700 PDT} {Node:aks-nodepool1-28855832-vmss000000 Process:crond ProcessMemory:4544kB ProcessID:2253739 Time:2024-05-30 19:04:28 -0700 PDT} {Node:aks-nodepool1-28855832-vmss000000 Process:mdsd ProcessMemory:1689720kB ProcessID:2253753 Time:2024-05-30 19:04:28 -0700 PDT} {Node:aks-nodepool1-28855832-vmss000000 Process:fluentd ProcessMemory:181588kB ProcessID:2254112 Time:2024-05-30 19:04:28 -0700 PDT} {Node:aks-nodepool1-28855832-vmss000000 Process:fluent-bit ProcessMemory:853548kB ProcessID:2254113 Time:2024-05-30 19:04:28 -0700 PDT} {Node:aks-nodepool1-28855832-vmss000000 Process:sleep ProcessMemory:3624kB ProcessID:2254174 Time:2024-05-30 19:04:28 -0700 PDT} {Node:aks-nodepool1-28855832-vmss000000 Process:ruby ProcessMemory:763048kB ProcessID:2254179 Time:2024-05-30 19:04:28 -0700 PDT}]]]&#xA;:0</failure>
      </testcase>
      <testcase name="load: [step: 01] starting measurements [00] - APIResponsivenessPrometheus" classname="ClusterLoaderV2" time="0.295153048"></testcase>
      <testcase name="load: [step: 01] starting measurements [01] - APIResponsivenessPrometheusSimple" classname="ClusterLoaderV2" time="0.29254351"></testcase>
      <testcase name="load: [step: 01] starting measurements [02] - CreatePhasePodStartupLatency" classname="ClusterLoaderV2" time="0.395121117"></testcase>
      <testcase name="load: [step: 01] starting measurements [03] - InClusterNetworkLatency" classname="ClusterLoaderV2" time="0.294696573"></testcase>
      <testcase name="load: [step: 01] starting measurements [04] - SLOMeasurement" classname="ClusterLoaderV2" time="0.295214707"></testcase>
      <testcase name="load: [step: 01] starting measurements [05] - NetworkProgrammingLatency" classname="ClusterLoaderV2" time="0.295596594"></testcase>
      <testcase name="load: [step: 01] starting measurements [06] - Kube-proxy partial iptables restore failures" classname="ClusterLoaderV2" time="0.295568435"></testcase>
      <testcase name="load: [step: 01] starting measurements [07] - TestMetrics" classname="ClusterLoaderV2" time="2.78797467"></testcase>
      <testcase name="load: [step: 02] Creating k8s services" classname="ClusterLoaderV2" time="54.849125937"></testcase>
      <testcase name="load: [step: 03] Creating PriorityClass for DaemonSets" classname="ClusterLoaderV2" time="0.102730934"></testcase>
      <testcase name="load: [step: 04] create objects configmaps and secrets" classname="ClusterLoaderV2" time="129.261431531"></testcase>
      <testcase name="load: [step: 05] Starting measurement for &#39;create objects&#39; [00] - " classname="ClusterLoaderV2" time="1.173227754"></testcase>
      <testcase name="load: [step: 06] create objects" classname="ClusterLoaderV2" time="1199.493534977"></testcase>
      <testcase name="load: [step: 07] Waiting for &#39;create objects&#39; to be completed [00] - " classname="ClusterLoaderV2" time="111.253998139"></testcase>
      <testcase name="load: [step: 08] Creating scheduler throughput measurements [00] - HighThroughputPodStartupLatency" classname="ClusterLoaderV2" time="0.393074257"></testcase>
      <testcase name="load: [step: 08] Creating scheduler throughput measurements [01] - WaitForSchedulerThroughputDeployments" classname="ClusterLoaderV2" time="0.394206256"></testcase>
      <testcase name="load: [step: 08] Creating scheduler throughput measurements [02] - SchedulingThroughput" classname="ClusterLoaderV2" time="0.394231999"></testcase>
      <testcase name="load: [step: 09] create scheduler throughput pods" classname="ClusterLoaderV2" time="0.080344428"></testcase>
      <testcase name="load: [step: 10] Waiting for scheduler throughput pods to be created [00] - WaitForSchedulerThroughputDeployments" classname="ClusterLoaderV2" time="90.216443149"></testcase>
      <testcase name="load: [step: 11] Collecting scheduler throughput measurements [00] - HighThroughputPodStartupLatency" classname="ClusterLoaderV2" time="1.839101502"></testcase>
      <testcase name="load: [step: 11] Collecting scheduler throughput measurements [01] - SchedulingThroughput" classname="ClusterLoaderV2" time="0.286546146">
          <failure type="Failure">:0&#xA;[measurement call SchedulingThroughput - SchedulingThroughput error: scheduler throughput: actual throughput 35.000000 lower than threshold 100.000000]&#xA;:0</failure>
      </testcase>
      <testcase name="load: [step: 12] delete scheduler throughput pods" classname="ClusterLoaderV2" time="0.088054524"></testcase>
      <testcase name="load: [step: 13] Waiting for scheduler throughput pods to be deleted [00] - WaitForSchedulerThroughputDeployments" classname="ClusterLoaderV2" time="75.091018826"></testcase>
      <testcase name="load: [step: 14] Starting latency pod measurements [00] - PodStartupLatency" classname="ClusterLoaderV2" time="0.180052014"></testcase>
      <testcase name="load: [step: 14] Starting latency pod measurements [01] - WaitForRunningLatencyDeployments" classname="ClusterLoaderV2" time="0.180082617"></testcase>
      <testcase name="load: [step: 15] Creating latency pods" classname="ClusterLoaderV2" time="100.308861107"></testcase>
      <testcase name="load: [step: 16] Waiting for latency pods to be running [00] - WaitForRunningLatencyDeployments" classname="ClusterLoaderV2" time="40.470757972"></testcase>
      <testcase name="load: [step: 17] Deleting latency pods" classname="ClusterLoaderV2" time="49.988895775"></testcase>
      <testcase name="load: [step: 18] Waiting for latency pods to be deleted [00] - WaitForRunningLatencyDeployments" classname="ClusterLoaderV2" time="16.194842767"></testcase>
      <testcase name="load: [step: 19] Collecting pod startup latency [00] - PodStartupLatency" classname="ClusterLoaderV2" time="1.5487006060000001">
          <failure type="Failure">:0&#xA;[measurement call PodStartupLatency - PodStartupLatency error: pod startup: too high latency 50th percentile: got 9.824878675s expected: 5s]&#xA;:0</failure>
      </testcase>
      <testcase name="load: [step: 20] Starting measurement for &#39;scale and update objects&#39; [00] - " classname="ClusterLoaderV2" time="0.07993415"></testcase>
      <testcase name="load: [step: 21] scale and update objects" classname="ClusterLoaderV2" time="300.127507439"></testcase>
      <testcase name="load: [step: 22] Waiting for &#39;scale and update objects&#39; to be completed [00] - " classname="ClusterLoaderV2" time="382.828023588"></testcase>
      <testcase name="load: [step: 23] Starting measurement for &#39;delete objects&#39; [00] - " classname="ClusterLoaderV2" time="0.303072929"></testcase>
      <testcase name="load: [step: 24] delete objects" classname="ClusterLoaderV2" time="1198.784908548">
          <failure type="Failure">:0&#xA;[namespace test-whrlgq-2 object small-statefulset-0 deletion error: Delete &#34;https://cplataks-cplatstudiowindo-854c9d-8uz6fs11.hcp.eastus2.azmk8s.io:443/apis/apps/v1/namespaces/test-whrlgq-2/statefulsets/small-statefulset-0&#34;: http2: client connection lost&#xA;namespace test-whrlgq-2 object small-statefulset-0 deletion error: Delete &#34;https://cplataks-cplatstudiowindo-854c9d-8uz6fs11.hcp.eastus2.azmk8s.io:443/api/v1/namespaces/test-whrlgq-2/services/small-statefulset-0&#34;: http2: client connection lost&#xA;namespace test-whrlgq-4 object small-statefulset-0 deletion error: Delete &#34;https://cplataks-cplatstudiowindo-854c9d-8uz6fs11.hcp.eastus2.azmk8s.io:443/apis/apps/v1/namespaces/test-whrlgq-4/statefulsets/small-statefulset-0&#34;: http2: client connection lost&#xA;namespace test-whrlgq-4 object small-statefulset-0 deletion error: timed out waiting for the condition&#xA;namespace test-whrlgq-1 object pv-small-statefulset-0-3 deletion error: Delete &#34;https://cplataks-cplatstudiowindo-854c9d-8uz6fs11.hcp.eastus2.azmk8s.io:443/api/v1/namespaces/test-whrlgq-1/persistentvolumeclaims/pv-small-statefulset-0-3&#34;: http2: client connection lost&#xA;namespace test-whrlgq-1 object medium-statefulset-0 deletion error: Delete &#34;https://cplataks-cplatstudiowindo-854c9d-8uz6fs11.hcp.eastus2.azmk8s.io:443/apis/apps/v1/namespaces/test-whrlgq-1/statefulsets/medium-statefulset-0&#34;: http2: client connection lost&#xA;namespace test-whrlgq-1 object medium-statefulset-0 deletion error: Delete &#34;https://cplataks-cplatstudiowindo-854c9d-8uz6fs11.hcp.eastus2.azmk8s.io:443/api/v1/namespaces/test-whrlgq-1/services/medium-statefulset-0&#34;: http2: client connection lost&#xA;namespace test-whrlgq-3 object medium-job-0 deletion error: timed out waiting for the condition&#xA;namespace test-whrlgq-2 object medium-deployment-21 deletion error: Delete &#34;https://cplataks-cplatstudiowindo-854c9d-8uz6fs11.hcp.eastus2.azmk8s.io:443/apis/apps/v1/namespaces/test-whrlgq-2/deployments/medium-deployment-21&#34;: http2: client connection lost&#xA;namespace test-whrlgq-3 object medium-deployment-14 deletion error: Delete &#34;https://cplataks-cplatstudiowindo-854c9d-8uz6fs11.hcp.eastus2.azmk8s.io:443/apis/apps/v1/namespaces/test-whrlgq-3/deployments/medium-deployment-14&#34;: http2: client connection lost&#xA;namespace test-whrlgq-2 object medium-deployment-15 deletion error: Delete &#34;https://cplataks-cplatstudiowindo-854c9d-8uz6fs11.hcp.eastus2.azmk8s.io:443/apis/apps/v1/namespaces/test-whrlgq-2/deployments/medium-deployment-15&#34;: http2: client connection lost&#xA;namespace test-whrlgq-4 object medium-deployment-0 deletion error: Delete &#34;https://cplataks-cplatstudiowindo-854c9d-8uz6fs11.hcp.eastus2.azmk8s.io:443/apis/apps/v1/namespaces/test-whrlgq-4/deployments/medium-deployment-0&#34;: http2: client connection lost&#xA;namespace test-whrlgq-3 object medium-deployment-4 deletion error: Delete &#34;https://cplataks-cplatstudiowindo-854c9d-8uz6fs11.hcp.eastus2.azmk8s.io:443/apis/apps/v1/namespaces/test-whrlgq-3/deployments/medium-deployment-4&#34;: http2: client connection lost&#xA;namespace test-whrlgq-1 object medium-deployment-2 deletion error: timed out waiting for the condition&#xA;namespace test-whrlgq-4 object medium-deployment-10 deletion error: timed out waiting for the condition&#xA;namespace test-whrlgq-2 object pv-medium-statefulset-0-18 deletion error: Delete &#34;https://cplataks-cplatstudiowindo-854c9d-8uz6fs11.hcp.eastus2.azmk8s.io:443/api/v1/namespaces/test-whrlgq-2/persistentvolumeclaims/pv-medium-statefulset-0-18&#34;: http2: client connection lost&#xA;namespace test-whrlgq-4 object pv-medium-statefulset-0-33 deletion error: Delete &#34;https://cplataks-cplatstudiowindo-854c9d-8uz6fs11.hcp.eastus2.azmk8s.io:443/api/v1/namespaces/test-whrlgq-4/persistentvolumeclaims/pv-medium-statefulset-0-33&#34;: http2: client connection lost&#xA;namespace test-whrlgq-2 object pv-medium-statefulset-0-23 deletion error: Delete &#34;https://cplataks-cplatstudiowindo-854c9d-8uz6fs11.hcp.eastus2.azmk8s.io:443/api/v1/namespaces/test-whrlgq-2/persistentvolumeclaims/pv-medium-statefulset-0-23&#34;: http2: client connection lost&#xA;namespace test-whrlgq-2 object pv-medium-statefulset-0-19 deletion error: Delete &#34;https://cplataks-cplatstudiowindo-854c9d-8uz6fs11.hcp.eastus2.azmk8s.io:443/api/v1/namespaces/test-whrlgq-2/persistentvolumeclaims/pv-medium-statefulset-0-19&#34;: http2: client connection lost&#xA;namespace test-whrlgq-3 object pv-medium-statefulset-0-9 deletion error: Delete &#34;https://cplataks-cplatstudiowindo-854c9d-8uz6fs11.hcp.eastus2.azmk8s.io:443/api/v1/namespaces/test-whrlgq-3/persistentvolumeclaims/pv-medium-statefulset-0-9&#34;: http2: client connection lost&#xA;namespace test-whrlgq-3 object pv-medium-statefulset-0-31 deletion error: Delete &#34;https://cplataks-cplatstudiowindo-854c9d-8uz6fs11.hcp.eastus2.azmk8s.io:443/api/v1/namespaces/test-whrlgq-3/persistentvolumeclaims/pv-medium-statefulset-0-31&#34;: http2: client connection lost&#xA;namespace test-whrlgq-1 object pv-medium-statefulset-0-4 deletion error: Delete &#34;https://cplataks-cplatstudiowindo-854c9d-8uz6fs11.hcp.eastus2.azmk8s.io:443/api/v1/namespaces/test-whrlgq-1/persistentvolumeclaims/pv-medium-statefulset-0-4&#34;: http2: client connection lost&#xA;namespace test-whrlgq-2 object pv-medium-statefulset-0-8 deletion error: Delete &#34;https://cplataks-cplatstudiowindo-854c9d-8uz6fs11.hcp.eastus2.azmk8s.io:443/api/v1/namespaces/test-whrlgq-2/persistentvolumeclaims/pv-medium-statefulset-0-8&#34;: http2: client connection lost&#xA;namespace test-whrlgq-3 object pv-medium-statefulset-0-16 deletion error: Delete &#34;https://cplataks-cplatstudiowindo-854c9d-8uz6fs11.hcp.eastus2.azmk8s.io:443/api/v1/namespaces/test-whrlgq-3/persistentvolumeclaims/pv-medium-statefulset-0-16&#34;: http2: client connection lost&#xA;namespace test-whrlgq-3 object pv-medium-statefulset-0-26 deletion error: timed out waiting for the condition&#xA;namespace test-whrlgq-2 object pv-medium-statefulset-0-28 deletion error: timed out waiting for the condition&#xA;namespace test-whrlgq-1 object pv-medium-statefulset-0-18 deletion error: timed out waiting for the condition&#xA;namespace test-whrlgq-1 object pv-medium-statefulset-0-7 deletion error: timed out waiting for the condition&#xA;namespace test-whrlgq-1 object pv-medium-statefulset-0-25 deletion error: timed out waiting for the condition&#xA;namespace test-whrlgq-3 object pv-medium-statefulset-0-5 deletion error: timed out waiting for the condition&#xA;namespace test-whrlgq-3 object pv-medium-statefulset-0-14 deletion error: timed out waiting for the condition&#xA;namespace test-whrlgq-1 object pv-medium-statefulset-0-9 deletion error: timed out waiting for the condition&#xA;namespace test-whrlgq-3 object pv-medium-statefulset-0-37 deletion error: timed out waiting for the condition&#xA;namespace test-whrlgq-1 object pv-medium-statefulset-0-21 deletion error: timed out waiting for the condition&#xA;namespace test-whrlgq-2 object small-deployment-60 deletion error: Delete &#34;https://cplataks-cplatstudiowindo-854c9d-8uz6fs11.hcp.eastus2.azmk8s.io:443/apis/apps/v1/namespaces/test-whrlgq-2/deployments/small-deployment-60&#34;: http2: client connection lost&#xA;namespace test-whrlgq-4 object small-deployment-3 deletion error: Delete &#34;https://cplataks-cplatstudiowindo-854c9d-8uz6fs11.hcp.eastus2.azmk8s.io:443/apis/apps/v1/namespaces/test-whrlgq-4/deployments/small-deployment-3&#34;: http2: client connection lost&#xA;namespace test-whrlgq-3 object small-deployment-129 deletion error: Delete &#34;https://cplataks-cplatstudiowindo-854c9d-8uz6fs11.hcp.eastus2.azmk8s.io:443/apis/apps/v1/namespaces/test-whrlgq-3/deployments/small-deployment-129&#34;: http2: client connection lost&#xA;namespace test-whrlgq-1 object small-deployment-220 deletion error: Delete &#34;https://cplataks-cplatstudiowindo-854c9d-8uz6fs11.hcp.eastus2.azmk8s.io:443/apis/apps/v1/namespaces/test-whrlgq-1/deployments/small-deployment-220&#34;: http2: client connection lost&#xA;namespace test-whrlgq-2 object small-deployment-196 deletion error: Delete &#34;https://cplataks-cplatstudiowindo-854c9d-8uz6fs11.hcp.eastus2.azmk8s.io:443/apis/apps/v1/namespaces/test-whrlgq-2/deployments/small-deployment-196&#34;: http2: client connection lost&#xA;namespace test-whrlgq-1 object small-deployment-256 deletion error: Delete &#34;https://cplataks-cplatstudiowindo-854c9d-8uz6fs11.hcp.eastus2.azmk8s.io:443/apis/apps/v1/namespaces/test-whrlgq-1/deployments/small-deployment-256&#34;: http2: client connection lost&#xA;namespace test-whrlgq-2 object small-deployment-74 deletion error: Delete &#34;https://cplataks-cplatstudiowindo-854c9d-8uz6fs11.hcp.eastus2.azmk8s.io:443/apis/apps/v1/namespaces/test-whrlgq-2/deployments/small-deployment-74&#34;: http2: client connection lost&#xA;namespace test-whrlgq-3 object small-deployment-156 deletion error: Delete &#34;https://cplataks-cplatstudiowindo-854c9d-8uz6fs11.hcp.eastus2.azmk8s.io:443/apis/apps/v1/namespaces/test-whrlgq-3/deployments/small-deployment-156&#34;: http2: client connection lost&#xA;namespace test-whrlgq-1 object small-deployment-109 deletion error: Delete &#34;https://cplataks-cplatstudiowindo-854c9d-8uz6fs11.hcp.eastus2.azmk8s.io:443/apis/apps/v1/namespaces/test-whrlgq-1/deployments/small-deployment-109&#34;: http2: client connection lost&#xA;namespace test-whrlgq-4 object small-deployment-74 deletion error: Delete &#34;https://cplataks-cplatstudiowindo-854c9d-8uz6fs11.hcp.eastus2.azmk8s.io:443/apis/apps/v1/namespaces/test-whrlgq-4/deployments/small-deployment-74&#34;: http2: client connection lost&#xA;namespace test-whrlgq-4 object small-deployment-222 deletion error: Delete &#34;https://cplataks-cplatstudiowindo-854c9d-8uz6fs11.hcp.eastus2.azmk8s.io:443/apis/apps/v1/namespaces/test-whrlgq-4/deployments/small-deployment-222&#34;: http2: client connection lost&#xA;namespace test-whrlgq-1 object small-deployment-129 deletion error: Delete &#34;https://cplataks-cplatstudiowindo-854c9d-8uz6fs11.hcp.eastus2.azmk8s.io:443/apis/apps/v1/namespaces/test-whrlgq-1/deployments/small-deployment-129&#34;: http2: client connection lost&#xA;namespace test-whrlgq-1 object small-deployment-249 deletion error: Delete &#34;https://cplataks-cplatstudiowindo-854c9d-8uz6fs11.hcp.eastus2.azmk8s.io:443/apis/apps/v1/namespaces/test-whrlgq-1/deployments/small-deployment-249&#34;: http2: client connection lost&#xA;namespace test-whrlgq-4 object small-deployment-101 deletion error: Delete &#34;https://cplataks-cplatstudiowindo-854c9d-8uz6fs11.hcp.eastus2.azmk8s.io:443/apis/apps/v1/namespaces/test-whrlgq-4/deployments/small-deployment-101&#34;: http2: client connection lost&#xA;namespace test-whrlgq-1 object small-deployment-276 deletion error: Delete &#34;https://cplataks-cplatstudiowindo-854c9d-8uz6fs11.hcp.eastus2.azmk8s.io:443/apis/apps/v1/namespaces/test-whrlgq-1/deployments/small-deployment-276&#34;: http2: client connection lost&#xA;namespace test-whrlgq-4 object small-deployment-216 deletion error: Delete &#34;https://cplataks-cplatstudiowindo-854c9d-8uz6fs11.hcp.eastus2.azmk8s.io:443/apis/apps/v1/namespaces/test-whrlgq-4/deployments/small-deployment-216&#34;: http2: client connection lost&#xA;namespace test-whrlgq-3 object small-deployment-282 deletion error: Delete &#34;https://cplataks-cplatstudiowindo-854c9d-8uz6fs11.hcp.eastus2.azmk8s.io:443/apis/apps/v1/namespaces/test-whrlgq-3/deployments/small-deployment-282&#34;: http2: client connection lost&#xA;namespace test-whrlgq-3 object small-deployment-15 deletion error: Delete &#34;https://cplataks-cplatstudiowindo-854c9d-8uz6fs11.hcp.eastus2.azmk8s.io:443/apis/apps/v1/namespaces/test-whrlgq-3/deployments/small-deployment-15&#34;: http2: client connection lost&#xA;namespace test-whrlgq-1 object small-deployment-215 deletion error: Delete &#34;https://cplataks-cplatstudiowindo-854c9d-8uz6fs11.hcp.eastus2.azmk8s.io:443/apis/apps/v1/namespaces/test-whrlgq-1/deployments/small-deployment-215&#34;: http2: client connection lost&#xA;namespace test-whrlgq-3 object small-deployment-1 deletion error: Delete &#34;https://cplataks-cplatstudiowindo-854c9d-8uz6fs11.hcp.eastus2.azmk8s.io:443/apis/apps/v1/namespaces/test-whrlgq-3/deployments/small-deployment-1&#34;: http2: client connection lost&#xA;namespace test-whrlgq-1 object small-deployment-4 deletion error: Delete &#34;https://cplataks-cplatstudiowindo-854c9d-8uz6fs11.hcp.eastus2.azmk8s.io:443/apis/apps/v1/namespaces/test-whrlgq-1/deployments/small-deployment-4&#34;: http2: client connection lost&#xA;namespace test-whrlgq-2 object small-deployment-170 deletion error: Delete &#34;https://cplataks-cplatstudiowindo-854c9d-8uz6fs11.hcp.eastus2.azmk8s.io:443/apis/apps/v1/namespaces/test-whrlgq-2/deployments/small-deployment-170&#34;: http2: client connection lost&#xA;namespace test-whrlgq-3 object small-deployment-46 deletion error: Delete &#34;https://cplataks-cplatstudiowindo-854c9d-8uz6fs11.hcp.eastus2.azmk8s.io:443/apis/apps/v1/namespaces/test-whrlgq-3/deployments/small-deployment-46&#34;: http2: client connection lost&#xA;namespace test-whrlgq-2 object small-deployment-41 deletion error: Delete &#34;https://cplataks-cplatstudiowindo-854c9d-8uz6fs11.hcp.eastus2.azmk8s.io:443/apis/apps/v1/namespaces/test-whrlgq-2/deployments/small-deployment-41&#34;: http2: client connection lost&#xA;namespace test-whrlgq-3 object small-deployment-44 deletion error: Delete &#34;https://cplataks-cplatstudiowindo-854c9d-8uz6fs11.hcp.eastus2.azmk8s.io:443/apis/apps/v1/namespaces/test-whrlgq-3/deployments/small-deployment-44&#34;: http2: client connection lost&#xA;namespace test-whrlgq-4 object small-deployment-87 deletion error: Delete &#34;https://cplataks-cplatstudiowindo-854c9d-8uz6fs11.hcp.eastus2.azmk8s.io:443/apis/apps/v1/namespaces/test-whrlgq-4/deployments/small-deployment-87&#34;: http2: client connection lost&#xA;namespace test-whrlgq-2 object small-deployment-0 deletion error: Delete &#34;https://cplataks-cplatstudiowindo-854c9d-8uz6fs11.hcp.eastus2.azmk8s.io:443/apis/apps/v1/namespaces/test-whrlgq-2/deployments/small-deployment-0&#34;: http2: client connection lost&#xA;namespace test-whrlgq-1 object small-deployment-268 deletion error: Delete &#34;https://cplataks-cplatstudiowindo-854c9d-8uz6fs11.hcp.eastus2.azmk8s.io:443/apis/apps/v1/namespaces/test-whrlgq-1/deployments/small-deployment-268&#34;: http2: client connection lost&#xA;namespace test-whrlgq-2 object small-deployment-214 deletion error: Delete &#34;https://cplataks-cplatstudiowindo-854c9d-8uz6fs11.hcp.eastus2.azmk8s.io:443/apis/apps/v1/namespaces/test-whrlgq-2/deployments/small-deployment-214&#34;: http2: client connection lost&#xA;namespace test-whrlgq-1 object small-deployment-267 deletion error: Delete &#34;https://cplataks-cplatstudiowindo-854c9d-8uz6fs11.hcp.eastus2.azmk8s.io:443/apis/apps/v1/namespaces/test-whrlgq-1/deployments/small-deployment-267&#34;: http2: client connection lost&#xA;namespace test-whrlgq-4 object small-deployment-275 deletion error: Delete &#34;https://cplataks-cplatstudiowindo-854c9d-8uz6fs11.hcp.eastus2.azmk8s.io:443/apis/apps/v1/namespaces/test-whrlgq-4/deployments/small-deployment-275&#34;: http2: client connection lost&#xA;namespace test-whrlgq-4 object small-deployment-97 deletion error: Delete &#34;https://cplataks-cplatstudiowindo-854c9d-8uz6fs11.hcp.eastus2.azmk8s.io:443/apis/apps/v1/namespaces/test-whrlgq-4/deployments/small-deployment-97&#34;: http2: client connection lost&#xA;namespace test-whrlgq-4 object small-deployment-46 deletion error: Delete &#34;https://cplataks-cplatstudiowindo-854c9d-8uz6fs11.hcp.eastus2.azmk8s.io:443/apis/apps/v1/namespaces/test-whrlgq-4/deployments/small-deployment-46&#34;: http2: client connection lost&#xA;namespace test-whrlgq-2 object small-deployment-7 deletion error: Delete &#34;https://cplataks-cplatstudiowindo-854c9d-8uz6fs11.hcp.eastus2.azmk8s.io:443/apis/apps/v1/namespaces/test-whrlgq-2/deployments/small-deployment-7&#34;: http2: client connection lost&#xA;namespace test-whrlgq-1 object small-deployment-59 deletion error: Delete &#34;https://cplataks-cplatstudiowindo-854c9d-8uz6fs11.hcp.eastus2.azmk8s.io:443/apis/apps/v1/namespaces/test-whrlgq-1/deployments/small-deployment-59&#34;: http2: client connection lost&#xA;namespace test-whrlgq-4 object small-deployment-219 deletion error: Delete &#34;https://cplataks-cplatstudiowindo-854c9d-8uz6fs11.hcp.eastus2.azmk8s.io:443/apis/apps/v1/namespaces/test-whrlgq-4/deployments/small-deployment-219&#34;: http2: client connection lost&#xA;namespace test-whrlgq-4 object small-deployment-19 deletion error: Delete &#34;https://cplataks-cplatstudiowindo-854c9d-8uz6fs11.hcp.eastus2.azmk8s.io:443/apis/apps/v1/namespaces/test-whrlgq-4/deployments/small-deployment-19&#34;: http2: client connection lost&#xA;namespace test-whrlgq-1 object small-deployment-112 deletion error: Delete &#34;https://cplataks-cplatstudiowindo-854c9d-8uz6fs11.hcp.eastus2.azmk8s.io:443/apis/apps/v1/namespaces/test-whrlgq-1/deployments/small-deployment-112&#34;: http2: client connection lost&#xA;namespace test-whrlgq-1 object small-deployment-254 deletion error: Delete &#34;https://cplataks-cplatstudiowindo-854c9d-8uz6fs11.hcp.eastus2.azmk8s.io:443/apis/apps/v1/namespaces/test-whrlgq-1/deployments/small-deployment-254&#34;: http2: client connection lost&#xA;namespace test-whrlgq-2 object small-deployment-1 deletion error: timed out waiting for the condition&#xA;namespace test-whrlgq-4 object small-deployment-94 deletion error: timed out waiting for the condition&#xA;namespace test-whrlgq-4 object small-deployment-18 deletion error: timed out waiting for the condition&#xA;namespace test-whrlgq-3 object small-deployment-182 deletion error: timed out waiting for the condition&#xA;namespace test-whrlgq-3 object small-deployment-65 deletion error: timed out waiting for the condition&#xA;namespace test-whrlgq-1 object small-deployment-29 deletion error: timed out waiting for the condition&#xA;namespace test-whrlgq-2 object small-deployment-11 deletion error: timed out waiting for the condition&#xA;namespace test-whrlgq-2 object small-deployment-198 deletion error: timed out waiting for the condition&#xA;namespace test-whrlgq-4 object small-deployment-68 deletion error: timed out waiting for the condition&#xA;namespace test-whrlgq-2 object small-deployment-172 deletion error: timed out waiting for the condition&#xA;namespace test-whrlgq-4 object small-deployment-214 deletion error: timed out waiting for the condition&#xA;namespace test-whrlgq-4 object small-deployment-5 deletion error: timed out waiting for the condition&#xA;namespace test-whrlgq-4 object small-deployment-34 deletion error: timed out waiting for the condition&#xA;namespace test-whrlgq-1 object small-deployment-11 deletion error: timed out waiting for the condition&#xA;namespace test-whrlgq-1 object small-deployment-126 deletion error: timed out waiting for the condition&#xA;namespace test-whrlgq-4 object small-deployment-53 deletion error: timed out waiting for the condition&#xA;namespace test-whrlgq-4 object small-deployment-228 deletion error: timed out waiting for the condition&#xA;namespace test-whrlgq-3 object small-deployment-239 deletion error: timed out waiting for the condition&#xA;namespace test-whrlgq-1 object small-deployment-271 deletion error: timed out waiting for the condition&#xA;namespace test-whrlgq-1 object small-deployment-19 deletion error: timed out waiting for the condition&#xA;namespace test-whrlgq-3 object small-deployment-6 deletion error: timed out waiting for the condition&#xA;namespace test-whrlgq-3 object small-deployment-50 deletion error: timed out waiting for the condition&#xA;namespace test-whrlgq-4 object small-deployment-77 deletion error: timed out waiting for the condition&#xA;namespace test-whrlgq-1 object small-deployment-165 deletion error: timed out waiting for the condition&#xA;namespace test-whrlgq-2 object small-deployment-155 deletion error: timed out waiting for the condition&#xA;namespace test-whrlgq-1 object small-deployment-232 deletion error: timed out waiting for the condition&#xA;namespace test-whrlgq-2 object small-deployment-158 deletion error: timed out waiting for the condition&#xA;namespace test-whrlgq-4 object small-deployment-258 deletion error: timed out waiting for the condition&#xA;namespace test-whrlgq-3 object small-deployment-90 deletion error: timed out waiting for the condition&#xA;namespace test-whrlgq-2 object small-deployment-56 deletion error: timed out waiting for the condition&#xA;namespace test-whrlgq-2 object small-deployment-120 deletion error: timed out waiting for the condition&#xA;namespace test-whrlgq-1 object small-deployment-234 deletion error: timed out waiting for the condition&#xA;namespace test-whrlgq-4 object small-deployment-111 deletion error: timed out waiting for the condition&#xA;namespace test-whrlgq-2 object small-deployment-106 deletion error: timed out waiting for the condition&#xA;namespace test-whrlgq-4 object small-deployment-229 deletion error: timed out waiting for the condition&#xA;namespace test-whrlgq-2 object small-deployment-240 deletion error: timed out waiting for the condition&#xA;namespace test-whrlgq-1 object small-deployment-251 deletion error: timed out waiting for the condition&#xA;namespace test-whrlgq-1 object small-deployment-142 deletion error: timed out waiting for the condition&#xA;namespace test-whrlgq-4 object small-deployment-31 deletion error: timed out waiting for the condition&#xA;namespace test-whrlgq-3 object small-deployment-165 deletion error: timed out waiting for the condition&#xA;namespace test-whrlgq-4 object small-deployment-260 deletion error: timed out waiting for the condition&#xA;namespace test-whrlgq-2 object small-deployment-21 deletion error: timed out waiting for the condition&#xA;namespace test-whrlgq-1 object small-deployment-172 deletion error: timed out waiting for the condition&#xA;namespace test-whrlgq-2 object small-deployment-259 deletion error: timed out waiting for the condition&#xA;namespace test-whrlgq-2 object small-deployment-247 deletion error: timed out waiting for the condition&#xA;namespace test-whrlgq-2 object small-deployment-290 deletion error: timed out waiting for the condition]&#xA;:0</failure>
      </testcase>
      <testcase name="load: [step: 25] Waiting for &#39;delete objects&#39; to be completed [00] - " classname="ClusterLoaderV2" time="130.015848992"></testcase>
      <testcase name="load: [step: 25] Waiting for &#39;delete objects&#39; to be completed [01] - WaitForPVCsToBeDeleted" classname="ClusterLoaderV2" time="900.35777098">
          <failure type="Failure">:0&#xA;[measurement call WaitForBoundPVCs - WaitForPVCsToBeDeleted error: timeout while waiting for 0 PVCs to be running in namespace &#39;&#39; with labels &#39;group = load&#39; and fields &#39;&#39; - only 48 found bound]&#xA;:0</failure>
      </testcase>
      <testcase name="load: [step: 26] delete objects configmaps and secrets" classname="ClusterLoaderV2" time="129.270799557"></testcase>
      <testcase name="load: [step: 27] Deleting PriorityClass for DaemonSets" classname="ClusterLoaderV2" time="0.089448129"></testcase>
      <testcase name="load: [step: 28] Deleting k8s services" classname="ClusterLoaderV2" time="81.998426748"></testcase>
      <testcase name="load: [step: 29] gathering measurements [00] - APIResponsivenessPrometheus" classname="ClusterLoaderV2" time="0.278251271"></testcase>
      <testcase name="load: [step: 29] gathering measurements [01] - APIResponsivenessPrometheusSimple" classname="ClusterLoaderV2" time="0.278196295"></testcase>
      <testcase name="load: [step: 29] gathering measurements [02] - CreatePhasePodStartupLatency" classname="ClusterLoaderV2" time="41.688309222"></testcase>
      <testcase name="load: [step: 29] gathering measurements [03] - InClusterNetworkLatency" classname="ClusterLoaderV2" time="0.279387462"></testcase>
      <testcase name="load: [step: 29] gathering measurements [04] - SLOMeasurement" classname="ClusterLoaderV2" time="0.279583972"></testcase>
      <testcase name="load: [step: 29] gathering measurements [05] - NetworkProgrammingLatency" classname="ClusterLoaderV2" time="0.349886185"></testcase>
      <testcase name="load: [step: 29] gathering measurements [06] - Kube-proxy partial iptables restore failures" classname="ClusterLoaderV2" time="0.349856229"></testcase>
      <testcase name="load: [step: 29] gathering measurements [07] - TestMetrics" classname="ClusterLoaderV2" time="83.278610934">
          <failure type="Failure">:0&#xA;[measurement call TestMetrics - TestMetrics error: [action gather failed for SystemPodMetrics measurement: restart counts violation: RestartCount(ama-logs-rs-646684b546-zrp2b, ama-logs)=1, want &lt;= 0&#xA;action gather failed for ClusterOOMsTracker measurement: OOMs recorded: [{Node:aks-nodepool1-28855832-vmss000000 Process:mdsd ProcessMemory:1689720kB ProcessID:2253747 Time:2024-05-30 19:04:28 -0700 PDT} {Node:aks-nodepool1-28855832-vmss000000 Process:main.sh ProcessMemory:4748kB ProcessID:2253666 Time:2024-05-30 19:04:28 -0700 PDT} {Node:aks-nodepool1-28855832-vmss000000 Process:inotifywait ProcessMemory:2828kB ProcessID:2253687 Time:2024-05-30 19:04:28 -0700 PDT} {Node:aks-nodepool1-28855832-vmss000000 Process:crond ProcessMemory:4544kB ProcessID:2253739 Time:2024-05-30 19:04:28 -0700 PDT} {Node:aks-nodepool1-28855832-vmss000000 Process:mdsd ProcessMemory:1689720kB ProcessID:2253753 Time:2024-05-30 19:04:28 -0700 PDT} {Node:aks-nodepool1-28855832-vmss000000 Process:fluentd ProcessMemory:181588kB ProcessID:2254112 Time:2024-05-30 19:04:28 -0700 PDT} {Node:aks-nodepool1-28855832-vmss000000 Process:fluent-bit ProcessMemory:853548kB ProcessID:2254113 Time:2024-05-30 19:04:28 -0700 PDT} {Node:aks-nodepool1-28855832-vmss000000 Process:sleep ProcessMemory:3624kB ProcessID:2254174 Time:2024-05-30 19:04:28 -0700 PDT} {Node:aks-nodepool1-28855832-vmss000000 Process:ruby ProcessMemory:763048kB ProcessID:2254179 Time:2024-05-30 19:04:28 -0700 PDT}]]]&#xA;:0</failure>
      </testcase>
  </testsuite>