<?xml version="1.0" encoding="UTF-8"?>
  <testsuite name="ClusterLoaderV2" tests="0" failures="6" errors="0" time="5300.748">
      <testcase name="load overall (/home/oliviavuong/clusterloader2/cl2_linux/perf-tests/clusterloader2/olivias_test_files/load/test/load/config.yaml)" classname="ClusterLoaderV2" time="5300.713624139">
          <failure type="Failure">:0&#xA;[measurement call WaitForControlledPodsRunning - WaitForRunningDaemonSets error: 1 objects timed out: DaemonSets: test-52tuqz-1/daemonset-0&#xA;measurement call SchedulingThroughput - SchedulingThroughput error: scheduler throughput: actual throughput 35.000000 lower than threshold 100.000000&#xA;measurement call PodStartupLatency - PodStartupLatency error: pod startup: too high latency 50th percentile: got 6.395991105s expected: 5s&#xA;measurement call WaitForControlledPodsRunning - WaitForRunningDaemonSets error: 1 objects timed out: DaemonSets: test-52tuqz-1/daemonset-0&#xA;measurement call TestMetrics - TestMetrics error: [action gather failed for SystemPodMetrics measurement: restart counts violation: RestartCount(ama-logs-rs-646684b546-zrp2b, ama-logs)=3, want &lt;= 0&#xA;action gather failed for ClusterOOMsTracker measurement: OOMs recorded: [{Node:aks-nodepool1-28855832-vmss000000 Process:mdsd ProcessMemory:1651756kB ProcessID:51411 Time:2024-05-30 09:48:44 -0700 PDT} {Node:aks-nodepool1-28855832-vmss000000 Process:main.sh ProcessMemory:4740kB ProcessID:51074 Time:2024-05-30 09:48:44 -0700 PDT} {Node:aks-nodepool1-28855832-vmss000000 Process:inotifywait ProcessMemory:2828kB ProcessID:51193 Time:2024-05-30 09:48:44 -0700 PDT} {Node:aks-nodepool1-28855832-vmss000000 Process:crond ProcessMemory:4544kB ProcessID:51396 Time:2024-05-30 09:48:44 -0700 PDT} {Node:aks-nodepool1-28855832-vmss000000 Process:mdsd ProcessMemory:1651756kB ProcessID:51411 Time:2024-05-30 09:48:44 -0700 PDT} {Node:aks-nodepool1-28855832-vmss000000 Process:fluentd ProcessMemory:178864kB ProcessID:51854 Time:2024-05-30 09:48:44 -0700 PDT} {Node:aks-nodepool1-28855832-vmss000000 Process:fluent-bit ProcessMemory:853548kB ProcessID:51855 Time:2024-05-30 09:48:44 -0700 PDT} {Node:aks-nodepool1-28855832-vmss000000 Process:sleep ProcessMemory:3624kB ProcessID:52177 Time:2024-05-30 09:48:44 -0700 PDT} {Node:aks-nodepool1-28855832-vmss000000 Process:ruby ProcessMemory:816816kB ProcessID:52727 Time:2024-05-30 09:48:45 -0700 PDT} {Node:aks-nodepool1-28855832-vmss000000 Process:mdsd ProcessMemory:1606736kB ProcessID:1604416 Time:2024-05-30 09:56:30 -0700 PDT} {Node:aks-nodepool1-28855832-vmss000000 Process:main.sh ProcessMemory:4764kB ProcessID:1604298 Time:2024-05-30 09:56:30 -0700 PDT} {Node:aks-nodepool1-28855832-vmss000000 Process:inotifywait ProcessMemory:2828kB ProcessID:1604319 Time:2024-05-30 09:56:30 -0700 PDT} {Node:aks-nodepool1-28855832-vmss000000 Process:crond ProcessMemory:4544kB ProcessID:1604408 Time:2024-05-30 09:56:30 -0700 PDT} {Node:aks-nodepool1-28855832-vmss000000 Process:mdsd ProcessMemory:1606736kB ProcessID:1604416 Time:2024-05-30 09:56:30 -0700 PDT} {Node:aks-nodepool1-28855832-vmss000000 Process:fluentd ProcessMemory:180612kB ProcessID:1604780 Time:2024-05-30 09:56:30 -0700 PDT} {Node:aks-nodepool1-28855832-vmss000000 Process:fluent-bit ProcessMemory:853548kB ProcessID:1604781 Time:2024-05-30 09:56:30 -0700 PDT} {Node:aks-nodepool1-28855832-vmss000000 Process:sleep ProcessMemory:3624kB ProcessID:1604821 Time:2024-05-30 09:56:30 -0700 PDT} {Node:aks-nodepool1-28855832-vmss000000 Process:ruby ProcessMemory:825828kB ProcessID:1604826 Time:2024-05-30 09:56:30 -0700 PDT} {Node:aks-nodepool1-28855832-vmss000000 Process:fluent-bit ProcessMemory:853548kB ProcessID:1604791 Time:2024-05-30 09:56:30 -0700 PDT} {Node:aks-nodepool1-28855832-vmss000000 Process:mdsd ProcessMemory:1606736kB ProcessID:1604798 Time:2024-05-30 09:56:30 -0700 PDT} {Node:aks-nodepool1-28855832-vmss000000 Process:mdsd ProcessMemory:1549168kB ProcessID:1615392 Time:2024-05-30 09:56:30 -0700 PDT} {Node:aks-nodepool1-28855832-vmss000000 Process:main.sh ProcessMemory:4756kB ProcessID:1615291 Time:2024-05-30 09:56:30 -0700 PDT} {Node:aks-nodepool1-28855832-vmss000000 Process:inotifywait ProcessMemory:2828kB ProcessID:1615312 Time:2024-05-30 09:56:30 -0700 PDT} {Node:aks-nodepool1-28855832-vmss000000 Process:crond ProcessMemory:4548kB ProcessID:1615383 Time:2024-05-30 09:56:30 -0700 PDT} {Node:aks-nodepool1-28855832-vmss000000 Process:mdsd ProcessMemory:1549168kB ProcessID:1615392 Time:2024-05-30 09:56:30 -0700 PDT} {Node:aks-nodepool1-28855832-vmss000000 Process:fluentd ProcessMemory:178860kB ProcessID:1615639 Time:2024-05-30 09:56:30 -0700 PDT} {Node:aks-nodepool1-28855832-vmss000000 Process:fluent-bit ProcessMemory:853548kB ProcessID:1615640 Time:2024-05-30 09:56:30 -0700 PDT} {Node:aks-nodepool1-28855832-vmss000000 Process:sleep ProcessMemory:3624kB ProcessID:1615829 Time:2024-05-30 09:56:30 -0700 PDT}]]]&#xA;:0</failure>
      </testcase>
      <testcase name="load: [step: 01] starting measurements [00] - APIResponsivenessPrometheus" classname="ClusterLoaderV2" time="0.287314157"></testcase>
      <testcase name="load: [step: 01] starting measurements [01] - APIResponsivenessPrometheusSimple" classname="ClusterLoaderV2" time="0.288099853"></testcase>
      <testcase name="load: [step: 01] starting measurements [02] - CreatePhasePodStartupLatency" classname="ClusterLoaderV2" time="0.387945208"></testcase>
      <testcase name="load: [step: 01] starting measurements [03] - InClusterNetworkLatency" classname="ClusterLoaderV2" time="0.287210858"></testcase>
      <testcase name="load: [step: 01] starting measurements [04] - SLOMeasurement" classname="ClusterLoaderV2" time="0.286463047"></testcase>
      <testcase name="load: [step: 01] starting measurements [05] - NetworkProgrammingLatency" classname="ClusterLoaderV2" time="0.286573677"></testcase>
      <testcase name="load: [step: 01] starting measurements [06] - Kube-proxy partial iptables restore failures" classname="ClusterLoaderV2" time="0.28727702"></testcase>
      <testcase name="load: [step: 01] starting measurements [07] - TestMetrics" classname="ClusterLoaderV2" time="3.471493748"></testcase>
      <testcase name="load: [step: 02] Creating k8s services" classname="ClusterLoaderV2" time="66.404883173"></testcase>
      <testcase name="load: [step: 03] Creating PriorityClass for DaemonSets" classname="ClusterLoaderV2" time="0.084798814"></testcase>
      <testcase name="load: [step: 04] create objects configmaps and secrets" classname="ClusterLoaderV2" time="161.56962761"></testcase>
      <testcase name="load: [step: 05] Starting measurement for &#39;create objects&#39; [00] - " classname="ClusterLoaderV2" time="1.2655622389999999"></testcase>
      <testcase name="load: [step: 06] create objects" classname="ClusterLoaderV2" time="1499.907430583"></testcase>
      <testcase name="load: [step: 07] Waiting for &#39;create objects&#39; to be completed [00] - " classname="ClusterLoaderV2" time="112.955986053">
          <failure type="Failure">:0&#xA;[measurement call WaitForControlledPodsRunning - WaitForRunningDaemonSets error: 1 objects timed out: DaemonSets: test-52tuqz-1/daemonset-0]&#xA;:0</failure>
      </testcase>
      <testcase name="load: [step: 08] Creating scheduler throughput measurements [00] - HighThroughputPodStartupLatency" classname="ClusterLoaderV2" time="0.488327086"></testcase>
      <testcase name="load: [step: 08] Creating scheduler throughput measurements [01] - WaitForSchedulerThroughputDeployments" classname="ClusterLoaderV2" time="0.587988192"></testcase>
      <testcase name="load: [step: 08] Creating scheduler throughput measurements [02] - SchedulingThroughput" classname="ClusterLoaderV2" time="0.388935656"></testcase>
      <testcase name="load: [step: 09] create scheduler throughput pods" classname="ClusterLoaderV2" time="0.083229028"></testcase>
      <testcase name="load: [step: 10] Waiting for scheduler throughput pods to be created [00] - WaitForSchedulerThroughputDeployments" classname="ClusterLoaderV2" time="95.31511554"></testcase>
      <testcase name="load: [step: 11] Collecting scheduler throughput measurements [00] - HighThroughputPodStartupLatency" classname="ClusterLoaderV2" time="3.277532878"></testcase>
      <testcase name="load: [step: 11] Collecting scheduler throughput measurements [01] - SchedulingThroughput" classname="ClusterLoaderV2" time="0.269151289">
          <failure type="Failure">:0&#xA;[measurement call SchedulingThroughput - SchedulingThroughput error: scheduler throughput: actual throughput 35.000000 lower than threshold 100.000000]&#xA;:0</failure>
      </testcase>
      <testcase name="load: [step: 12] delete scheduler throughput pods" classname="ClusterLoaderV2" time="0.088962842"></testcase>
      <testcase name="load: [step: 13] Waiting for scheduler throughput pods to be deleted [00] - WaitForSchedulerThroughputDeployments" classname="ClusterLoaderV2" time="85.092692259"></testcase>
      <testcase name="load: [step: 14] Starting latency pod measurements [00] - PodStartupLatency" classname="ClusterLoaderV2" time="0.172522064"></testcase>
      <testcase name="load: [step: 14] Starting latency pod measurements [01] - WaitForRunningLatencyDeployments" classname="ClusterLoaderV2" time="0.172506176"></testcase>
      <testcase name="load: [step: 15] Creating latency pods" classname="ClusterLoaderV2" time="100.331787667"></testcase>
      <testcase name="load: [step: 16] Waiting for latency pods to be running [00] - WaitForRunningLatencyDeployments" classname="ClusterLoaderV2" time="29.883695594"></testcase>
      <testcase name="load: [step: 17] Deleting latency pods" classname="ClusterLoaderV2" time="49.983508411"></testcase>
      <testcase name="load: [step: 18] Waiting for latency pods to be deleted [00] - WaitForRunningLatencyDeployments" classname="ClusterLoaderV2" time="9.7059323"></testcase>
      <testcase name="load: [step: 19] Collecting pod startup latency [00] - PodStartupLatency" classname="ClusterLoaderV2" time="4.043163044">
          <failure type="Failure">:0&#xA;[measurement call PodStartupLatency - PodStartupLatency error: pod startup: too high latency 50th percentile: got 6.395991105s expected: 5s]&#xA;:0</failure>
      </testcase>
      <testcase name="load: [step: 20] Starting measurement for &#39;scale and update objects&#39; [00] - " classname="ClusterLoaderV2" time="0.085214671"></testcase>
      <testcase name="load: [step: 21] scale and update objects" classname="ClusterLoaderV2" time="374.982827646"></testcase>
      <testcase name="load: [step: 22] Waiting for &#39;scale and update objects&#39; to be completed [00] - " classname="ClusterLoaderV2" time="868.274737599">
          <failure type="Failure">:0&#xA;[measurement call WaitForControlledPodsRunning - WaitForRunningDaemonSets error: 1 objects timed out: DaemonSets: test-52tuqz-1/daemonset-0]&#xA;:0</failure>
      </testcase>
      <testcase name="load: [step: 23] Starting measurement for &#39;delete objects&#39; [00] - " classname="ClusterLoaderV2" time="0.312194101"></testcase>
      <testcase name="load: [step: 24] delete objects" classname="ClusterLoaderV2" time="1499.968349754"></testcase>
      <testcase name="load: [step: 25] Waiting for &#39;delete objects&#39; to be completed [00] - " classname="ClusterLoaderV2" time="5.422778601"></testcase>
      <testcase name="load: [step: 25] Waiting for &#39;delete objects&#39; to be completed [01] - WaitForPVCsToBeDeleted" classname="ClusterLoaderV2" time="5.438493257"></testcase>
      <testcase name="load: [step: 26] delete objects configmaps and secrets" classname="ClusterLoaderV2" time="161.569885761"></testcase>
      <testcase name="load: [step: 27] Deleting PriorityClass for DaemonSets" classname="ClusterLoaderV2" time="0.080063041"></testcase>
      <testcase name="load: [step: 28] Deleting k8s services" classname="ClusterLoaderV2" time="74.421059858"></testcase>
      <testcase name="load: [step: 29] gathering measurements [00] - APIResponsivenessPrometheus" classname="ClusterLoaderV2" time="0.26703083"></testcase>
      <testcase name="load: [step: 29] gathering measurements [01] - APIResponsivenessPrometheusSimple" classname="ClusterLoaderV2" time="0.267046808"></testcase>
      <testcase name="load: [step: 29] gathering measurements [02] - CreatePhasePodStartupLatency" classname="ClusterLoaderV2" time="2.469826997"></testcase>
      <testcase name="load: [step: 29] gathering measurements [03] - InClusterNetworkLatency" classname="ClusterLoaderV2" time="0.268225309"></testcase>
      <testcase name="load: [step: 29] gathering measurements [04] - SLOMeasurement" classname="ClusterLoaderV2" time="0.268360206"></testcase>
      <testcase name="load: [step: 29] gathering measurements [05] - NetworkProgrammingLatency" classname="ClusterLoaderV2" time="0.267078787"></testcase>
      <testcase name="load: [step: 29] gathering measurements [06] - Kube-proxy partial iptables restore failures" classname="ClusterLoaderV2" time="0.267071622"></testcase>
      <testcase name="load: [step: 29] gathering measurements [07] - TestMetrics" classname="ClusterLoaderV2" time="9.629015727">
          <failure type="Failure">:0&#xA;[measurement call TestMetrics - TestMetrics error: [action gather failed for SystemPodMetrics measurement: restart counts violation: RestartCount(ama-logs-rs-646684b546-zrp2b, ama-logs)=3, want &lt;= 0&#xA;action gather failed for ClusterOOMsTracker measurement: OOMs recorded: [{Node:aks-nodepool1-28855832-vmss000000 Process:mdsd ProcessMemory:1651756kB ProcessID:51411 Time:2024-05-30 09:48:44 -0700 PDT} {Node:aks-nodepool1-28855832-vmss000000 Process:main.sh ProcessMemory:4740kB ProcessID:51074 Time:2024-05-30 09:48:44 -0700 PDT} {Node:aks-nodepool1-28855832-vmss000000 Process:inotifywait ProcessMemory:2828kB ProcessID:51193 Time:2024-05-30 09:48:44 -0700 PDT} {Node:aks-nodepool1-28855832-vmss000000 Process:crond ProcessMemory:4544kB ProcessID:51396 Time:2024-05-30 09:48:44 -0700 PDT} {Node:aks-nodepool1-28855832-vmss000000 Process:mdsd ProcessMemory:1651756kB ProcessID:51411 Time:2024-05-30 09:48:44 -0700 PDT} {Node:aks-nodepool1-28855832-vmss000000 Process:fluentd ProcessMemory:178864kB ProcessID:51854 Time:2024-05-30 09:48:44 -0700 PDT} {Node:aks-nodepool1-28855832-vmss000000 Process:fluent-bit ProcessMemory:853548kB ProcessID:51855 Time:2024-05-30 09:48:44 -0700 PDT} {Node:aks-nodepool1-28855832-vmss000000 Process:sleep ProcessMemory:3624kB ProcessID:52177 Time:2024-05-30 09:48:44 -0700 PDT} {Node:aks-nodepool1-28855832-vmss000000 Process:ruby ProcessMemory:816816kB ProcessID:52727 Time:2024-05-30 09:48:45 -0700 PDT} {Node:aks-nodepool1-28855832-vmss000000 Process:mdsd ProcessMemory:1606736kB ProcessID:1604416 Time:2024-05-30 09:56:30 -0700 PDT} {Node:aks-nodepool1-28855832-vmss000000 Process:main.sh ProcessMemory:4764kB ProcessID:1604298 Time:2024-05-30 09:56:30 -0700 PDT} {Node:aks-nodepool1-28855832-vmss000000 Process:inotifywait ProcessMemory:2828kB ProcessID:1604319 Time:2024-05-30 09:56:30 -0700 PDT} {Node:aks-nodepool1-28855832-vmss000000 Process:crond ProcessMemory:4544kB ProcessID:1604408 Time:2024-05-30 09:56:30 -0700 PDT} {Node:aks-nodepool1-28855832-vmss000000 Process:mdsd ProcessMemory:1606736kB ProcessID:1604416 Time:2024-05-30 09:56:30 -0700 PDT} {Node:aks-nodepool1-28855832-vmss000000 Process:fluentd ProcessMemory:180612kB ProcessID:1604780 Time:2024-05-30 09:56:30 -0700 PDT} {Node:aks-nodepool1-28855832-vmss000000 Process:fluent-bit ProcessMemory:853548kB ProcessID:1604781 Time:2024-05-30 09:56:30 -0700 PDT} {Node:aks-nodepool1-28855832-vmss000000 Process:sleep ProcessMemory:3624kB ProcessID:1604821 Time:2024-05-30 09:56:30 -0700 PDT} {Node:aks-nodepool1-28855832-vmss000000 Process:ruby ProcessMemory:825828kB ProcessID:1604826 Time:2024-05-30 09:56:30 -0700 PDT} {Node:aks-nodepool1-28855832-vmss000000 Process:fluent-bit ProcessMemory:853548kB ProcessID:1604791 Time:2024-05-30 09:56:30 -0700 PDT} {Node:aks-nodepool1-28855832-vmss000000 Process:mdsd ProcessMemory:1606736kB ProcessID:1604798 Time:2024-05-30 09:56:30 -0700 PDT} {Node:aks-nodepool1-28855832-vmss000000 Process:mdsd ProcessMemory:1549168kB ProcessID:1615392 Time:2024-05-30 09:56:30 -0700 PDT} {Node:aks-nodepool1-28855832-vmss000000 Process:main.sh ProcessMemory:4756kB ProcessID:1615291 Time:2024-05-30 09:56:30 -0700 PDT} {Node:aks-nodepool1-28855832-vmss000000 Process:inotifywait ProcessMemory:2828kB ProcessID:1615312 Time:2024-05-30 09:56:30 -0700 PDT} {Node:aks-nodepool1-28855832-vmss000000 Process:crond ProcessMemory:4548kB ProcessID:1615383 Time:2024-05-30 09:56:30 -0700 PDT} {Node:aks-nodepool1-28855832-vmss000000 Process:mdsd ProcessMemory:1549168kB ProcessID:1615392 Time:2024-05-30 09:56:30 -0700 PDT} {Node:aks-nodepool1-28855832-vmss000000 Process:fluentd ProcessMemory:178860kB ProcessID:1615639 Time:2024-05-30 09:56:30 -0700 PDT} {Node:aks-nodepool1-28855832-vmss000000 Process:fluent-bit ProcessMemory:853548kB ProcessID:1615640 Time:2024-05-30 09:56:30 -0700 PDT} {Node:aks-nodepool1-28855832-vmss000000 Process:sleep ProcessMemory:3624kB ProcessID:1615829 Time:2024-05-30 09:56:30 -0700 PDT}]]]&#xA;:0</failure>
      </testcase>
  </testsuite>