<?xml version="1.0" encoding="UTF-8"?>
  <testsuite name="ClusterLoaderV2" tests="0" failures="2" errors="0" time="1208.456">
      <testcase name="density overall (/home/oliviavuong/clusterloader2/cl2_linux/perf-tests/clusterloader2/olivias_test_files/density/simple-density/config.yaml)" classname="ClusterLoaderV2" time="1208.449611517">
          <failure type="Failure">:0&#xA;[measurement call PodStartupLatency - PodStartupLatency error: pod startup: too high latency 90th percentile: got 5.015252718s expected: 5s]&#xA;:0</failure>
      </testcase>
      <testcase name="density: [step: 01] Starting saturation pod measurements [00] - SaturationPodStartupLatency" classname="ClusterLoaderV2" time="0.602361778"></testcase>
      <testcase name="density: [step: 01] Starting saturation pod measurements [01] - WaitForRunningSaturationDeployments" classname="ClusterLoaderV2" time="0.901545254"></testcase>
      <testcase name="density: [step: 01] Starting saturation pod measurements [02] - SchedulingThroughput" classname="ClusterLoaderV2" time="0.552553893"></testcase>
      <testcase name="density: [step: 02] Creating saturation pods" classname="ClusterLoaderV2" time="1.002105579"></testcase>
      <testcase name="density: [step: 03] Waiting for saturation pods to be running [00] - WaitForRunningSaturationDeployments" classname="ClusterLoaderV2" time="69.401646439"></testcase>
      <testcase name="density: [step: 04] Collecting saturation pod measurements [00] - SaturationPodStartupLatency" classname="ClusterLoaderV2" time="0.458112976"></testcase>
      <testcase name="density: [step: 04] Collecting saturation pod measurements [01] - SchedulingThroughput" classname="ClusterLoaderV2" time="0.077889694"></testcase>
      <testcase name="density: [step: 05] Starting latency pod measurements [00] - PodStartupLatency" classname="ClusterLoaderV2" time="0.180712617"></testcase>
      <testcase name="density: [step: 05] Starting latency pod measurements [01] - WaitForRunningLatencyDeployments" classname="ClusterLoaderV2" time="0.179561805"></testcase>
      <testcase name="density: [step: 06] Creating latency pods" classname="ClusterLoaderV2" time="500.349644914"></testcase>
      <testcase name="density: [step: 07] Waiting for latency pods to be running [00] - WaitForRunningLatencyDeployments" classname="ClusterLoaderV2" time="9.078904177"></testcase>
      <testcase name="density: [step: 08] Deleting latency pods" classname="ClusterLoaderV2" time="500.333484037"></testcase>
      <testcase name="density: [step: 09] Waiting for latency pods to be deleted [00] - WaitForRunningLatencyDeployments" classname="ClusterLoaderV2" time="5.445477035"></testcase>
      <testcase name="density: [step: 10] Collecting pod startup latency [00] - PodStartupLatency" classname="ClusterLoaderV2" time="0.593973905">
          <failure type="Failure">:0&#xA;[measurement call PodStartupLatency - PodStartupLatency error: pod startup: too high latency 90th percentile: got 5.015252718s expected: 5s]&#xA;:0</failure>
      </testcase>
      <testcase name="density: [step: 11] Deleting saturation pods" classname="ClusterLoaderV2" time="1.00236477"></testcase>
      <testcase name="density: [step: 12] Waiting for saturation pods to be deleted [00] - WaitForRunningSaturationDeployments" classname="ClusterLoaderV2" time="54.183670546"></testcase>
  </testsuite>